INFO - 2024-03-13 04:32:13 --> Session: Class initialized using 'CodeIgniter\Session\Handlers\FileHandler' driver.
INFO - 2024-03-13 04:36:48 --> Session: Class initialized using 'CodeIgniter\Session\Handlers\FileHandler' driver.
ERROR - 2024-03-13 05:44:48 --> mysqli_sql_exception: Unknown column 'project_name' in 'field list' in E:\xampp\htdocs\miTech\system\Database\MySQLi\Connection.php:306
Stack trace:
#0 E:\xampp\htdocs\miTech\system\Database\MySQLi\Connection.php(306): mysqli->query('INSERT INTO `tb...', 0)
#1 E:\xampp\htdocs\miTech\system\Database\BaseConnection.php(693): CodeIgniter\Database\MySQLi\Connection->execute('INSERT INTO `tb...')
#2 E:\xampp\htdocs\miTech\system\Database\BaseConnection.php(607): CodeIgniter\Database\BaseConnection->simpleQuery('INSERT INTO `tb...')
#3 E:\xampp\htdocs\miTech\system\Database\BaseBuilder.php(2307): CodeIgniter\Database\BaseConnection->query('INSERT INTO `tb...', Array, false)
#4 E:\xampp\htdocs\miTech\app\Models\Adminmodel.php(22): CodeIgniter\Database\BaseBuilder->insert(Array)
#5 E:\xampp\htdocs\miTech\app\Controllers\AdminController.php(76): App\Models\Adminmodel->insertDatatoproject(Array)
#6 E:\xampp\htdocs\miTech\system\CodeIgniter.php(941): App\Controllers\AdminController->project()
#7 E:\xampp\htdocs\miTech\system\CodeIgniter.php(502): CodeIgniter\CodeIgniter->runController(Object(App\Controllers\AdminController))
#8 E:\xampp\htdocs\miTech\system\CodeIgniter.php(361): CodeIgniter\CodeIgniter->handleRequest(NULL, Object(Config\Cache), false)
#9 E:\xampp\htdocs\miTech\index.php(79): CodeIgniter\CodeIgniter->run()
#10 {main}
CRITICAL - 2024-03-13 05:44:48 --> CodeIgniter\Database\Exceptions\DatabaseException: Unknown column 'project_name' in 'field list'
in SYSTEMPATH\Database\BaseConnection.php on line 647.
 1 SYSTEMPATH\Database\BaseBuilder.php(2307): CodeIgniter\Database\BaseConnection->query('INSERT INTO `tbl_project` (`project_name`, `client_name`, `client_email`, `client_mobile_no`, `technology`, `start_date`, `delivery_date`) VALUES (:project_name:, :client_name:, :client_email:, :client_mobile_no:, :technology:, :start_date:, :delivery_date:)', [...], false)
 2 APPPATH\Models\Adminmodel.php(22): CodeIgniter\Database\BaseBuilder->insert([...])
 3 APPPATH\Controllers\AdminController.php(76): App\Models\Adminmodel->insertDatatoproject([...])
 4 SYSTEMPATH\CodeIgniter.php(941): App\Controllers\AdminController->project()
 5 SYSTEMPATH\CodeIgniter.php(502): CodeIgniter\CodeIgniter->runController(Object(App\Controllers\AdminController))
 6 SYSTEMPATH\CodeIgniter.php(361): CodeIgniter\CodeIgniter->handleRequest(null, Object(Config\Cache), false)
 7 FCPATH\index.php(79): CodeIgniter\CodeIgniter->run()
CRITICAL - 2024-03-13 05:44:48 --> [Caused by] CodeIgniter\Database\Exceptions\DatabaseException: Unknown column 'project_name' in 'field list'
in SYSTEMPATH\Database\MySQLi\Connection.php on line 311.
 1 SYSTEMPATH\Database\BaseConnection.php(693): CodeIgniter\Database\MySQLi\Connection->execute('INSERT INTO `tbl_project` (`project_name`, `client_name`, `client_email`, `client_mobile_no`, `technology`, `start_date`, `delivery_date`) VALUES (\'Enatyam\', \'Rishi Raghavan\', \'rishiraghwan@gmail.com\', \'1212121212\', \'PHP\', \'2023-11-01\', \'2024-03-13\')')
 2 SYSTEMPATH\Database\BaseConnection.php(607): CodeIgniter\Database\BaseConnection->simpleQuery('INSERT INTO `tbl_project` (`project_name`, `client_name`, `client_email`, `client_mobile_no`, `technology`, `start_date`, `delivery_date`) VALUES (\'Enatyam\', \'Rishi Raghavan\', \'rishiraghwan@gmail.com\', \'1212121212\', \'PHP\', \'2023-11-01\', \'2024-03-13\')')
 3 SYSTEMPATH\Database\BaseBuilder.php(2307): CodeIgniter\Database\BaseConnection->query('INSERT INTO `tbl_project` (`project_name`, `client_name`, `client_email`, `client_mobile_no`, `technology`, `start_date`, `delivery_date`) VALUES (:project_name:, :client_name:, :client_email:, :client_mobile_no:, :technology:, :start_date:, :delivery_date:)', [...], false)
 4 APPPATH\Models\Adminmodel.php(22): CodeIgniter\Database\BaseBuilder->insert([...])
 5 APPPATH\Controllers\AdminController.php(76): App\Models\Adminmodel->insertDatatoproject([...])
 6 SYSTEMPATH\CodeIgniter.php(941): App\Controllers\AdminController->project()
 7 SYSTEMPATH\CodeIgniter.php(502): CodeIgniter\CodeIgniter->runController(Object(App\Controllers\AdminController))
 8 SYSTEMPATH\CodeIgniter.php(361): CodeIgniter\CodeIgniter->handleRequest(null, Object(Config\Cache), false)
 9 FCPATH\index.php(79): CodeIgniter\CodeIgniter->run()
CRITICAL - 2024-03-13 05:44:48 --> [Caused by] mysqli_sql_exception: Unknown column 'project_name' in 'field list'
in SYSTEMPATH\Database\MySQLi\Connection.php on line 306.
 1 SYSTEMPATH\Database\MySQLi\Connection.php(306): mysqli->query('INSERT INTO `tbl_project` (`project_name`, `client_name`, `client_email`, `client_mobile_no`, `technology`, `start_date`, `delivery_date`) VALUES (\'Enatyam\', \'Rishi Raghavan\', \'rishiraghwan@gmail.com\', \'1212121212\', \'PHP\', \'2023-11-01\', \'2024-03-13\')', 0)
 2 SYSTEMPATH\Database\BaseConnection.php(693): CodeIgniter\Database\MySQLi\Connection->execute('INSERT INTO `tbl_project` (`project_name`, `client_name`, `client_email`, `client_mobile_no`, `technology`, `start_date`, `delivery_date`) VALUES (\'Enatyam\', \'Rishi Raghavan\', \'rishiraghwan@gmail.com\', \'1212121212\', \'PHP\', \'2023-11-01\', \'2024-03-13\')')
 3 SYSTEMPATH\Database\BaseConnection.php(607): CodeIgniter\Database\BaseConnection->simpleQuery('INSERT INTO `tbl_project` (`project_name`, `client_name`, `client_email`, `client_mobile_no`, `technology`, `start_date`, `delivery_date`) VALUES (\'Enatyam\', \'Rishi Raghavan\', \'rishiraghwan@gmail.com\', \'1212121212\', \'PHP\', \'2023-11-01\', \'2024-03-13\')')
 4 SYSTEMPATH\Database\BaseBuilder.php(2307): CodeIgniter\Database\BaseConnection->query('INSERT INTO `tbl_project` (`project_name`, `client_name`, `client_email`, `client_mobile_no`, `technology`, `start_date`, `delivery_date`) VALUES (:project_name:, :client_name:, :client_email:, :client_mobile_no:, :technology:, :start_date:, :delivery_date:)', [...], false)
 5 APPPATH\Models\Adminmodel.php(22): CodeIgniter\Database\BaseBuilder->insert([...])
 6 APPPATH\Controllers\AdminController.php(76): App\Models\Adminmodel->insertDatatoproject([...])
 7 SYSTEMPATH\CodeIgniter.php(941): App\Controllers\AdminController->project()
 8 SYSTEMPATH\CodeIgniter.php(502): CodeIgniter\CodeIgniter->runController(Object(App\Controllers\AdminController))
 9 SYSTEMPATH\CodeIgniter.php(361): CodeIgniter\CodeIgniter->handleRequest(null, Object(Config\Cache), false)
10 FCPATH\index.php(79): CodeIgniter\CodeIgniter->run()
ERROR - 2024-03-13 06:42:52 --> mysqli_sql_exception: Unknown column 'project_name' in 'field list' in E:\xampp\htdocs\miTech\system\Database\MySQLi\Connection.php:306
Stack trace:
#0 E:\xampp\htdocs\miTech\system\Database\MySQLi\Connection.php(306): mysqli->query('INSERT INTO `tb...', 0)
#1 E:\xampp\htdocs\miTech\system\Database\BaseConnection.php(693): CodeIgniter\Database\MySQLi\Connection->execute('INSERT INTO `tb...')
#2 E:\xampp\htdocs\miTech\system\Database\BaseConnection.php(607): CodeIgniter\Database\BaseConnection->simpleQuery('INSERT INTO `tb...')
#3 E:\xampp\htdocs\miTech\system\Database\BaseBuilder.php(2307): CodeIgniter\Database\BaseConnection->query('INSERT INTO `tb...', Array, false)
#4 E:\xampp\htdocs\miTech\app\Models\Adminmodel.php(22): CodeIgniter\Database\BaseBuilder->insert(Array)
#5 E:\xampp\htdocs\miTech\app\Controllers\AdminController.php(76): App\Models\Adminmodel->insertDatatoproject(Array)
#6 E:\xampp\htdocs\miTech\system\CodeIgniter.php(941): App\Controllers\AdminController->project()
#7 E:\xampp\htdocs\miTech\system\CodeIgniter.php(502): CodeIgniter\CodeIgniter->runController(Object(App\Controllers\AdminController))
#8 E:\xampp\htdocs\miTech\system\CodeIgniter.php(361): CodeIgniter\CodeIgniter->handleRequest(NULL, Object(Config\Cache), false)
#9 E:\xampp\htdocs\miTech\index.php(79): CodeIgniter\CodeIgniter->run()
#10 {main}
CRITICAL - 2024-03-13 06:42:52 --> CodeIgniter\Database\Exceptions\DatabaseException: Unknown column 'project_name' in 'field list'
in SYSTEMPATH\Database\BaseConnection.php on line 647.
 1 SYSTEMPATH\Database\BaseBuilder.php(2307): CodeIgniter\Database\BaseConnection->query('INSERT INTO `tbl_project` (`project_name`, `client_name`, `client_email`, `client_mobile_no`, `technology`, `start_date`, `delivery_date`) VALUES (:project_name:, :client_name:, :client_email:, :client_mobile_no:, :technology:, :start_date:, :delivery_date:)', [...], false)
 2 APPPATH\Models\Adminmodel.php(22): CodeIgniter\Database\BaseBuilder->insert([...])
 3 APPPATH\Controllers\AdminController.php(76): App\Models\Adminmodel->insertDatatoproject([...])
 4 SYSTEMPATH\CodeIgniter.php(941): App\Controllers\AdminController->project()
 5 SYSTEMPATH\CodeIgniter.php(502): CodeIgniter\CodeIgniter->runController(Object(App\Controllers\AdminController))
 6 SYSTEMPATH\CodeIgniter.php(361): CodeIgniter\CodeIgniter->handleRequest(null, Object(Config\Cache), false)
 7 FCPATH\index.php(79): CodeIgniter\CodeIgniter->run()
CRITICAL - 2024-03-13 06:42:52 --> [Caused by] CodeIgniter\Database\Exceptions\DatabaseException: Unknown column 'project_name' in 'field list'
in SYSTEMPATH\Database\MySQLi\Connection.php on line 311.
 1 SYSTEMPATH\Database\BaseConnection.php(693): CodeIgniter\Database\MySQLi\Connection->execute('INSERT INTO `tbl_project` (`project_name`, `client_name`, `client_email`, `client_mobile_no`, `technology`, `start_date`, `delivery_date`) VALUES (\'Enatyam\', \'Rishi Raghavan\', \'rishiraghwan@gmail.com\', \'1212121212\', \'PHP\', \'2023-11-01\', \'2024-03-13\')')
 2 SYSTEMPATH\Database\BaseConnection.php(607): CodeIgniter\Database\BaseConnection->simpleQuery('INSERT INTO `tbl_project` (`project_name`, `client_name`, `client_email`, `client_mobile_no`, `technology`, `start_date`, `delivery_date`) VALUES (\'Enatyam\', \'Rishi Raghavan\', \'rishiraghwan@gmail.com\', \'1212121212\', \'PHP\', \'2023-11-01\', \'2024-03-13\')')
 3 SYSTEMPATH\Database\BaseBuilder.php(2307): CodeIgniter\Database\BaseConnection->query('INSERT INTO `tbl_project` (`project_name`, `client_name`, `client_email`, `client_mobile_no`, `technology`, `start_date`, `delivery_date`) VALUES (:project_name:, :client_name:, :client_email:, :client_mobile_no:, :technology:, :start_date:, :delivery_date:)', [...], false)
 4 APPPATH\Models\Adminmodel.php(22): CodeIgniter\Database\BaseBuilder->insert([...])
 5 APPPATH\Controllers\AdminController.php(76): App\Models\Adminmodel->insertDatatoproject([...])
 6 SYSTEMPATH\CodeIgniter.php(941): App\Controllers\AdminController->project()
 7 SYSTEMPATH\CodeIgniter.php(502): CodeIgniter\CodeIgniter->runController(Object(App\Controllers\AdminController))
 8 SYSTEMPATH\CodeIgniter.php(361): CodeIgniter\CodeIgniter->handleRequest(null, Object(Config\Cache), false)
 9 FCPATH\index.php(79): CodeIgniter\CodeIgniter->run()
CRITICAL - 2024-03-13 06:42:52 --> [Caused by] mysqli_sql_exception: Unknown column 'project_name' in 'field list'
in SYSTEMPATH\Database\MySQLi\Connection.php on line 306.
 1 SYSTEMPATH\Database\MySQLi\Connection.php(306): mysqli->query('INSERT INTO `tbl_project` (`project_name`, `client_name`, `client_email`, `client_mobile_no`, `technology`, `start_date`, `delivery_date`) VALUES (\'Enatyam\', \'Rishi Raghavan\', \'rishiraghwan@gmail.com\', \'1212121212\', \'PHP\', \'2023-11-01\', \'2024-03-13\')', 0)
 2 SYSTEMPATH\Database\BaseConnection.php(693): CodeIgniter\Database\MySQLi\Connection->execute('INSERT INTO `tbl_project` (`project_name`, `client_name`, `client_email`, `client_mobile_no`, `technology`, `start_date`, `delivery_date`) VALUES (\'Enatyam\', \'Rishi Raghavan\', \'rishiraghwan@gmail.com\', \'1212121212\', \'PHP\', \'2023-11-01\', \'2024-03-13\')')
 3 SYSTEMPATH\Database\BaseConnection.php(607): CodeIgniter\Database\BaseConnection->simpleQuery('INSERT INTO `tbl_project` (`project_name`, `client_name`, `client_email`, `client_mobile_no`, `technology`, `start_date`, `delivery_date`) VALUES (\'Enatyam\', \'Rishi Raghavan\', \'rishiraghwan@gmail.com\', \'1212121212\', \'PHP\', \'2023-11-01\', \'2024-03-13\')')
 4 SYSTEMPATH\Database\BaseBuilder.php(2307): CodeIgniter\Database\BaseConnection->query('INSERT INTO `tbl_project` (`project_name`, `client_name`, `client_email`, `client_mobile_no`, `technology`, `start_date`, `delivery_date`) VALUES (:project_name:, :client_name:, :client_email:, :client_mobile_no:, :technology:, :start_date:, :delivery_date:)', [...], false)
 5 APPPATH\Models\Adminmodel.php(22): CodeIgniter\Database\BaseBuilder->insert([...])
 6 APPPATH\Controllers\AdminController.php(76): App\Models\Adminmodel->insertDatatoproject([...])
 7 SYSTEMPATH\CodeIgniter.php(941): App\Controllers\AdminController->project()
 8 SYSTEMPATH\CodeIgniter.php(502): CodeIgniter\CodeIgniter->runController(Object(App\Controllers\AdminController))
 9 SYSTEMPATH\CodeIgniter.php(361): CodeIgniter\CodeIgniter->handleRequest(null, Object(Config\Cache), false)
10 FCPATH\index.php(79): CodeIgniter\CodeIgniter->run()
ERROR - 2024-03-13 07:15:03 --> mysqli_sql_exception: Unknown column 'project_name' in 'field list' in E:\xampp\htdocs\miTech\system\Database\MySQLi\Connection.php:306
Stack trace:
#0 E:\xampp\htdocs\miTech\system\Database\MySQLi\Connection.php(306): mysqli->query('INSERT INTO `tb...', 0)
#1 E:\xampp\htdocs\miTech\system\Database\BaseConnection.php(693): CodeIgniter\Database\MySQLi\Connection->execute('INSERT INTO `tb...')
#2 E:\xampp\htdocs\miTech\system\Database\BaseConnection.php(607): CodeIgniter\Database\BaseConnection->simpleQuery('INSERT INTO `tb...')
#3 E:\xampp\htdocs\miTech\system\Database\BaseBuilder.php(2307): CodeIgniter\Database\BaseConnection->query('INSERT INTO `tb...', Array, false)
#4 E:\xampp\htdocs\miTech\app\Models\Adminmodel.php(22): CodeIgniter\Database\BaseBuilder->insert(Array)
#5 E:\xampp\htdocs\miTech\app\Controllers\AdminController.php(80): App\Models\Adminmodel->insertDatatoproject(Array)
#6 E:\xampp\htdocs\miTech\system\CodeIgniter.php(941): App\Controllers\AdminController->project()
#7 E:\xampp\htdocs\miTech\system\CodeIgniter.php(502): CodeIgniter\CodeIgniter->runController(Object(App\Controllers\AdminController))
#8 E:\xampp\htdocs\miTech\system\CodeIgniter.php(361): CodeIgniter\CodeIgniter->handleRequest(NULL, Object(Config\Cache), false)
#9 E:\xampp\htdocs\miTech\index.php(79): CodeIgniter\CodeIgniter->run()
#10 {main}
CRITICAL - 2024-03-13 07:15:03 --> CodeIgniter\Database\Exceptions\DatabaseException: Unknown column 'project_name' in 'field list'
in SYSTEMPATH\Database\BaseConnection.php on line 647.
 1 SYSTEMPATH\Database\BaseBuilder.php(2307): CodeIgniter\Database\BaseConnection->query('INSERT INTO `tbl_project` (`project_name`, `client_name`, `client_email`, `client_mobile_no`, `technology`, `start_date`, `delivery_date`, `TargetedUAT_Date`, `POC_name`, `POC_email`, `POC_mobile_no`) VALUES (:project_name:, :client_name:, :client_email:, :client_mobile_no:, :technology:, :start_date:, :delivery_date:, :TargetedUAT_Date:, :POC_name:, :POC_email:, :POC_mobile_no:)', [...], false)
 2 APPPATH\Models\Adminmodel.php(22): CodeIgniter\Database\BaseBuilder->insert([...])
 3 APPPATH\Controllers\AdminController.php(80): App\Models\Adminmodel->insertDatatoproject([...])
 4 SYSTEMPATH\CodeIgniter.php(941): App\Controllers\AdminController->project()
 5 SYSTEMPATH\CodeIgniter.php(502): CodeIgniter\CodeIgniter->runController(Object(App\Controllers\AdminController))
 6 SYSTEMPATH\CodeIgniter.php(361): CodeIgniter\CodeIgniter->handleRequest(null, Object(Config\Cache), false)
 7 FCPATH\index.php(79): CodeIgniter\CodeIgniter->run()
CRITICAL - 2024-03-13 07:15:03 --> [Caused by] CodeIgniter\Database\Exceptions\DatabaseException: Unknown column 'project_name' in 'field list'
in SYSTEMPATH\Database\MySQLi\Connection.php on line 311.
 1 SYSTEMPATH\Database\BaseConnection.php(693): CodeIgniter\Database\MySQLi\Connection->execute('INSERT INTO `tbl_project` (`project_name`, `client_name`, `client_email`, `client_mobile_no`, `technology`, `start_date`, `delivery_date`, `TargetedUAT_Date`, `POC_name`, `POC_email`, `POC_mobile_no`) VALUES (\'Enatyam\', \'Rishi Raghavan\', \'rishiraghwan@gmail.com\', \'1212121212\', \'PHP\', \'2023-11-13\', \'2024-03-13\', \'2024-03-01\', \'Rishi Raghavan\', \'rishiraghwan@gmail.com\', \'1212121212\')')
 2 SYSTEMPATH\Database\BaseConnection.php(607): CodeIgniter\Database\BaseConnection->simpleQuery('INSERT INTO `tbl_project` (`project_name`, `client_name`, `client_email`, `client_mobile_no`, `technology`, `start_date`, `delivery_date`, `TargetedUAT_Date`, `POC_name`, `POC_email`, `POC_mobile_no`) VALUES (\'Enatyam\', \'Rishi Raghavan\', \'rishiraghwan@gmail.com\', \'1212121212\', \'PHP\', \'2023-11-13\', \'2024-03-13\', \'2024-03-01\', \'Rishi Raghavan\', \'rishiraghwan@gmail.com\', \'1212121212\')')
 3 SYSTEMPATH\Database\BaseBuilder.php(2307): CodeIgniter\Database\BaseConnection->query('INSERT INTO `tbl_project` (`project_name`, `client_name`, `client_email`, `client_mobile_no`, `technology`, `start_date`, `delivery_date`, `TargetedUAT_Date`, `POC_name`, `POC_email`, `POC_mobile_no`) VALUES (:project_name:, :client_name:, :client_email:, :client_mobile_no:, :technology:, :start_date:, :delivery_date:, :TargetedUAT_Date:, :POC_name:, :POC_email:, :POC_mobile_no:)', [...], false)
 4 APPPATH\Models\Adminmodel.php(22): CodeIgniter\Database\BaseBuilder->insert([...])
 5 APPPATH\Controllers\AdminController.php(80): App\Models\Adminmodel->insertDatatoproject([...])
 6 SYSTEMPATH\CodeIgniter.php(941): App\Controllers\AdminController->project()
 7 SYSTEMPATH\CodeIgniter.php(502): CodeIgniter\CodeIgniter->runController(Object(App\Controllers\AdminController))
 8 SYSTEMPATH\CodeIgniter.php(361): CodeIgniter\CodeIgniter->handleRequest(null, Object(Config\Cache), false)
 9 FCPATH\index.php(79): CodeIgniter\CodeIgniter->run()
CRITICAL - 2024-03-13 07:15:03 --> [Caused by] mysqli_sql_exception: Unknown column 'project_name' in 'field list'
in SYSTEMPATH\Database\MySQLi\Connection.php on line 306.
 1 SYSTEMPATH\Database\MySQLi\Connection.php(306): mysqli->query('INSERT INTO `tbl_project` (`project_name`, `client_name`, `client_email`, `client_mobile_no`, `technology`, `start_date`, `delivery_date`, `TargetedUAT_Date`, `POC_name`, `POC_email`, `POC_mobile_no`) VALUES (\'Enatyam\', \'Rishi Raghavan\', \'rishiraghwan@gmail.com\', \'1212121212\', \'PHP\', \'2023-11-13\', \'2024-03-13\', \'2024-03-01\', \'Rishi Raghavan\', \'rishiraghwan@gmail.com\', \'1212121212\')', 0)
 2 SYSTEMPATH\Database\BaseConnection.php(693): CodeIgniter\Database\MySQLi\Connection->execute('INSERT INTO `tbl_project` (`project_name`, `client_name`, `client_email`, `client_mobile_no`, `technology`, `start_date`, `delivery_date`, `TargetedUAT_Date`, `POC_name`, `POC_email`, `POC_mobile_no`) VALUES (\'Enatyam\', \'Rishi Raghavan\', \'rishiraghwan@gmail.com\', \'1212121212\', \'PHP\', \'2023-11-13\', \'2024-03-13\', \'2024-03-01\', \'Rishi Raghavan\', \'rishiraghwan@gmail.com\', \'1212121212\')')
 3 SYSTEMPATH\Database\BaseConnection.php(607): CodeIgniter\Database\BaseConnection->simpleQuery('INSERT INTO `tbl_project` (`project_name`, `client_name`, `client_email`, `client_mobile_no`, `technology`, `start_date`, `delivery_date`, `TargetedUAT_Date`, `POC_name`, `POC_email`, `POC_mobile_no`) VALUES (\'Enatyam\', \'Rishi Raghavan\', \'rishiraghwan@gmail.com\', \'1212121212\', \'PHP\', \'2023-11-13\', \'2024-03-13\', \'2024-03-01\', \'Rishi Raghavan\', \'rishiraghwan@gmail.com\', \'1212121212\')')
 4 SYSTEMPATH\Database\BaseBuilder.php(2307): CodeIgniter\Database\BaseConnection->query('INSERT INTO `tbl_project` (`project_name`, `client_name`, `client_email`, `client_mobile_no`, `technology`, `start_date`, `delivery_date`, `TargetedUAT_Date`, `POC_name`, `POC_email`, `POC_mobile_no`) VALUES (:project_name:, :client_name:, :client_email:, :client_mobile_no:, :technology:, :start_date:, :delivery_date:, :TargetedUAT_Date:, :POC_name:, :POC_email:, :POC_mobile_no:)', [...], false)
 5 APPPATH\Models\Adminmodel.php(22): CodeIgniter\Database\BaseBuilder->insert([...])
 6 APPPATH\Controllers\AdminController.php(80): App\Models\Adminmodel->insertDatatoproject([...])
 7 SYSTEMPATH\CodeIgniter.php(941): App\Controllers\AdminController->project()
 8 SYSTEMPATH\CodeIgniter.php(502): CodeIgniter\CodeIgniter->runController(Object(App\Controllers\AdminController))
 9 SYSTEMPATH\CodeIgniter.php(361): CodeIgniter\CodeIgniter->handleRequest(null, Object(Config\Cache), false)
10 FCPATH\index.php(79): CodeIgniter\CodeIgniter->run()
CRITICAL - 2024-03-13 09:12:11 --> Error: Call to undefined method App\Controllers\AdminController::respond()
in APPPATH\Controllers\AdminController.php on line 166.
 1 SYSTEMPATH\CodeIgniter.php(941): App\Controllers\AdminController->fetchProjects()
 2 SYSTEMPATH\CodeIgniter.php(502): CodeIgniter\CodeIgniter->runController(Object(App\Controllers\AdminController))
 3 SYSTEMPATH\CodeIgniter.php(361): CodeIgniter\CodeIgniter->handleRequest(null, Object(Config\Cache), false)
 4 FCPATH\index.php(79): CodeIgniter\CodeIgniter->run()
CRITICAL - 2024-03-13 09:13:03 --> Error: Call to undefined method App\Controllers\AdminController::respond()
in APPPATH\Controllers\AdminController.php on line 166.
 1 SYSTEMPATH\CodeIgniter.php(941): App\Controllers\AdminController->fetchProjects()
 2 SYSTEMPATH\CodeIgniter.php(502): CodeIgniter\CodeIgniter->runController(Object(App\Controllers\AdminController))
 3 SYSTEMPATH\CodeIgniter.php(361): CodeIgniter\CodeIgniter->handleRequest(null, Object(Config\Cache), false)
 4 FCPATH\index.php(79): CodeIgniter\CodeIgniter->run()
CRITICAL - 2024-03-13 09:13:24 --> Error: Call to undefined method App\Controllers\AdminController::respond()
in APPPATH\Controllers\AdminController.php on line 166.
 1 SYSTEMPATH\CodeIgniter.php(941): App\Controllers\AdminController->fetchProjects()
 2 SYSTEMPATH\CodeIgniter.php(502): CodeIgniter\CodeIgniter->runController(Object(App\Controllers\AdminController))
 3 SYSTEMPATH\CodeIgniter.php(361): CodeIgniter\CodeIgniter->handleRequest(null, Object(Config\Cache), false)
 4 FCPATH\index.php(79): CodeIgniter\CodeIgniter->run()
INFO - 2024-03-13 11:10:36 --> Session: Class initialized using 'CodeIgniter\Session\Handlers\FileHandler' driver.
INFO - 2024-03-13 11:16:05 --> Session: Class initialized using 'CodeIgniter\Session\Handlers\FileHandler' driver.
INFO - 2024-03-13 11:16:18 --> Session: Class initialized using 'CodeIgniter\Session\Handlers\FileHandler' driver.
INFO - 2024-03-13 11:16:42 --> Session: Class initialized using 'CodeIgniter\Session\Handlers\FileHandler' driver.
INFO - 2024-03-13 11:17:44 --> Session: Class initialized using 'CodeIgniter\Session\Handlers\FileHandler' driver.
INFO - 2024-03-13 11:17:47 --> Session: Class initialized using 'CodeIgniter\Session\Handlers\FileHandler' driver.
INFO - 2024-03-13 11:17:50 --> Session: Class initialized using 'CodeIgniter\Session\Handlers\FileHandler' driver.
INFO - 2024-03-13 11:17:51 --> Session: Class initialized using 'CodeIgniter\Session\Handlers\FileHandler' driver.
INFO - 2024-03-13 11:17:52 --> Session: Class initialized using 'CodeIgniter\Session\Handlers\FileHandler' driver.
INFO - 2024-03-13 11:17:53 --> Session: Class initialized using 'CodeIgniter\Session\Handlers\FileHandler' driver.
INFO - 2024-03-13 11:19:04 --> Session: Class initialized using 'CodeIgniter\Session\Handlers\FileHandler' driver.
INFO - 2024-03-13 11:19:06 --> Session: Class initialized using 'CodeIgniter\Session\Handlers\FileHandler' driver.
INFO - 2024-03-13 11:19:07 --> Session: Class initialized using 'CodeIgniter\Session\Handlers\FileHandler' driver.
INFO - 2024-03-13 11:19:07 --> Session: Class initialized using 'CodeIgniter\Session\Handlers\FileHandler' driver.
INFO - 2024-03-13 11:19:08 --> Session: Class initialized using 'CodeIgniter\Session\Handlers\FileHandler' driver.
INFO - 2024-03-13 11:19:13 --> Session: Class initialized using 'CodeIgniter\Session\Handlers\FileHandler' driver.
INFO - 2024-03-13 11:19:20 --> Session: Class initialized using 'CodeIgniter\Session\Handlers\FileHandler' driver.
INFO - 2024-03-13 11:19:28 --> Session: Class initialized using 'CodeIgniter\Session\Handlers\FileHandler' driver.
INFO - 2024-03-13 11:31:22 --> Session: Class initialized using 'CodeIgniter\Session\Handlers\FileHandler' driver.
INFO - 2024-03-13 11:32:10 --> Session: Class initialized using 'CodeIgniter\Session\Handlers\FileHandler' driver.
INFO - 2024-03-13 11:43:44 --> Session: Class initialized using 'CodeIgniter\Session\Handlers\FileHandler' driver.
INFO - 2024-03-13 11:47:32 --> Session: Class initialized using 'CodeIgniter\Session\Handlers\FileHandler' driver.
INFO - 2024-03-13 11:49:39 --> Session: Class initialized using 'CodeIgniter\Session\Handlers\FileHandler' driver.
INFO - 2024-03-13 11:59:50 --> Session: Class initialized using 'CodeIgniter\Session\Handlers\FileHandler' driver.
CRITICAL - 2024-03-13 11:59:50 --> ErrorException: Undefined variable: data
in APPPATH\Views\Admin\createproject.php on line 177.
 1 APPPATH\Views\Admin\createproject.php(177): CodeIgniter\Debug\Exceptions->errorHandler(8, 'Undefined variable: data', 'E:\\xampp\\htdocs\\miTech\\app\\Views\\Admin\\createproject.php', 177, [...])
 2 SYSTEMPATH\View\View.php(228): include('E:\\xampp\\htdocs\\miTech\\app\\Views\\Admin\\createproject.php')
 3 SYSTEMPATH\View\View.php(231): CodeIgniter\View\View->CodeIgniter\View\{closure}()
 4 SYSTEMPATH\Common.php(1178): CodeIgniter\View\View->render('Admin/createproject', [], true)
 5 APPPATH\Controllers\AdminController.php(50): view('Admin/createproject', [...])
 6 SYSTEMPATH\CodeIgniter.php(941): App\Controllers\AdminController->createproject()
 7 SYSTEMPATH\CodeIgniter.php(502): CodeIgniter\CodeIgniter->runController(Object(App\Controllers\AdminController))
 8 SYSTEMPATH\CodeIgniter.php(361): CodeIgniter\CodeIgniter->handleRequest(null, Object(Config\Cache), false)
 9 FCPATH\index.php(79): CodeIgniter\CodeIgniter->run()
INFO - 2024-03-13 12:00:20 --> Session: Class initialized using 'CodeIgniter\Session\Handlers\FileHandler' driver.
CRITICAL - 2024-03-13 12:00:20 --> ErrorException: Undefined property: stdClass::$id
in APPPATH\Views\Admin\createproject.php on line 177.
 1 APPPATH\Views\Admin\createproject.php(177): CodeIgniter\Debug\Exceptions->errorHandler(8, 'Undefined property: stdClass::$id', 'E:\\xampp\\htdocs\\miTech\\app\\Views\\Admin\\createproject.php', 177, [...])
 2 SYSTEMPATH\View\View.php(228): include('E:\\xampp\\htdocs\\miTech\\app\\Views\\Admin\\createproject.php')
 3 SYSTEMPATH\View\View.php(231): CodeIgniter\View\View->CodeIgniter\View\{closure}()
 4 SYSTEMPATH\Common.php(1178): CodeIgniter\View\View->render('Admin/createproject', [], true)
 5 APPPATH\Controllers\AdminController.php(50): view('Admin/createproject', [...])
 6 SYSTEMPATH\CodeIgniter.php(941): App\Controllers\AdminController->createproject()
 7 SYSTEMPATH\CodeIgniter.php(502): CodeIgniter\CodeIgniter->runController(Object(App\Controllers\AdminController))
 8 SYSTEMPATH\CodeIgniter.php(361): CodeIgniter\CodeIgniter->handleRequest(null, Object(Config\Cache), false)
 9 FCPATH\index.php(79): CodeIgniter\CodeIgniter->run()
INFO - 2024-03-13 12:01:10 --> Session: Class initialized using 'CodeIgniter\Session\Handlers\FileHandler' driver.
INFO - 2024-03-13 12:01:21 --> Session: Class initialized using 'CodeIgniter\Session\Handlers\FileHandler' driver.
INFO - 2024-03-13 12:01:28 --> Session: Class initialized using 'CodeIgniter\Session\Handlers\FileHandler' driver.
INFO - 2024-03-13 12:01:34 --> Session: Class initialized using 'CodeIgniter\Session\Handlers\FileHandler' driver.
CRITICAL - 2024-03-13 12:15:55 --> ParseError: syntax error, unexpected end of file, expecting function (T_FUNCTION) or const (T_CONST)
in APPPATH\Controllers\AdminController.php on line 199.
 1 SYSTEMPATH\Autoloader\Autoloader.php(288): CodeIgniter\Autoloader\Autoloader->includeFile('E:\\xampp\\htdocs\\miTech\\app\\Controllers\\AdminController.php')
 2 SYSTEMPATH\Autoloader\Autoloader.php(266): CodeIgniter\Autoloader\Autoloader->loadInNamespace('App\\Controllers\\AdminController')
 3 [internal function]: CodeIgniter\Autoloader\Autoloader->loadClass('App\\Controllers\\AdminController')
 4 [internal function]: spl_autoload_call('App\\Controllers\\AdminController')
 5 SYSTEMPATH\CodeIgniter.php(899): class_exists('\\App\\Controllers\\AdminController', true)
 6 SYSTEMPATH\CodeIgniter.php(489): CodeIgniter\CodeIgniter->startController()
 7 SYSTEMPATH\CodeIgniter.php(361): CodeIgniter\CodeIgniter->handleRequest(null, Object(Config\Cache), false)
 8 FCPATH\index.php(79): CodeIgniter\CodeIgniter->run()
ERROR - 2024-03-13 12:16:26 --> mysqli_sql_exception: Unknown column 'id' in 'where clause' in E:\xampp\htdocs\miTech\system\Database\MySQLi\Connection.php:306
Stack trace:
#0 E:\xampp\htdocs\miTech\system\Database\MySQLi\Connection.php(306): mysqli->query('SELECT *\nFROM `...', 0)
#1 E:\xampp\htdocs\miTech\system\Database\BaseConnection.php(693): CodeIgniter\Database\MySQLi\Connection->execute('SELECT *\nFROM `...')
#2 E:\xampp\htdocs\miTech\system\Database\BaseConnection.php(607): CodeIgniter\Database\BaseConnection->simpleQuery('SELECT *\nFROM `...')
#3 E:\xampp\htdocs\miTech\system\Database\BaseBuilder.php(1616): CodeIgniter\Database\BaseConnection->query('SELECT *\nFROM `...', Array, false)
#4 E:\xampp\htdocs\miTech\app\Models\Adminmodel.php(26): CodeIgniter\Database\BaseBuilder->get()
#5 E:\xampp\htdocs\miTech\app\Controllers\AdminController.php(190): App\Models\Adminmodel->getalldata('tbl_project', Array)
#6 E:\xampp\htdocs\miTech\system\CodeIgniter.php(941): App\Controllers\AdminController->get_project('1')
#7 E:\xampp\htdocs\miTech\system\CodeIgniter.php(502): CodeIgniter\CodeIgniter->runController(Object(App\Controllers\AdminController))
#8 E:\xampp\htdocs\miTech\system\CodeIgniter.php(361): CodeIgniter\CodeIgniter->handleRequest(NULL, Object(Config\Cache), false)
#9 E:\xampp\htdocs\miTech\index.php(79): CodeIgniter\CodeIgniter->run()
#10 {main}
CRITICAL - 2024-03-13 12:16:26 --> CodeIgniter\Database\Exceptions\DatabaseException: Unknown column 'id' in 'where clause'
in SYSTEMPATH\Database\BaseConnection.php on line 647.
 1 SYSTEMPATH\Database\BaseBuilder.php(1616): CodeIgniter\Database\BaseConnection->query('SELECT *
FROM `tbl_project`
WHERE `is_deleted` = :is_deleted:
AND `id` = :id:', [...], false)
 2 APPPATH\Models\Adminmodel.php(26): CodeIgniter\Database\BaseBuilder->get()
 3 APPPATH\Controllers\AdminController.php(190): App\Models\Adminmodel->getalldata('tbl_project', [...])
 4 SYSTEMPATH\CodeIgniter.php(941): App\Controllers\AdminController->get_project('1')
 5 SYSTEMPATH\CodeIgniter.php(502): CodeIgniter\CodeIgniter->runController(Object(App\Controllers\AdminController))
 6 SYSTEMPATH\CodeIgniter.php(361): CodeIgniter\CodeIgniter->handleRequest(null, Object(Config\Cache), false)
 7 FCPATH\index.php(79): CodeIgniter\CodeIgniter->run()
CRITICAL - 2024-03-13 12:16:26 --> [Caused by] CodeIgniter\Database\Exceptions\DatabaseException: Unknown column 'id' in 'where clause'
in SYSTEMPATH\Database\MySQLi\Connection.php on line 311.
 1 SYSTEMPATH\Database\BaseConnection.php(693): CodeIgniter\Database\MySQLi\Connection->execute('SELECT *
FROM `tbl_project`
WHERE `is_deleted` = \'N\'
AND `id` = \'1\'')
 2 SYSTEMPATH\Database\BaseConnection.php(607): CodeIgniter\Database\BaseConnection->simpleQuery('SELECT *
FROM `tbl_project`
WHERE `is_deleted` = \'N\'
AND `id` = \'1\'')
 3 SYSTEMPATH\Database\BaseBuilder.php(1616): CodeIgniter\Database\BaseConnection->query('SELECT *
FROM `tbl_project`
WHERE `is_deleted` = :is_deleted:
AND `id` = :id:', [...], false)
 4 APPPATH\Models\Adminmodel.php(26): CodeIgniter\Database\BaseBuilder->get()
 5 APPPATH\Controllers\AdminController.php(190): App\Models\Adminmodel->getalldata('tbl_project', [...])
 6 SYSTEMPATH\CodeIgniter.php(941): App\Controllers\AdminController->get_project('1')
 7 SYSTEMPATH\CodeIgniter.php(502): CodeIgniter\CodeIgniter->runController(Object(App\Controllers\AdminController))
 8 SYSTEMPATH\CodeIgniter.php(361): CodeIgniter\CodeIgniter->handleRequest(null, Object(Config\Cache), false)
 9 FCPATH\index.php(79): CodeIgniter\CodeIgniter->run()
CRITICAL - 2024-03-13 12:16:26 --> [Caused by] mysqli_sql_exception: Unknown column 'id' in 'where clause'
in SYSTEMPATH\Database\MySQLi\Connection.php on line 306.
 1 SYSTEMPATH\Database\MySQLi\Connection.php(306): mysqli->query('SELECT *
FROM `tbl_project`
WHERE `is_deleted` = \'N\'
AND `id` = \'1\'', 0)
 2 SYSTEMPATH\Database\BaseConnection.php(693): CodeIgniter\Database\MySQLi\Connection->execute('SELECT *
FROM `tbl_project`
WHERE `is_deleted` = \'N\'
AND `id` = \'1\'')
 3 SYSTEMPATH\Database\BaseConnection.php(607): CodeIgniter\Database\BaseConnection->simpleQuery('SELECT *
FROM `tbl_project`
WHERE `is_deleted` = \'N\'
AND `id` = \'1\'')
 4 SYSTEMPATH\Database\BaseBuilder.php(1616): CodeIgniter\Database\BaseConnection->query('SELECT *
FROM `tbl_project`
WHERE `is_deleted` = :is_deleted:
AND `id` = :id:', [...], false)
 5 APPPATH\Models\Adminmodel.php(26): CodeIgniter\Database\BaseBuilder->get()
 6 APPPATH\Controllers\AdminController.php(190): App\Models\Adminmodel->getalldata('tbl_project', [...])
 7 SYSTEMPATH\CodeIgniter.php(941): App\Controllers\AdminController->get_project('1')
 8 SYSTEMPATH\CodeIgniter.php(502): CodeIgniter\CodeIgniter->runController(Object(App\Controllers\AdminController))
 9 SYSTEMPATH\CodeIgniter.php(361): CodeIgniter\CodeIgniter->handleRequest(null, Object(Config\Cache), false)
10 FCPATH\index.php(79): CodeIgniter\CodeIgniter->run()
CRITICAL - 2024-03-13 12:17:26 --> CodeIgniter\View\Exceptions\ViewException: Invalid file: "createproject.php"
in SYSTEMPATH\Exceptions\FrameworkException.php on line 39.
 1 SYSTEMPATH\View\View.php(216): CodeIgniter\Exceptions\FrameworkException::forInvalidFile('createproject.php')
 2 SYSTEMPATH\Common.php(1178): CodeIgniter\View\View->render('createproject', [], true)
 3 APPPATH\Controllers\AdminController.php(194): view('createproject', [...])
 4 SYSTEMPATH\CodeIgniter.php(941): App\Controllers\AdminController->get_project('1')
 5 SYSTEMPATH\CodeIgniter.php(502): CodeIgniter\CodeIgniter->runController(Object(App\Controllers\AdminController))
 6 SYSTEMPATH\CodeIgniter.php(361): CodeIgniter\CodeIgniter->handleRequest(null, Object(Config\Cache), false)
 7 FCPATH\index.php(79): CodeIgniter\CodeIgniter->run()
CRITICAL - 2024-03-13 12:19:44 --> ErrorException: Undefined variable: single_data
in APPPATH\Views\Admin\createproject.php on line 29.
 1 APPPATH\Views\Admin\createproject.php(29): CodeIgniter\Debug\Exceptions->errorHandler(8, 'Undefined variable: single_data', 'E:\\xampp\\htdocs\\miTech\\app\\Views\\Admin\\createproject.php', 29, [...])
 2 SYSTEMPATH\View\View.php(228): include('E:\\xampp\\htdocs\\miTech\\app\\Views\\Admin\\createproject.php')
 3 SYSTEMPATH\View\View.php(231): CodeIgniter\View\View->CodeIgniter\View\{closure}()
 4 SYSTEMPATH\Common.php(1178): CodeIgniter\View\View->render('Admin/createproject', [], true)
 5 APPPATH\Controllers\AdminController.php(194): view('Admin/createproject', [...])
 6 SYSTEMPATH\CodeIgniter.php(941): App\Controllers\AdminController->get_project('1')
 7 SYSTEMPATH\CodeIgniter.php(502): CodeIgniter\CodeIgniter->runController(Object(App\Controllers\AdminController))
 8 SYSTEMPATH\CodeIgniter.php(361): CodeIgniter\CodeIgniter->handleRequest(null, Object(Config\Cache), false)
 9 FCPATH\index.php(79): CodeIgniter\CodeIgniter->run()
CRITICAL - 2024-03-13 12:20:14 --> ErrorException: Trying to get property 'projectName' of non-object
in APPPATH\Views\Admin\createproject.php on line 29.
 1 APPPATH\Views\Admin\createproject.php(29): CodeIgniter\Debug\Exceptions->errorHandler(8, 'Trying to get property \'projectName\' of non-object', 'E:\\xampp\\htdocs\\miTech\\app\\Views\\Admin\\createproject.php', 29, [...])
 2 SYSTEMPATH\View\View.php(228): include('E:\\xampp\\htdocs\\miTech\\app\\Views\\Admin\\createproject.php')
 3 SYSTEMPATH\View\View.php(231): CodeIgniter\View\View->CodeIgniter\View\{closure}()
 4 SYSTEMPATH\Common.php(1178): CodeIgniter\View\View->render('Admin/createproject', [], true)
 5 APPPATH\Controllers\AdminController.php(194): view('Admin/createproject', [...])
 6 SYSTEMPATH\CodeIgniter.php(941): App\Controllers\AdminController->get_project('1')
 7 SYSTEMPATH\CodeIgniter.php(502): CodeIgniter\CodeIgniter->runController(Object(App\Controllers\AdminController))
 8 SYSTEMPATH\CodeIgniter.php(361): CodeIgniter\CodeIgniter->handleRequest(null, Object(Config\Cache), false)
 9 FCPATH\index.php(79): CodeIgniter\CodeIgniter->run()
INFO - 2024-03-13 12:23:24 --> Session: Class initialized using 'CodeIgniter\Session\Handlers\FileHandler' driver.
CRITICAL - 2024-03-13 12:46:27 --> ErrorException: Trying to get property 'p_id' of non-object
in APPPATH\Views\Admin\createproject.php on line 61.
 1 APPPATH\Views\Admin\createproject.php(61): CodeIgniter\Debug\Exceptions->errorHandler(8, 'Trying to get property \'p_id\' of non-object', 'E:\\xampp\\htdocs\\miTech\\app\\Views\\Admin\\createproject.php', 61, [...])
 2 SYSTEMPATH\View\View.php(228): include('E:\\xampp\\htdocs\\miTech\\app\\Views\\Admin\\createproject.php')
 3 SYSTEMPATH\View\View.php(231): CodeIgniter\View\View->CodeIgniter\View\{closure}()
 4 SYSTEMPATH\Common.php(1178): CodeIgniter\View\View->render('Admin/createproject', [], true)
 5 APPPATH\Controllers\AdminController.php(194): view('Admin/createproject', [...])
 6 SYSTEMPATH\CodeIgniter.php(941): App\Controllers\AdminController->get_project('2')
 7 SYSTEMPATH\CodeIgniter.php(502): CodeIgniter\CodeIgniter->runController(Object(App\Controllers\AdminController))
 8 SYSTEMPATH\CodeIgniter.php(361): CodeIgniter\CodeIgniter->handleRequest(null, Object(Config\Cache), false)
 9 FCPATH\index.php(79): CodeIgniter\CodeIgniter->run()
CRITICAL - 2024-03-13 12:47:06 --> ErrorException: Trying to get property 'p_id' of non-object
in APPPATH\Views\Admin\createproject.php on line 61.
 1 APPPATH\Views\Admin\createproject.php(61): CodeIgniter\Debug\Exceptions->errorHandler(8, 'Trying to get property \'p_id\' of non-object', 'E:\\xampp\\htdocs\\miTech\\app\\Views\\Admin\\createproject.php', 61, [...])
 2 SYSTEMPATH\View\View.php(228): include('E:\\xampp\\htdocs\\miTech\\app\\Views\\Admin\\createproject.php')
 3 SYSTEMPATH\View\View.php(231): CodeIgniter\View\View->CodeIgniter\View\{closure}()
 4 SYSTEMPATH\Common.php(1178): CodeIgniter\View\View->render('Admin/createproject', [], true)
 5 APPPATH\Controllers\AdminController.php(194): view('Admin/createproject', [...])
 6 SYSTEMPATH\CodeIgniter.php(941): App\Controllers\AdminController->get_project('2')
 7 SYSTEMPATH\CodeIgniter.php(502): CodeIgniter\CodeIgniter->runController(Object(App\Controllers\AdminController))
 8 SYSTEMPATH\CodeIgniter.php(361): CodeIgniter\CodeIgniter->handleRequest(null, Object(Config\Cache), false)
 9 FCPATH\index.php(79): CodeIgniter\CodeIgniter->run()
CRITICAL - 2024-03-13 12:47:44 --> ErrorException: Trying to access array offset on value of type bool
in APPPATH\Views\Admin\createproject.php on line 61.
 1 APPPATH\Views\Admin\createproject.php(61): CodeIgniter\Debug\Exceptions->errorHandler(8, 'Trying to access array offset on value of type bool', 'E:\\xampp\\htdocs\\miTech\\app\\Views\\Admin\\createproject.php', 61, [...])
 2 SYSTEMPATH\View\View.php(228): include('E:\\xampp\\htdocs\\miTech\\app\\Views\\Admin\\createproject.php')
 3 SYSTEMPATH\View\View.php(231): CodeIgniter\View\View->CodeIgniter\View\{closure}()
 4 SYSTEMPATH\Common.php(1178): CodeIgniter\View\View->render('Admin/createproject', [], true)
 5 APPPATH\Controllers\AdminController.php(194): view('Admin/createproject', [...])
 6 SYSTEMPATH\CodeIgniter.php(941): App\Controllers\AdminController->get_project('public', 'Images', 'mitech.png')
 7 SYSTEMPATH\CodeIgniter.php(502): CodeIgniter\CodeIgniter->runController(Object(App\Controllers\AdminController))
 8 SYSTEMPATH\CodeIgniter.php(361): CodeIgniter\CodeIgniter->handleRequest(null, Object(Config\Cache), false)
 9 FCPATH\index.php(79): CodeIgniter\CodeIgniter->run()
CRITICAL - 2024-03-13 12:47:44 --> ErrorException: Trying to access array offset on value of type bool
in APPPATH\Views\Admin\createproject.php on line 61.
 1 APPPATH\Views\Admin\createproject.php(61): CodeIgniter\Debug\Exceptions->errorHandler(8, 'Trying to access array offset on value of type bool', 'E:\\xampp\\htdocs\\miTech\\app\\Views\\Admin\\createproject.php', 61, [...])
 2 SYSTEMPATH\View\View.php(228): include('E:\\xampp\\htdocs\\miTech\\app\\Views\\Admin\\createproject.php')
 3 SYSTEMPATH\View\View.php(231): CodeIgniter\View\View->CodeIgniter\View\{closure}()
 4 SYSTEMPATH\Common.php(1178): CodeIgniter\View\View->render('Admin/createproject', [], true)
 5 APPPATH\Controllers\AdminController.php(194): view('Admin/createproject', [...])
 6 SYSTEMPATH\CodeIgniter.php(941): App\Controllers\AdminController->get_project('public', 'Images', 'Admin.png')
 7 SYSTEMPATH\CodeIgniter.php(502): CodeIgniter\CodeIgniter->runController(Object(App\Controllers\AdminController))
 8 SYSTEMPATH\CodeIgniter.php(361): CodeIgniter\CodeIgniter->handleRequest(null, Object(Config\Cache), false)
 9 FCPATH\index.php(79): CodeIgniter\CodeIgniter->run()
CRITICAL - 2024-03-13 12:47:44 --> ErrorException: Trying to access array offset on value of type bool
in APPPATH\Views\Admin\createproject.php on line 61.
 1 APPPATH\Views\Admin\createproject.php(61): CodeIgniter\Debug\Exceptions->errorHandler(8, 'Trying to access array offset on value of type bool', 'E:\\xampp\\htdocs\\miTech\\app\\Views\\Admin\\createproject.php', 61, [...])
 2 SYSTEMPATH\View\View.php(228): include('E:\\xampp\\htdocs\\miTech\\app\\Views\\Admin\\createproject.php')
 3 SYSTEMPATH\View\View.php(231): CodeIgniter\View\View->CodeIgniter\View\{closure}()
 4 SYSTEMPATH\Common.php(1178): CodeIgniter\View\View->render('Admin/createproject', [], true)
 5 APPPATH\Controllers\AdminController.php(194): view('Admin/createproject', [...])
 6 SYSTEMPATH\CodeIgniter.php(941): App\Controllers\AdminController->get_project('dist', 'img', 'AdminLTELogo.png')
 7 SYSTEMPATH\CodeIgniter.php(502): CodeIgniter\CodeIgniter->runController(Object(App\Controllers\AdminController))
 8 SYSTEMPATH\CodeIgniter.php(361): CodeIgniter\CodeIgniter->handleRequest(null, Object(Config\Cache), false)
 9 FCPATH\index.php(79): CodeIgniter\CodeIgniter->run()
CRITICAL - 2024-03-13 12:48:19 --> ErrorException: Trying to access array offset on value of type bool
in APPPATH\Views\Admin\createproject.php on line 61.
 1 APPPATH\Views\Admin\createproject.php(61): CodeIgniter\Debug\Exceptions->errorHandler(8, 'Trying to access array offset on value of type bool', 'E:\\xampp\\htdocs\\miTech\\app\\Views\\Admin\\createproject.php', 61, [...])
 2 SYSTEMPATH\View\View.php(228): include('E:\\xampp\\htdocs\\miTech\\app\\Views\\Admin\\createproject.php')
 3 SYSTEMPATH\View\View.php(231): CodeIgniter\View\View->CodeIgniter\View\{closure}()
 4 SYSTEMPATH\Common.php(1178): CodeIgniter\View\View->render('Admin/createproject', [], true)
 5 APPPATH\Controllers\AdminController.php(194): view('Admin/createproject', [...])
 6 SYSTEMPATH\CodeIgniter.php(941): App\Controllers\AdminController->get_project('public', 'Images', 'Admin.png')
 7 SYSTEMPATH\CodeIgniter.php(502): CodeIgniter\CodeIgniter->runController(Object(App\Controllers\AdminController))
 8 SYSTEMPATH\CodeIgniter.php(361): CodeIgniter\CodeIgniter->handleRequest(null, Object(Config\Cache), false)
 9 FCPATH\index.php(79): CodeIgniter\CodeIgniter->run()
CRITICAL - 2024-03-13 12:48:19 --> ErrorException: Trying to access array offset on value of type bool
in APPPATH\Views\Admin\createproject.php on line 61.
 1 APPPATH\Views\Admin\createproject.php(61): CodeIgniter\Debug\Exceptions->errorHandler(8, 'Trying to access array offset on value of type bool', 'E:\\xampp\\htdocs\\miTech\\app\\Views\\Admin\\createproject.php', 61, [...])
 2 SYSTEMPATH\View\View.php(228): include('E:\\xampp\\htdocs\\miTech\\app\\Views\\Admin\\createproject.php')
 3 SYSTEMPATH\View\View.php(231): CodeIgniter\View\View->CodeIgniter\View\{closure}()
 4 SYSTEMPATH\Common.php(1178): CodeIgniter\View\View->render('Admin/createproject', [], true)
 5 APPPATH\Controllers\AdminController.php(194): view('Admin/createproject', [...])
 6 SYSTEMPATH\CodeIgniter.php(941): App\Controllers\AdminController->get_project('public', 'Images', 'mitech.png')
 7 SYSTEMPATH\CodeIgniter.php(502): CodeIgniter\CodeIgniter->runController(Object(App\Controllers\AdminController))
 8 SYSTEMPATH\CodeIgniter.php(361): CodeIgniter\CodeIgniter->handleRequest(null, Object(Config\Cache), false)
 9 FCPATH\index.php(79): CodeIgniter\CodeIgniter->run()
CRITICAL - 2024-03-13 12:48:20 --> ErrorException: Trying to access array offset on value of type bool
in APPPATH\Views\Admin\createproject.php on line 61.
 1 APPPATH\Views\Admin\createproject.php(61): CodeIgniter\Debug\Exceptions->errorHandler(8, 'Trying to access array offset on value of type bool', 'E:\\xampp\\htdocs\\miTech\\app\\Views\\Admin\\createproject.php', 61, [...])
 2 SYSTEMPATH\View\View.php(228): include('E:\\xampp\\htdocs\\miTech\\app\\Views\\Admin\\createproject.php')
 3 SYSTEMPATH\View\View.php(231): CodeIgniter\View\View->CodeIgniter\View\{closure}()
 4 SYSTEMPATH\Common.php(1178): CodeIgniter\View\View->render('Admin/createproject', [], true)
 5 APPPATH\Controllers\AdminController.php(194): view('Admin/createproject', [...])
 6 SYSTEMPATH\CodeIgniter.php(941): App\Controllers\AdminController->get_project('dist', 'img', 'AdminLTELogo.png')
 7 SYSTEMPATH\CodeIgniter.php(502): CodeIgniter\CodeIgniter->runController(Object(App\Controllers\AdminController))
 8 SYSTEMPATH\CodeIgniter.php(361): CodeIgniter\CodeIgniter->handleRequest(null, Object(Config\Cache), false)
 9 FCPATH\index.php(79): CodeIgniter\CodeIgniter->run()
CRITICAL - 2024-03-13 12:49:17 --> ErrorException: Trying to access array offset on value of type bool
in APPPATH\Views\Admin\createproject.php on line 61.
 1 APPPATH\Views\Admin\createproject.php(61): CodeIgniter\Debug\Exceptions->errorHandler(8, 'Trying to access array offset on value of type bool', 'E:\\xampp\\htdocs\\miTech\\app\\Views\\Admin\\createproject.php', 61, [...])
 2 SYSTEMPATH\View\View.php(228): include('E:\\xampp\\htdocs\\miTech\\app\\Views\\Admin\\createproject.php')
 3 SYSTEMPATH\View\View.php(231): CodeIgniter\View\View->CodeIgniter\View\{closure}()
 4 SYSTEMPATH\Common.php(1178): CodeIgniter\View\View->render('Admin/createproject', [], true)
 5 APPPATH\Controllers\AdminController.php(194): view('Admin/createproject', [...])
 6 SYSTEMPATH\CodeIgniter.php(941): App\Controllers\AdminController->get_project('public', 'Images', 'Admin.png')
 7 SYSTEMPATH\CodeIgniter.php(502): CodeIgniter\CodeIgniter->runController(Object(App\Controllers\AdminController))
 8 SYSTEMPATH\CodeIgniter.php(361): CodeIgniter\CodeIgniter->handleRequest(null, Object(Config\Cache), false)
 9 FCPATH\index.php(79): CodeIgniter\CodeIgniter->run()
CRITICAL - 2024-03-13 12:49:17 --> ErrorException: Trying to access array offset on value of type bool
in APPPATH\Views\Admin\createproject.php on line 61.
 1 APPPATH\Views\Admin\createproject.php(61): CodeIgniter\Debug\Exceptions->errorHandler(8, 'Trying to access array offset on value of type bool', 'E:\\xampp\\htdocs\\miTech\\app\\Views\\Admin\\createproject.php', 61, [...])
 2 SYSTEMPATH\View\View.php(228): include('E:\\xampp\\htdocs\\miTech\\app\\Views\\Admin\\createproject.php')
 3 SYSTEMPATH\View\View.php(231): CodeIgniter\View\View->CodeIgniter\View\{closure}()
 4 SYSTEMPATH\Common.php(1178): CodeIgniter\View\View->render('Admin/createproject', [], true)
 5 APPPATH\Controllers\AdminController.php(194): view('Admin/createproject', [...])
 6 SYSTEMPATH\CodeIgniter.php(941): App\Controllers\AdminController->get_project('public', 'Images', 'mitech.png')
 7 SYSTEMPATH\CodeIgniter.php(502): CodeIgniter\CodeIgniter->runController(Object(App\Controllers\AdminController))
 8 SYSTEMPATH\CodeIgniter.php(361): CodeIgniter\CodeIgniter->handleRequest(null, Object(Config\Cache), false)
 9 FCPATH\index.php(79): CodeIgniter\CodeIgniter->run()
CRITICAL - 2024-03-13 12:49:17 --> ErrorException: Trying to access array offset on value of type bool
in APPPATH\Views\Admin\createproject.php on line 61.
 1 APPPATH\Views\Admin\createproject.php(61): CodeIgniter\Debug\Exceptions->errorHandler(8, 'Trying to access array offset on value of type bool', 'E:\\xampp\\htdocs\\miTech\\app\\Views\\Admin\\createproject.php', 61, [...])
 2 SYSTEMPATH\View\View.php(228): include('E:\\xampp\\htdocs\\miTech\\app\\Views\\Admin\\createproject.php')
 3 SYSTEMPATH\View\View.php(231): CodeIgniter\View\View->CodeIgniter\View\{closure}()
 4 SYSTEMPATH\Common.php(1178): CodeIgniter\View\View->render('Admin/createproject', [], true)
 5 APPPATH\Controllers\AdminController.php(194): view('Admin/createproject', [...])
 6 SYSTEMPATH\CodeIgniter.php(941): App\Controllers\AdminController->get_project('dist', 'img', 'AdminLTELogo.png')
 7 SYSTEMPATH\CodeIgniter.php(502): CodeIgniter\CodeIgniter->runController(Object(App\Controllers\AdminController))
 8 SYSTEMPATH\CodeIgniter.php(361): CodeIgniter\CodeIgniter->handleRequest(null, Object(Config\Cache), false)
 9 FCPATH\index.php(79): CodeIgniter\CodeIgniter->run()
CRITICAL - 2024-03-13 12:52:04 --> ErrorException: Trying to access array offset on value of type bool
in APPPATH\Views\Admin\createproject.php on line 61.
 1 APPPATH\Views\Admin\createproject.php(61): CodeIgniter\Debug\Exceptions->errorHandler(8, 'Trying to access array offset on value of type bool', 'E:\\xampp\\htdocs\\miTech\\app\\Views\\Admin\\createproject.php', 61, [...])
 2 SYSTEMPATH\View\View.php(228): include('E:\\xampp\\htdocs\\miTech\\app\\Views\\Admin\\createproject.php')
 3 SYSTEMPATH\View\View.php(231): CodeIgniter\View\View->CodeIgniter\View\{closure}()
 4 SYSTEMPATH\Common.php(1178): CodeIgniter\View\View->render('Admin/createproject', [], true)
 5 APPPATH\Controllers\AdminController.php(194): view('Admin/createproject', [...])
 6 SYSTEMPATH\CodeIgniter.php(941): App\Controllers\AdminController->get_project('public', 'Images', 'Admin.png')
 7 SYSTEMPATH\CodeIgniter.php(502): CodeIgniter\CodeIgniter->runController(Object(App\Controllers\AdminController))
 8 SYSTEMPATH\CodeIgniter.php(361): CodeIgniter\CodeIgniter->handleRequest(null, Object(Config\Cache), false)
 9 FCPATH\index.php(79): CodeIgniter\CodeIgniter->run()
CRITICAL - 2024-03-13 12:52:04 --> ErrorException: Trying to access array offset on value of type bool
in APPPATH\Views\Admin\createproject.php on line 61.
 1 APPPATH\Views\Admin\createproject.php(61): CodeIgniter\Debug\Exceptions->errorHandler(8, 'Trying to access array offset on value of type bool', 'E:\\xampp\\htdocs\\miTech\\app\\Views\\Admin\\createproject.php', 61, [...])
 2 SYSTEMPATH\View\View.php(228): include('E:\\xampp\\htdocs\\miTech\\app\\Views\\Admin\\createproject.php')
 3 SYSTEMPATH\View\View.php(231): CodeIgniter\View\View->CodeIgniter\View\{closure}()
 4 SYSTEMPATH\Common.php(1178): CodeIgniter\View\View->render('Admin/createproject', [], true)
 5 APPPATH\Controllers\AdminController.php(194): view('Admin/createproject', [...])
 6 SYSTEMPATH\CodeIgniter.php(941): App\Controllers\AdminController->get_project('public', 'Images', 'mitech.png')
 7 SYSTEMPATH\CodeIgniter.php(502): CodeIgniter\CodeIgniter->runController(Object(App\Controllers\AdminController))
 8 SYSTEMPATH\CodeIgniter.php(361): CodeIgniter\CodeIgniter->handleRequest(null, Object(Config\Cache), false)
 9 FCPATH\index.php(79): CodeIgniter\CodeIgniter->run()
CRITICAL - 2024-03-13 12:52:05 --> ErrorException: Trying to access array offset on value of type bool
in APPPATH\Views\Admin\createproject.php on line 61.
 1 APPPATH\Views\Admin\createproject.php(61): CodeIgniter\Debug\Exceptions->errorHandler(8, 'Trying to access array offset on value of type bool', 'E:\\xampp\\htdocs\\miTech\\app\\Views\\Admin\\createproject.php', 61, [...])
 2 SYSTEMPATH\View\View.php(228): include('E:\\xampp\\htdocs\\miTech\\app\\Views\\Admin\\createproject.php')
 3 SYSTEMPATH\View\View.php(231): CodeIgniter\View\View->CodeIgniter\View\{closure}()
 4 SYSTEMPATH\Common.php(1178): CodeIgniter\View\View->render('Admin/createproject', [], true)
 5 APPPATH\Controllers\AdminController.php(194): view('Admin/createproject', [...])
 6 SYSTEMPATH\CodeIgniter.php(941): App\Controllers\AdminController->get_project('dist', 'img', 'AdminLTELogo.png')
 7 SYSTEMPATH\CodeIgniter.php(502): CodeIgniter\CodeIgniter->runController(Object(App\Controllers\AdminController))
 8 SYSTEMPATH\CodeIgniter.php(361): CodeIgniter\CodeIgniter->handleRequest(null, Object(Config\Cache), false)
 9 FCPATH\index.php(79): CodeIgniter\CodeIgniter->run()
CRITICAL - 2024-03-13 12:53:29 --> ErrorException: Trying to access array offset on value of type bool
in APPPATH\Views\Admin\createproject.php on line 61.
 1 APPPATH\Views\Admin\createproject.php(61): CodeIgniter\Debug\Exceptions->errorHandler(8, 'Trying to access array offset on value of type bool', 'E:\\xampp\\htdocs\\miTech\\app\\Views\\Admin\\createproject.php', 61, [...])
 2 SYSTEMPATH\View\View.php(228): include('E:\\xampp\\htdocs\\miTech\\app\\Views\\Admin\\createproject.php')
 3 SYSTEMPATH\View\View.php(231): CodeIgniter\View\View->CodeIgniter\View\{closure}()
 4 SYSTEMPATH\Common.php(1178): CodeIgniter\View\View->render('Admin/createproject', [], true)
 5 APPPATH\Controllers\AdminController.php(194): view('Admin/createproject', [...])
 6 SYSTEMPATH\CodeIgniter.php(941): App\Controllers\AdminController->get_project('public', 'Images', 'Admin.png')
 7 SYSTEMPATH\CodeIgniter.php(502): CodeIgniter\CodeIgniter->runController(Object(App\Controllers\AdminController))
 8 SYSTEMPATH\CodeIgniter.php(361): CodeIgniter\CodeIgniter->handleRequest(null, Object(Config\Cache), false)
 9 FCPATH\index.php(79): CodeIgniter\CodeIgniter->run()
CRITICAL - 2024-03-13 12:53:29 --> ErrorException: Trying to access array offset on value of type bool
in APPPATH\Views\Admin\createproject.php on line 61.
 1 APPPATH\Views\Admin\createproject.php(61): CodeIgniter\Debug\Exceptions->errorHandler(8, 'Trying to access array offset on value of type bool', 'E:\\xampp\\htdocs\\miTech\\app\\Views\\Admin\\createproject.php', 61, [...])
 2 SYSTEMPATH\View\View.php(228): include('E:\\xampp\\htdocs\\miTech\\app\\Views\\Admin\\createproject.php')
 3 SYSTEMPATH\View\View.php(231): CodeIgniter\View\View->CodeIgniter\View\{closure}()
 4 SYSTEMPATH\Common.php(1178): CodeIgniter\View\View->render('Admin/createproject', [], true)
 5 APPPATH\Controllers\AdminController.php(194): view('Admin/createproject', [...])
 6 SYSTEMPATH\CodeIgniter.php(941): App\Controllers\AdminController->get_project('public', 'Images', 'mitech.png')
 7 SYSTEMPATH\CodeIgniter.php(502): CodeIgniter\CodeIgniter->runController(Object(App\Controllers\AdminController))
 8 SYSTEMPATH\CodeIgniter.php(361): CodeIgniter\CodeIgniter->handleRequest(null, Object(Config\Cache), false)
 9 FCPATH\index.php(79): CodeIgniter\CodeIgniter->run()
CRITICAL - 2024-03-13 12:53:29 --> ErrorException: Trying to access array offset on value of type bool
in APPPATH\Views\Admin\createproject.php on line 61.
 1 APPPATH\Views\Admin\createproject.php(61): CodeIgniter\Debug\Exceptions->errorHandler(8, 'Trying to access array offset on value of type bool', 'E:\\xampp\\htdocs\\miTech\\app\\Views\\Admin\\createproject.php', 61, [...])
 2 SYSTEMPATH\View\View.php(228): include('E:\\xampp\\htdocs\\miTech\\app\\Views\\Admin\\createproject.php')
 3 SYSTEMPATH\View\View.php(231): CodeIgniter\View\View->CodeIgniter\View\{closure}()
 4 SYSTEMPATH\Common.php(1178): CodeIgniter\View\View->render('Admin/createproject', [], true)
 5 APPPATH\Controllers\AdminController.php(194): view('Admin/createproject', [...])
 6 SYSTEMPATH\CodeIgniter.php(941): App\Controllers\AdminController->get_project('dist', 'img', 'AdminLTELogo.png')
 7 SYSTEMPATH\CodeIgniter.php(502): CodeIgniter\CodeIgniter->runController(Object(App\Controllers\AdminController))
 8 SYSTEMPATH\CodeIgniter.php(361): CodeIgniter\CodeIgniter->handleRequest(null, Object(Config\Cache), false)
 9 FCPATH\index.php(79): CodeIgniter\CodeIgniter->run()
CRITICAL - 2024-03-13 12:54:16 --> ErrorException: Trying to access array offset on value of type bool
in APPPATH\Views\Admin\createproject.php on line 61.
 1 APPPATH\Views\Admin\createproject.php(61): CodeIgniter\Debug\Exceptions->errorHandler(8, 'Trying to access array offset on value of type bool', 'E:\\xampp\\htdocs\\miTech\\app\\Views\\Admin\\createproject.php', 61, [...])
 2 SYSTEMPATH\View\View.php(228): include('E:\\xampp\\htdocs\\miTech\\app\\Views\\Admin\\createproject.php')
 3 SYSTEMPATH\View\View.php(231): CodeIgniter\View\View->CodeIgniter\View\{closure}()
 4 SYSTEMPATH\Common.php(1178): CodeIgniter\View\View->render('Admin/createproject', [], true)
 5 APPPATH\Controllers\AdminController.php(194): view('Admin/createproject', [...])
 6 SYSTEMPATH\CodeIgniter.php(941): App\Controllers\AdminController->get_project('public', 'Images', 'mitech.png')
 7 SYSTEMPATH\CodeIgniter.php(502): CodeIgniter\CodeIgniter->runController(Object(App\Controllers\AdminController))
 8 SYSTEMPATH\CodeIgniter.php(361): CodeIgniter\CodeIgniter->handleRequest(null, Object(Config\Cache), false)
 9 FCPATH\index.php(79): CodeIgniter\CodeIgniter->run()
CRITICAL - 2024-03-13 12:54:16 --> ErrorException: Trying to access array offset on value of type bool
in APPPATH\Views\Admin\createproject.php on line 61.
 1 APPPATH\Views\Admin\createproject.php(61): CodeIgniter\Debug\Exceptions->errorHandler(8, 'Trying to access array offset on value of type bool', 'E:\\xampp\\htdocs\\miTech\\app\\Views\\Admin\\createproject.php', 61, [...])
 2 SYSTEMPATH\View\View.php(228): include('E:\\xampp\\htdocs\\miTech\\app\\Views\\Admin\\createproject.php')
 3 SYSTEMPATH\View\View.php(231): CodeIgniter\View\View->CodeIgniter\View\{closure}()
 4 SYSTEMPATH\Common.php(1178): CodeIgniter\View\View->render('Admin/createproject', [], true)
 5 APPPATH\Controllers\AdminController.php(194): view('Admin/createproject', [...])
 6 SYSTEMPATH\CodeIgniter.php(941): App\Controllers\AdminController->get_project('public', 'Images', 'Admin.png')
 7 SYSTEMPATH\CodeIgniter.php(502): CodeIgniter\CodeIgniter->runController(Object(App\Controllers\AdminController))
 8 SYSTEMPATH\CodeIgniter.php(361): CodeIgniter\CodeIgniter->handleRequest(null, Object(Config\Cache), false)
 9 FCPATH\index.php(79): CodeIgniter\CodeIgniter->run()
CRITICAL - 2024-03-13 12:54:16 --> ErrorException: Trying to access array offset on value of type bool
in APPPATH\Views\Admin\createproject.php on line 61.
 1 APPPATH\Views\Admin\createproject.php(61): CodeIgniter\Debug\Exceptions->errorHandler(8, 'Trying to access array offset on value of type bool', 'E:\\xampp\\htdocs\\miTech\\app\\Views\\Admin\\createproject.php', 61, [...])
 2 SYSTEMPATH\View\View.php(228): include('E:\\xampp\\htdocs\\miTech\\app\\Views\\Admin\\createproject.php')
 3 SYSTEMPATH\View\View.php(231): CodeIgniter\View\View->CodeIgniter\View\{closure}()
 4 SYSTEMPATH\Common.php(1178): CodeIgniter\View\View->render('Admin/createproject', [], true)
 5 APPPATH\Controllers\AdminController.php(194): view('Admin/createproject', [...])
 6 SYSTEMPATH\CodeIgniter.php(941): App\Controllers\AdminController->get_project('dist', 'img', 'AdminLTELogo.png')
 7 SYSTEMPATH\CodeIgniter.php(502): CodeIgniter\CodeIgniter->runController(Object(App\Controllers\AdminController))
 8 SYSTEMPATH\CodeIgniter.php(361): CodeIgniter\CodeIgniter->handleRequest(null, Object(Config\Cache), false)
 9 FCPATH\index.php(79): CodeIgniter\CodeIgniter->run()
CRITICAL - 2024-03-13 12:54:56 --> ErrorException: Trying to access array offset on value of type bool
in APPPATH\Views\Admin\createproject.php on line 61.
 1 APPPATH\Views\Admin\createproject.php(61): CodeIgniter\Debug\Exceptions->errorHandler(8, 'Trying to access array offset on value of type bool', 'E:\\xampp\\htdocs\\miTech\\app\\Views\\Admin\\createproject.php', 61, [...])
 2 SYSTEMPATH\View\View.php(228): include('E:\\xampp\\htdocs\\miTech\\app\\Views\\Admin\\createproject.php')
 3 SYSTEMPATH\View\View.php(231): CodeIgniter\View\View->CodeIgniter\View\{closure}()
 4 SYSTEMPATH\Common.php(1178): CodeIgniter\View\View->render('Admin/createproject', [], true)
 5 APPPATH\Controllers\AdminController.php(194): view('Admin/createproject', [...])
 6 SYSTEMPATH\CodeIgniter.php(941): App\Controllers\AdminController->get_project('public', 'Images', 'mitech.png')
 7 SYSTEMPATH\CodeIgniter.php(502): CodeIgniter\CodeIgniter->runController(Object(App\Controllers\AdminController))
 8 SYSTEMPATH\CodeIgniter.php(361): CodeIgniter\CodeIgniter->handleRequest(null, Object(Config\Cache), false)
 9 FCPATH\index.php(79): CodeIgniter\CodeIgniter->run()
CRITICAL - 2024-03-13 12:54:56 --> ErrorException: Trying to access array offset on value of type bool
in APPPATH\Views\Admin\createproject.php on line 61.
 1 APPPATH\Views\Admin\createproject.php(61): CodeIgniter\Debug\Exceptions->errorHandler(8, 'Trying to access array offset on value of type bool', 'E:\\xampp\\htdocs\\miTech\\app\\Views\\Admin\\createproject.php', 61, [...])
 2 SYSTEMPATH\View\View.php(228): include('E:\\xampp\\htdocs\\miTech\\app\\Views\\Admin\\createproject.php')
 3 SYSTEMPATH\View\View.php(231): CodeIgniter\View\View->CodeIgniter\View\{closure}()
 4 SYSTEMPATH\Common.php(1178): CodeIgniter\View\View->render('Admin/createproject', [], true)
 5 APPPATH\Controllers\AdminController.php(194): view('Admin/createproject', [...])
 6 SYSTEMPATH\CodeIgniter.php(941): App\Controllers\AdminController->get_project('public', 'Images', 'Admin.png')
 7 SYSTEMPATH\CodeIgniter.php(502): CodeIgniter\CodeIgniter->runController(Object(App\Controllers\AdminController))
 8 SYSTEMPATH\CodeIgniter.php(361): CodeIgniter\CodeIgniter->handleRequest(null, Object(Config\Cache), false)
 9 FCPATH\index.php(79): CodeIgniter\CodeIgniter->run()
CRITICAL - 2024-03-13 12:54:57 --> ErrorException: Trying to access array offset on value of type bool
in APPPATH\Views\Admin\createproject.php on line 61.
 1 APPPATH\Views\Admin\createproject.php(61): CodeIgniter\Debug\Exceptions->errorHandler(8, 'Trying to access array offset on value of type bool', 'E:\\xampp\\htdocs\\miTech\\app\\Views\\Admin\\createproject.php', 61, [...])
 2 SYSTEMPATH\View\View.php(228): include('E:\\xampp\\htdocs\\miTech\\app\\Views\\Admin\\createproject.php')
 3 SYSTEMPATH\View\View.php(231): CodeIgniter\View\View->CodeIgniter\View\{closure}()
 4 SYSTEMPATH\Common.php(1178): CodeIgniter\View\View->render('Admin/createproject', [], true)
 5 APPPATH\Controllers\AdminController.php(194): view('Admin/createproject', [...])
 6 SYSTEMPATH\CodeIgniter.php(941): App\Controllers\AdminController->get_project('dist', 'img', 'AdminLTELogo.png')
 7 SYSTEMPATH\CodeIgniter.php(502): CodeIgniter\CodeIgniter->runController(Object(App\Controllers\AdminController))
 8 SYSTEMPATH\CodeIgniter.php(361): CodeIgniter\CodeIgniter->handleRequest(null, Object(Config\Cache), false)
 9 FCPATH\index.php(79): CodeIgniter\CodeIgniter->run()
INFO - 2024-03-13 12:55:01 --> Session: Class initialized using 'CodeIgniter\Session\Handlers\FileHandler' driver.
CRITICAL - 2024-03-13 12:55:01 --> ErrorException: Undefined variable: project_data
in APPPATH\Views\Admin\createproject.php on line 61.
 1 APPPATH\Views\Admin\createproject.php(61): CodeIgniter\Debug\Exceptions->errorHandler(8, 'Undefined variable: project_data', 'E:\\xampp\\htdocs\\miTech\\app\\Views\\Admin\\createproject.php', 61, [...])
 2 SYSTEMPATH\View\View.php(228): include('E:\\xampp\\htdocs\\miTech\\app\\Views\\Admin\\createproject.php')
 3 SYSTEMPATH\View\View.php(231): CodeIgniter\View\View->CodeIgniter\View\{closure}()
 4 SYSTEMPATH\Common.php(1178): CodeIgniter\View\View->render('Admin/createproject', [], true)
 5 APPPATH\Controllers\AdminController.php(50): view('Admin/createproject', [...])
 6 SYSTEMPATH\CodeIgniter.php(941): App\Controllers\AdminController->createproject()
 7 SYSTEMPATH\CodeIgniter.php(502): CodeIgniter\CodeIgniter->runController(Object(App\Controllers\AdminController))
 8 SYSTEMPATH\CodeIgniter.php(361): CodeIgniter\CodeIgniter->handleRequest(null, Object(Config\Cache), false)
 9 FCPATH\index.php(79): CodeIgniter\CodeIgniter->run()
INFO - 2024-03-13 12:55:16 --> Session: Class initialized using 'CodeIgniter\Session\Handlers\FileHandler' driver.
CRITICAL - 2024-03-13 12:55:16 --> ErrorException: Undefined variable: project_data
in APPPATH\Views\Admin\createproject.php on line 61.
 1 APPPATH\Views\Admin\createproject.php(61): CodeIgniter\Debug\Exceptions->errorHandler(8, 'Undefined variable: project_data', 'E:\\xampp\\htdocs\\miTech\\app\\Views\\Admin\\createproject.php', 61, [...])
 2 SYSTEMPATH\View\View.php(228): include('E:\\xampp\\htdocs\\miTech\\app\\Views\\Admin\\createproject.php')
 3 SYSTEMPATH\View\View.php(231): CodeIgniter\View\View->CodeIgniter\View\{closure}()
 4 SYSTEMPATH\Common.php(1178): CodeIgniter\View\View->render('Admin/createproject', [], true)
 5 APPPATH\Controllers\AdminController.php(50): view('Admin/createproject', [...])
 6 SYSTEMPATH\CodeIgniter.php(941): App\Controllers\AdminController->createproject()
 7 SYSTEMPATH\CodeIgniter.php(502): CodeIgniter\CodeIgniter->runController(Object(App\Controllers\AdminController))
 8 SYSTEMPATH\CodeIgniter.php(361): CodeIgniter\CodeIgniter->handleRequest(null, Object(Config\Cache), false)
 9 FCPATH\index.php(79): CodeIgniter\CodeIgniter->run()
CRITICAL - 2024-03-13 12:55:49 --> ErrorException: Trying to access array offset on value of type bool
in APPPATH\Views\Admin\createproject.php on line 61.
 1 APPPATH\Views\Admin\createproject.php(61): CodeIgniter\Debug\Exceptions->errorHandler(8, 'Trying to access array offset on value of type bool', 'E:\\xampp\\htdocs\\miTech\\app\\Views\\Admin\\createproject.php', 61, [...])
 2 SYSTEMPATH\View\View.php(228): include('E:\\xampp\\htdocs\\miTech\\app\\Views\\Admin\\createproject.php')
 3 SYSTEMPATH\View\View.php(231): CodeIgniter\View\View->CodeIgniter\View\{closure}()
 4 SYSTEMPATH\Common.php(1178): CodeIgniter\View\View->render('Admin/createproject', [], true)
 5 APPPATH\Controllers\AdminController.php(194): view('Admin/createproject', [...])
 6 SYSTEMPATH\CodeIgniter.php(941): App\Controllers\AdminController->get_project('public', 'Images', 'Admin.png')
 7 SYSTEMPATH\CodeIgniter.php(502): CodeIgniter\CodeIgniter->runController(Object(App\Controllers\AdminController))
 8 SYSTEMPATH\CodeIgniter.php(361): CodeIgniter\CodeIgniter->handleRequest(null, Object(Config\Cache), false)
 9 FCPATH\index.php(79): CodeIgniter\CodeIgniter->run()
CRITICAL - 2024-03-13 12:55:49 --> ErrorException: Trying to access array offset on value of type bool
in APPPATH\Views\Admin\createproject.php on line 61.
 1 APPPATH\Views\Admin\createproject.php(61): CodeIgniter\Debug\Exceptions->errorHandler(8, 'Trying to access array offset on value of type bool', 'E:\\xampp\\htdocs\\miTech\\app\\Views\\Admin\\createproject.php', 61, [...])
 2 SYSTEMPATH\View\View.php(228): include('E:\\xampp\\htdocs\\miTech\\app\\Views\\Admin\\createproject.php')
 3 SYSTEMPATH\View\View.php(231): CodeIgniter\View\View->CodeIgniter\View\{closure}()
 4 SYSTEMPATH\Common.php(1178): CodeIgniter\View\View->render('Admin/createproject', [], true)
 5 APPPATH\Controllers\AdminController.php(194): view('Admin/createproject', [...])
 6 SYSTEMPATH\CodeIgniter.php(941): App\Controllers\AdminController->get_project('public', 'Images', 'mitech.png')
 7 SYSTEMPATH\CodeIgniter.php(502): CodeIgniter\CodeIgniter->runController(Object(App\Controllers\AdminController))
 8 SYSTEMPATH\CodeIgniter.php(361): CodeIgniter\CodeIgniter->handleRequest(null, Object(Config\Cache), false)
 9 FCPATH\index.php(79): CodeIgniter\CodeIgniter->run()
CRITICAL - 2024-03-13 12:55:49 --> ErrorException: Trying to access array offset on value of type bool
in APPPATH\Views\Admin\createproject.php on line 61.
 1 APPPATH\Views\Admin\createproject.php(61): CodeIgniter\Debug\Exceptions->errorHandler(8, 'Trying to access array offset on value of type bool', 'E:\\xampp\\htdocs\\miTech\\app\\Views\\Admin\\createproject.php', 61, [...])
 2 SYSTEMPATH\View\View.php(228): include('E:\\xampp\\htdocs\\miTech\\app\\Views\\Admin\\createproject.php')
 3 SYSTEMPATH\View\View.php(231): CodeIgniter\View\View->CodeIgniter\View\{closure}()
 4 SYSTEMPATH\Common.php(1178): CodeIgniter\View\View->render('Admin/createproject', [], true)
 5 APPPATH\Controllers\AdminController.php(194): view('Admin/createproject', [...])
 6 SYSTEMPATH\CodeIgniter.php(941): App\Controllers\AdminController->get_project('dist', 'img', 'AdminLTELogo.png')
 7 SYSTEMPATH\CodeIgniter.php(502): CodeIgniter\CodeIgniter->runController(Object(App\Controllers\AdminController))
 8 SYSTEMPATH\CodeIgniter.php(361): CodeIgniter\CodeIgniter->handleRequest(null, Object(Config\Cache), false)
 9 FCPATH\index.php(79): CodeIgniter\CodeIgniter->run()
INFO - 2024-03-13 12:56:01 --> Session: Class initialized using 'CodeIgniter\Session\Handlers\FileHandler' driver.
INFO - 2024-03-13 12:56:10 --> Session: Class initialized using 'CodeIgniter\Session\Handlers\FileHandler' driver.
INFO - 2024-03-13 12:56:18 --> Session: Class initialized using 'CodeIgniter\Session\Handlers\FileHandler' driver.
CRITICAL - 2024-03-13 12:56:18 --> ErrorException: Undefined variable: project_data
in APPPATH\Views\Admin\createproject.php on line 61.
 1 APPPATH\Views\Admin\createproject.php(61): CodeIgniter\Debug\Exceptions->errorHandler(8, 'Undefined variable: project_data', 'E:\\xampp\\htdocs\\miTech\\app\\Views\\Admin\\createproject.php', 61, [...])
 2 SYSTEMPATH\View\View.php(228): include('E:\\xampp\\htdocs\\miTech\\app\\Views\\Admin\\createproject.php')
 3 SYSTEMPATH\View\View.php(231): CodeIgniter\View\View->CodeIgniter\View\{closure}()
 4 SYSTEMPATH\Common.php(1178): CodeIgniter\View\View->render('Admin/createproject', [], true)
 5 APPPATH\Controllers\AdminController.php(50): view('Admin/createproject', [...])
 6 SYSTEMPATH\CodeIgniter.php(941): App\Controllers\AdminController->createproject()
 7 SYSTEMPATH\CodeIgniter.php(502): CodeIgniter\CodeIgniter->runController(Object(App\Controllers\AdminController))
 8 SYSTEMPATH\CodeIgniter.php(361): CodeIgniter\CodeIgniter->handleRequest(null, Object(Config\Cache), false)
 9 FCPATH\index.php(79): CodeIgniter\CodeIgniter->run()
INFO - 2024-03-13 12:57:09 --> Session: Class initialized using 'CodeIgniter\Session\Handlers\FileHandler' driver.
CRITICAL - 2024-03-13 12:57:09 --> ErrorException: Undefined variable: project_data
in APPPATH\Views\Admin\createproject.php on line 61.
 1 APPPATH\Views\Admin\createproject.php(61): CodeIgniter\Debug\Exceptions->errorHandler(8, 'Undefined variable: project_data', 'E:\\xampp\\htdocs\\miTech\\app\\Views\\Admin\\createproject.php', 61, [...])
 2 SYSTEMPATH\View\View.php(228): include('E:\\xampp\\htdocs\\miTech\\app\\Views\\Admin\\createproject.php')
 3 SYSTEMPATH\View\View.php(231): CodeIgniter\View\View->CodeIgniter\View\{closure}()
 4 SYSTEMPATH\Common.php(1178): CodeIgniter\View\View->render('Admin/createproject', [], true)
 5 APPPATH\Controllers\AdminController.php(50): view('Admin/createproject', [...])
 6 SYSTEMPATH\CodeIgniter.php(941): App\Controllers\AdminController->createproject()
 7 SYSTEMPATH\CodeIgniter.php(502): CodeIgniter\CodeIgniter->runController(Object(App\Controllers\AdminController))
 8 SYSTEMPATH\CodeIgniter.php(361): CodeIgniter\CodeIgniter->handleRequest(null, Object(Config\Cache), false)
 9 FCPATH\index.php(79): CodeIgniter\CodeIgniter->run()
INFO - 2024-03-13 13:03:44 --> Session: Class initialized using 'CodeIgniter\Session\Handlers\FileHandler' driver.
CRITICAL - 2024-03-13 13:03:44 --> ErrorException: Undefined variable: project_data
in APPPATH\Views\Admin\createproject.php on line 62.
 1 APPPATH\Views\Admin\createproject.php(62): CodeIgniter\Debug\Exceptions->errorHandler(8, 'Undefined variable: project_data', 'E:\\xampp\\htdocs\\miTech\\app\\Views\\Admin\\createproject.php', 62, [...])
 2 SYSTEMPATH\View\View.php(228): include('E:\\xampp\\htdocs\\miTech\\app\\Views\\Admin\\createproject.php')
 3 SYSTEMPATH\View\View.php(231): CodeIgniter\View\View->CodeIgniter\View\{closure}()
 4 SYSTEMPATH\Common.php(1178): CodeIgniter\View\View->render('Admin/createproject', [], true)
 5 APPPATH\Controllers\AdminController.php(50): view('Admin/createproject', [...])
 6 SYSTEMPATH\CodeIgniter.php(941): App\Controllers\AdminController->createproject()
 7 SYSTEMPATH\CodeIgniter.php(502): CodeIgniter\CodeIgniter->runController(Object(App\Controllers\AdminController))
 8 SYSTEMPATH\CodeIgniter.php(361): CodeIgniter\CodeIgniter->handleRequest(null, Object(Config\Cache), false)
 9 FCPATH\index.php(79): CodeIgniter\CodeIgniter->run()
INFO - 2024-03-13 13:04:52 --> Session: Class initialized using 'CodeIgniter\Session\Handlers\FileHandler' driver.
CRITICAL - 2024-03-13 13:04:52 --> ErrorException: Undefined variable: project_data
in APPPATH\Views\Admin\createproject.php on line 62.
 1 APPPATH\Views\Admin\createproject.php(62): CodeIgniter\Debug\Exceptions->errorHandler(8, 'Undefined variable: project_data', 'E:\\xampp\\htdocs\\miTech\\app\\Views\\Admin\\createproject.php', 62, [...])
 2 SYSTEMPATH\View\View.php(228): include('E:\\xampp\\htdocs\\miTech\\app\\Views\\Admin\\createproject.php')
 3 SYSTEMPATH\View\View.php(231): CodeIgniter\View\View->CodeIgniter\View\{closure}()
 4 SYSTEMPATH\Common.php(1178): CodeIgniter\View\View->render('Admin/createproject', [], true)
 5 APPPATH\Controllers\AdminController.php(50): view('Admin/createproject', [...])
 6 SYSTEMPATH\CodeIgniter.php(941): App\Controllers\AdminController->createproject()
 7 SYSTEMPATH\CodeIgniter.php(502): CodeIgniter\CodeIgniter->runController(Object(App\Controllers\AdminController))
 8 SYSTEMPATH\CodeIgniter.php(361): CodeIgniter\CodeIgniter->handleRequest(null, Object(Config\Cache), false)
 9 FCPATH\index.php(79): CodeIgniter\CodeIgniter->run()
