CRITICAL - 2024-02-21 07:15:08 --> CodeIgniter\Database\Exceptions\DataException: There is no data to insert.
in SYSTEMPATH\BaseModel.php on line 788.
 1 SYSTEMPATH\BaseModel.php(788): CodeIgniter\Database\Exceptions\DataException::forEmptyDataset('insert')
 2 SYSTEMPATH\Model.php(744): CodeIgniter\BaseModel->insert([], true)
 3 APPPATH\Models\Adminmodel.php(16): CodeIgniter\Model->insert([...])
 4 APPPATH\Controllers\AdminController.php(70): App\Models\Adminmodel->insertData('tbl_project', [...])
 5 SYSTEMPATH\CodeIgniter.php(941): App\Controllers\AdminController->project()
 6 SYSTEMPATH\CodeIgniter.php(502): CodeIgniter\CodeIgniter->runController(Object(App\Controllers\AdminController))
 7 SYSTEMPATH\CodeIgniter.php(361): CodeIgniter\CodeIgniter->handleRequest(null, Object(Config\Cache), false)
 8 FCPATH\index.php(79): CodeIgniter\CodeIgniter->run()
CRITICAL - 2024-02-21 07:20:58 --> CodeIgniter\Database\Exceptions\DataException: There is no data to insert.
in SYSTEMPATH\BaseModel.php on line 788.
 1 SYSTEMPATH\BaseModel.php(788): CodeIgniter\Database\Exceptions\DataException::forEmptyDataset('insert')
 2 SYSTEMPATH\Model.php(744): CodeIgniter\BaseModel->insert([], true)
 3 APPPATH\Models\Adminmodel.php(22): CodeIgniter\Model->insert([...])
 4 APPPATH\Controllers\AdminController.php(71): App\Models\Adminmodel->insertData('tbl_project', [...])
 5 SYSTEMPATH\CodeIgniter.php(941): App\Controllers\AdminController->project()
 6 SYSTEMPATH\CodeIgniter.php(502): CodeIgniter\CodeIgniter->runController(Object(App\Controllers\AdminController))
 7 SYSTEMPATH\CodeIgniter.php(361): CodeIgniter\CodeIgniter->handleRequest(null, Object(Config\Cache), false)
 8 FCPATH\index.php(79): CodeIgniter\CodeIgniter->run()
CRITICAL - 2024-02-21 07:24:07 --> TypeError: CodeIgniter\Model::insert(): Argument #2 ($returnID) must be of type bool, array given, called in C:\xampp\htdocs\miTech\app\Controllers\AdminController.php on line 71
in SYSTEMPATH\Model.php on line 730.
 1 APPPATH\Controllers\AdminController.php(71): CodeIgniter\Model->insert('tbl_project', [...])
 2 SYSTEMPATH\CodeIgniter.php(941): App\Controllers\AdminController->project()
 3 SYSTEMPATH\CodeIgniter.php(502): CodeIgniter\CodeIgniter->runController(Object(App\Controllers\AdminController))
 4 SYSTEMPATH\CodeIgniter.php(361): CodeIgniter\CodeIgniter->handleRequest(null, Object(Config\Cache), false)
 5 FCPATH\index.php(79): CodeIgniter\CodeIgniter->run()
CRITICAL - 2024-02-21 07:25:29 --> CodeIgniter\Database\Exceptions\DataException: There is no data to insert.
in SYSTEMPATH\BaseModel.php on line 788.
 1 SYSTEMPATH\BaseModel.php(788): CodeIgniter\Database\Exceptions\DataException::forEmptyDataset('insert')
 2 SYSTEMPATH\Model.php(744): CodeIgniter\BaseModel->insert([], true)
 3 APPPATH\Models\Adminmodel.php(23): CodeIgniter\Model->insert([...])
 4 APPPATH\Controllers\AdminController.php(71): App\Models\Adminmodel->insertData('tbl_project', [...])
 5 SYSTEMPATH\CodeIgniter.php(941): App\Controllers\AdminController->project()
 6 SYSTEMPATH\CodeIgniter.php(502): CodeIgniter\CodeIgniter->runController(Object(App\Controllers\AdminController))
 7 SYSTEMPATH\CodeIgniter.php(361): CodeIgniter\CodeIgniter->handleRequest(null, Object(Config\Cache), false)
 8 FCPATH\index.php(79): CodeIgniter\CodeIgniter->run()
CRITICAL - 2024-02-21 08:45:06 --> CodeIgniter\Database\Exceptions\DataException: There is no data to insert.
in SYSTEMPATH\BaseModel.php on line 788.
 1 SYSTEMPATH\BaseModel.php(788): CodeIgniter\Database\Exceptions\DataException::forEmptyDataset('insert')
 2 SYSTEMPATH\Model.php(744): CodeIgniter\BaseModel->insert([], true)
 3 APPPATH\Models\Adminmodel.php(28): CodeIgniter\Model->insert([...])
 4 APPPATH\Controllers\AdminController.php(71): App\Models\Adminmodel->insertDatatoproject('tbl_project', [...])
 5 SYSTEMPATH\CodeIgniter.php(941): App\Controllers\AdminController->project()
 6 SYSTEMPATH\CodeIgniter.php(502): CodeIgniter\CodeIgniter->runController(Object(App\Controllers\AdminController))
 7 SYSTEMPATH\CodeIgniter.php(361): CodeIgniter\CodeIgniter->handleRequest(null, Object(Config\Cache), false)
 8 FCPATH\index.php(79): CodeIgniter\CodeIgniter->run()
CRITICAL - 2024-02-21 09:09:11 --> CodeIgniter\Database\Exceptions\DataException: There is no data to insert.
in SYSTEMPATH\BaseModel.php on line 788.
 1 SYSTEMPATH\BaseModel.php(788): CodeIgniter\Database\Exceptions\DataException::forEmptyDataset('insert')
 2 SYSTEMPATH\Model.php(744): CodeIgniter\BaseModel->insert([], true)
 3 APPPATH\Models\Adminmodel.php(27): CodeIgniter\Model->insert([...])
 4 APPPATH\Controllers\AdminController.php(71): App\Models\Adminmodel->insertDatatoproject([...])
 5 SYSTEMPATH\CodeIgniter.php(941): App\Controllers\AdminController->project()
 6 SYSTEMPATH\CodeIgniter.php(502): CodeIgniter\CodeIgniter->runController(Object(App\Controllers\AdminController))
 7 SYSTEMPATH\CodeIgniter.php(361): CodeIgniter\CodeIgniter->handleRequest(null, Object(Config\Cache), false)
 8 FCPATH\index.php(79): CodeIgniter\CodeIgniter->run()
CRITICAL - 2024-02-21 09:11:28 --> CodeIgniter\Database\Exceptions\DataException: There is no data to insert.
in SYSTEMPATH\BaseModel.php on line 788.
 1 SYSTEMPATH\BaseModel.php(788): CodeIgniter\Database\Exceptions\DataException::forEmptyDataset('insert')
 2 SYSTEMPATH\Model.php(744): CodeIgniter\BaseModel->insert([], true)
 3 APPPATH\Models\Adminmodel.php(27): CodeIgniter\Model->insert([...])
 4 APPPATH\Controllers\AdminController.php(71): App\Models\Adminmodel->insertDatatoproject([...])
 5 SYSTEMPATH\CodeIgniter.php(941): App\Controllers\AdminController->project()
 6 SYSTEMPATH\CodeIgniter.php(502): CodeIgniter\CodeIgniter->runController(Object(App\Controllers\AdminController))
 7 SYSTEMPATH\CodeIgniter.php(361): CodeIgniter\CodeIgniter->handleRequest(null, Object(Config\Cache), false)
 8 FCPATH\index.php(79): CodeIgniter\CodeIgniter->run()
CRITICAL - 2024-02-21 09:11:31 --> CodeIgniter\Database\Exceptions\DataException: There is no data to insert.
in SYSTEMPATH\BaseModel.php on line 788.
 1 SYSTEMPATH\BaseModel.php(788): CodeIgniter\Database\Exceptions\DataException::forEmptyDataset('insert')
 2 SYSTEMPATH\Model.php(744): CodeIgniter\BaseModel->insert([], true)
 3 APPPATH\Models\Adminmodel.php(27): CodeIgniter\Model->insert([...])
 4 APPPATH\Controllers\AdminController.php(71): App\Models\Adminmodel->insertDatatoproject([...])
 5 SYSTEMPATH\CodeIgniter.php(941): App\Controllers\AdminController->project()
 6 SYSTEMPATH\CodeIgniter.php(502): CodeIgniter\CodeIgniter->runController(Object(App\Controllers\AdminController))
 7 SYSTEMPATH\CodeIgniter.php(361): CodeIgniter\CodeIgniter->handleRequest(null, Object(Config\Cache), false)
 8 FCPATH\index.php(79): CodeIgniter\CodeIgniter->run()
CRITICAL - 2024-02-21 09:24:30 --> CodeIgniter\Database\Exceptions\DataException: There is no data to insert.
in SYSTEMPATH\BaseModel.php on line 788.
 1 SYSTEMPATH\BaseModel.php(788): CodeIgniter\Database\Exceptions\DataException::forEmptyDataset('insert')
 2 SYSTEMPATH\Model.php(744): CodeIgniter\BaseModel->insert([], true)
 3 APPPATH\Models\Adminmodel.php(27): CodeIgniter\Model->insert([...])
 4 APPPATH\Controllers\AdminController.php(71): App\Models\Adminmodel->insertDatatoproject([...])
 5 SYSTEMPATH\CodeIgniter.php(941): App\Controllers\AdminController->project()
 6 SYSTEMPATH\CodeIgniter.php(502): CodeIgniter\CodeIgniter->runController(Object(App\Controllers\AdminController))
 7 SYSTEMPATH\CodeIgniter.php(361): CodeIgniter\CodeIgniter->handleRequest(null, Object(Config\Cache), false)
 8 FCPATH\index.php(79): CodeIgniter\CodeIgniter->run()
CRITICAL - 2024-02-21 09:26:35 --> CodeIgniter\Database\Exceptions\DataException: There is no data to insert.
in SYSTEMPATH\BaseModel.php on line 788.
 1 SYSTEMPATH\BaseModel.php(788): CodeIgniter\Database\Exceptions\DataException::forEmptyDataset('insert')
 2 SYSTEMPATH\Model.php(744): CodeIgniter\BaseModel->insert([], true)
 3 APPPATH\Models\Adminmodel.php(28): CodeIgniter\Model->insert([...])
 4 APPPATH\Controllers\AdminController.php(71): App\Models\Adminmodel->insertDatatoproject([...])
 5 SYSTEMPATH\CodeIgniter.php(941): App\Controllers\AdminController->project()
 6 SYSTEMPATH\CodeIgniter.php(502): CodeIgniter\CodeIgniter->runController(Object(App\Controllers\AdminController))
 7 SYSTEMPATH\CodeIgniter.php(361): CodeIgniter\CodeIgniter->handleRequest(null, Object(Config\Cache), false)
 8 FCPATH\index.php(79): CodeIgniter\CodeIgniter->run()
ERROR - 2024-02-21 09:28:38 --> mysqli_sql_exception: Unknown column 'project_name' in 'field list' in C:\xampp\htdocs\miTech\system\Database\MySQLi\Connection.php:306
Stack trace:
#0 C:\xampp\htdocs\miTech\system\Database\MySQLi\Connection.php(306): mysqli->query('INSERT INTO `tb...', 0)
#1 C:\xampp\htdocs\miTech\system\Database\BaseConnection.php(693): CodeIgniter\Database\MySQLi\Connection->execute('INSERT INTO `tb...')
#2 C:\xampp\htdocs\miTech\system\Database\BaseConnection.php(607): CodeIgniter\Database\BaseConnection->simpleQuery('INSERT INTO `tb...')
#3 C:\xampp\htdocs\miTech\system\Database\BaseBuilder.php(2307): CodeIgniter\Database\BaseConnection->query('INSERT INTO `tb...', Array, false)
#4 C:\xampp\htdocs\miTech\app\Models\Adminmodel.php(29): CodeIgniter\Database\BaseBuilder->insert(Array)
#5 C:\xampp\htdocs\miTech\app\Controllers\AdminController.php(71): App\Models\Adminmodel->insertDatatoproject(Array)
#6 C:\xampp\htdocs\miTech\system\CodeIgniter.php(941): App\Controllers\AdminController->project()
#7 C:\xampp\htdocs\miTech\system\CodeIgniter.php(502): CodeIgniter\CodeIgniter->runController(Object(App\Controllers\AdminController))
#8 C:\xampp\htdocs\miTech\system\CodeIgniter.php(361): CodeIgniter\CodeIgniter->handleRequest(NULL, Object(Config\Cache), false)
#9 C:\xampp\htdocs\miTech\index.php(79): CodeIgniter\CodeIgniter->run()
#10 {main}
CRITICAL - 2024-02-21 09:28:38 --> CodeIgniter\Database\Exceptions\DatabaseException: Unknown column 'project_name' in 'field list'
in SYSTEMPATH\Database\BaseConnection.php on line 647.
 1 SYSTEMPATH\Database\BaseBuilder.php(2307): CodeIgniter\Database\BaseConnection->query('INSERT INTO `tbl_project` (`project_name`, `client_name`, `client_email`, `client_mobile_no`, `technology`, `start_date`, `delivery_date`) VALUES (:project_name:, :client_name:, :client_email:, :client_mobile_no:, :technology:, :start_date:, :delivery_date:)', [...], false)
 2 APPPATH\Models\Adminmodel.php(29): CodeIgniter\Database\BaseBuilder->insert([...])
 3 APPPATH\Controllers\AdminController.php(71): App\Models\Adminmodel->insertDatatoproject([...])
 4 SYSTEMPATH\CodeIgniter.php(941): App\Controllers\AdminController->project()
 5 SYSTEMPATH\CodeIgniter.php(502): CodeIgniter\CodeIgniter->runController(Object(App\Controllers\AdminController))
 6 SYSTEMPATH\CodeIgniter.php(361): CodeIgniter\CodeIgniter->handleRequest(null, Object(Config\Cache), false)
 7 FCPATH\index.php(79): CodeIgniter\CodeIgniter->run()
CRITICAL - 2024-02-21 09:28:38 --> [Caused by] CodeIgniter\Database\Exceptions\DatabaseException: Unknown column 'project_name' in 'field list'
in SYSTEMPATH\Database\MySQLi\Connection.php on line 311.
 1 SYSTEMPATH\Database\BaseConnection.php(693): CodeIgniter\Database\MySQLi\Connection->execute('INSERT INTO `tbl_project` (`project_name`, `client_name`, `client_email`, `client_mobile_no`, `technology`, `start_date`, `delivery_date`) VALUES (\'Enatyam\', \'Ram\', \'siddheshkadge123@gmail.com\', \'5432112112\', \'PHP\', \'2024-02-01\', \'2024-02-24\')')
 2 SYSTEMPATH\Database\BaseConnection.php(607): CodeIgniter\Database\BaseConnection->simpleQuery('INSERT INTO `tbl_project` (`project_name`, `client_name`, `client_email`, `client_mobile_no`, `technology`, `start_date`, `delivery_date`) VALUES (\'Enatyam\', \'Ram\', \'siddheshkadge123@gmail.com\', \'5432112112\', \'PHP\', \'2024-02-01\', \'2024-02-24\')')
 3 SYSTEMPATH\Database\BaseBuilder.php(2307): CodeIgniter\Database\BaseConnection->query('INSERT INTO `tbl_project` (`project_name`, `client_name`, `client_email`, `client_mobile_no`, `technology`, `start_date`, `delivery_date`) VALUES (:project_name:, :client_name:, :client_email:, :client_mobile_no:, :technology:, :start_date:, :delivery_date:)', [...], false)
 4 APPPATH\Models\Adminmodel.php(29): CodeIgniter\Database\BaseBuilder->insert([...])
 5 APPPATH\Controllers\AdminController.php(71): App\Models\Adminmodel->insertDatatoproject([...])
 6 SYSTEMPATH\CodeIgniter.php(941): App\Controllers\AdminController->project()
 7 SYSTEMPATH\CodeIgniter.php(502): CodeIgniter\CodeIgniter->runController(Object(App\Controllers\AdminController))
 8 SYSTEMPATH\CodeIgniter.php(361): CodeIgniter\CodeIgniter->handleRequest(null, Object(Config\Cache), false)
 9 FCPATH\index.php(79): CodeIgniter\CodeIgniter->run()
CRITICAL - 2024-02-21 09:28:38 --> [Caused by] mysqli_sql_exception: Unknown column 'project_name' in 'field list'
in SYSTEMPATH\Database\MySQLi\Connection.php on line 306.
 1 SYSTEMPATH\Database\MySQLi\Connection.php(306): mysqli->query('INSERT INTO `tbl_project` (`project_name`, `client_name`, `client_email`, `client_mobile_no`, `technology`, `start_date`, `delivery_date`) VALUES (\'Enatyam\', \'Ram\', \'siddheshkadge123@gmail.com\', \'5432112112\', \'PHP\', \'2024-02-01\', \'2024-02-24\')', 0)
 2 SYSTEMPATH\Database\BaseConnection.php(693): CodeIgniter\Database\MySQLi\Connection->execute('INSERT INTO `tbl_project` (`project_name`, `client_name`, `client_email`, `client_mobile_no`, `technology`, `start_date`, `delivery_date`) VALUES (\'Enatyam\', \'Ram\', \'siddheshkadge123@gmail.com\', \'5432112112\', \'PHP\', \'2024-02-01\', \'2024-02-24\')')
 3 SYSTEMPATH\Database\BaseConnection.php(607): CodeIgniter\Database\BaseConnection->simpleQuery('INSERT INTO `tbl_project` (`project_name`, `client_name`, `client_email`, `client_mobile_no`, `technology`, `start_date`, `delivery_date`) VALUES (\'Enatyam\', \'Ram\', \'siddheshkadge123@gmail.com\', \'5432112112\', \'PHP\', \'2024-02-01\', \'2024-02-24\')')
 4 SYSTEMPATH\Database\BaseBuilder.php(2307): CodeIgniter\Database\BaseConnection->query('INSERT INTO `tbl_project` (`project_name`, `client_name`, `client_email`, `client_mobile_no`, `technology`, `start_date`, `delivery_date`) VALUES (:project_name:, :client_name:, :client_email:, :client_mobile_no:, :technology:, :start_date:, :delivery_date:)', [...], false)
 5 APPPATH\Models\Adminmodel.php(29): CodeIgniter\Database\BaseBuilder->insert([...])
 6 APPPATH\Controllers\AdminController.php(71): App\Models\Adminmodel->insertDatatoproject([...])
 7 SYSTEMPATH\CodeIgniter.php(941): App\Controllers\AdminController->project()
 8 SYSTEMPATH\CodeIgniter.php(502): CodeIgniter\CodeIgniter->runController(Object(App\Controllers\AdminController))
 9 SYSTEMPATH\CodeIgniter.php(361): CodeIgniter\CodeIgniter->handleRequest(null, Object(Config\Cache), false)
10 FCPATH\index.php(79): CodeIgniter\CodeIgniter->run()
ERROR - 2024-02-21 09:29:16 --> mysqli_sql_exception: Unknown column 'project_name' in 'field list' in C:\xampp\htdocs\miTech\system\Database\MySQLi\Connection.php:306
Stack trace:
#0 C:\xampp\htdocs\miTech\system\Database\MySQLi\Connection.php(306): mysqli->query('INSERT INTO `tb...', 0)
#1 C:\xampp\htdocs\miTech\system\Database\BaseConnection.php(693): CodeIgniter\Database\MySQLi\Connection->execute('INSERT INTO `tb...')
#2 C:\xampp\htdocs\miTech\system\Database\BaseConnection.php(607): CodeIgniter\Database\BaseConnection->simpleQuery('INSERT INTO `tb...')
#3 C:\xampp\htdocs\miTech\system\Database\BaseBuilder.php(2307): CodeIgniter\Database\BaseConnection->query('INSERT INTO `tb...', Array, false)
#4 C:\xampp\htdocs\miTech\app\Models\Adminmodel.php(29): CodeIgniter\Database\BaseBuilder->insert(Array)
#5 C:\xampp\htdocs\miTech\app\Controllers\AdminController.php(71): App\Models\Adminmodel->insertDatatoproject(Array)
#6 C:\xampp\htdocs\miTech\system\CodeIgniter.php(941): App\Controllers\AdminController->project()
#7 C:\xampp\htdocs\miTech\system\CodeIgniter.php(502): CodeIgniter\CodeIgniter->runController(Object(App\Controllers\AdminController))
#8 C:\xampp\htdocs\miTech\system\CodeIgniter.php(361): CodeIgniter\CodeIgniter->handleRequest(NULL, Object(Config\Cache), false)
#9 C:\xampp\htdocs\miTech\index.php(79): CodeIgniter\CodeIgniter->run()
#10 {main}
CRITICAL - 2024-02-21 09:29:16 --> CodeIgniter\Database\Exceptions\DatabaseException: Unknown column 'project_name' in 'field list'
in SYSTEMPATH\Database\BaseConnection.php on line 647.
 1 SYSTEMPATH\Database\BaseBuilder.php(2307): CodeIgniter\Database\BaseConnection->query('INSERT INTO `tbl_project` (`project_name`, `client_name`, `client_email`, `client_mobile_no`, `technology`, `start_date`, `delivery_date`) VALUES (:project_name:, :client_name:, :client_email:, :client_mobile_no:, :technology:, :start_date:, :delivery_date:)', [...], false)
 2 APPPATH\Models\Adminmodel.php(29): CodeIgniter\Database\BaseBuilder->insert([...])
 3 APPPATH\Controllers\AdminController.php(71): App\Models\Adminmodel->insertDatatoproject([...])
 4 SYSTEMPATH\CodeIgniter.php(941): App\Controllers\AdminController->project()
 5 SYSTEMPATH\CodeIgniter.php(502): CodeIgniter\CodeIgniter->runController(Object(App\Controllers\AdminController))
 6 SYSTEMPATH\CodeIgniter.php(361): CodeIgniter\CodeIgniter->handleRequest(null, Object(Config\Cache), false)
 7 FCPATH\index.php(79): CodeIgniter\CodeIgniter->run()
CRITICAL - 2024-02-21 09:29:16 --> [Caused by] CodeIgniter\Database\Exceptions\DatabaseException: Unknown column 'project_name' in 'field list'
in SYSTEMPATH\Database\MySQLi\Connection.php on line 311.
 1 SYSTEMPATH\Database\BaseConnection.php(693): CodeIgniter\Database\MySQLi\Connection->execute('INSERT INTO `tbl_project` (`project_name`, `client_name`, `client_email`, `client_mobile_no`, `technology`, `start_date`, `delivery_date`) VALUES (\'Enatyam\', \'Ram\', \'siddheshkadge123@gmail.com\', \'5432112112\', \'PHP\', \'2024-01-31\', \'2024-02-28\')')
 2 SYSTEMPATH\Database\BaseConnection.php(607): CodeIgniter\Database\BaseConnection->simpleQuery('INSERT INTO `tbl_project` (`project_name`, `client_name`, `client_email`, `client_mobile_no`, `technology`, `start_date`, `delivery_date`) VALUES (\'Enatyam\', \'Ram\', \'siddheshkadge123@gmail.com\', \'5432112112\', \'PHP\', \'2024-01-31\', \'2024-02-28\')')
 3 SYSTEMPATH\Database\BaseBuilder.php(2307): CodeIgniter\Database\BaseConnection->query('INSERT INTO `tbl_project` (`project_name`, `client_name`, `client_email`, `client_mobile_no`, `technology`, `start_date`, `delivery_date`) VALUES (:project_name:, :client_name:, :client_email:, :client_mobile_no:, :technology:, :start_date:, :delivery_date:)', [...], false)
 4 APPPATH\Models\Adminmodel.php(29): CodeIgniter\Database\BaseBuilder->insert([...])
 5 APPPATH\Controllers\AdminController.php(71): App\Models\Adminmodel->insertDatatoproject([...])
 6 SYSTEMPATH\CodeIgniter.php(941): App\Controllers\AdminController->project()
 7 SYSTEMPATH\CodeIgniter.php(502): CodeIgniter\CodeIgniter->runController(Object(App\Controllers\AdminController))
 8 SYSTEMPATH\CodeIgniter.php(361): CodeIgniter\CodeIgniter->handleRequest(null, Object(Config\Cache), false)
 9 FCPATH\index.php(79): CodeIgniter\CodeIgniter->run()
CRITICAL - 2024-02-21 09:29:16 --> [Caused by] mysqli_sql_exception: Unknown column 'project_name' in 'field list'
in SYSTEMPATH\Database\MySQLi\Connection.php on line 306.
 1 SYSTEMPATH\Database\MySQLi\Connection.php(306): mysqli->query('INSERT INTO `tbl_project` (`project_name`, `client_name`, `client_email`, `client_mobile_no`, `technology`, `start_date`, `delivery_date`) VALUES (\'Enatyam\', \'Ram\', \'siddheshkadge123@gmail.com\', \'5432112112\', \'PHP\', \'2024-01-31\', \'2024-02-28\')', 0)
 2 SYSTEMPATH\Database\BaseConnection.php(693): CodeIgniter\Database\MySQLi\Connection->execute('INSERT INTO `tbl_project` (`project_name`, `client_name`, `client_email`, `client_mobile_no`, `technology`, `start_date`, `delivery_date`) VALUES (\'Enatyam\', \'Ram\', \'siddheshkadge123@gmail.com\', \'5432112112\', \'PHP\', \'2024-01-31\', \'2024-02-28\')')
 3 SYSTEMPATH\Database\BaseConnection.php(607): CodeIgniter\Database\BaseConnection->simpleQuery('INSERT INTO `tbl_project` (`project_name`, `client_name`, `client_email`, `client_mobile_no`, `technology`, `start_date`, `delivery_date`) VALUES (\'Enatyam\', \'Ram\', \'siddheshkadge123@gmail.com\', \'5432112112\', \'PHP\', \'2024-01-31\', \'2024-02-28\')')
 4 SYSTEMPATH\Database\BaseBuilder.php(2307): CodeIgniter\Database\BaseConnection->query('INSERT INTO `tbl_project` (`project_name`, `client_name`, `client_email`, `client_mobile_no`, `technology`, `start_date`, `delivery_date`) VALUES (:project_name:, :client_name:, :client_email:, :client_mobile_no:, :technology:, :start_date:, :delivery_date:)', [...], false)
 5 APPPATH\Models\Adminmodel.php(29): CodeIgniter\Database\BaseBuilder->insert([...])
 6 APPPATH\Controllers\AdminController.php(71): App\Models\Adminmodel->insertDatatoproject([...])
 7 SYSTEMPATH\CodeIgniter.php(941): App\Controllers\AdminController->project()
 8 SYSTEMPATH\CodeIgniter.php(502): CodeIgniter\CodeIgniter->runController(Object(App\Controllers\AdminController))
 9 SYSTEMPATH\CodeIgniter.php(361): CodeIgniter\CodeIgniter->handleRequest(null, Object(Config\Cache), false)
10 FCPATH\index.php(79): CodeIgniter\CodeIgniter->run()
ERROR - 2024-02-21 09:30:34 --> mysqli_sql_exception: Unknown column 'project_name' in 'field list' in C:\xampp\htdocs\miTech\system\Database\MySQLi\Connection.php:306
Stack trace:
#0 C:\xampp\htdocs\miTech\system\Database\MySQLi\Connection.php(306): mysqli->query('INSERT INTO `tb...', 0)
#1 C:\xampp\htdocs\miTech\system\Database\BaseConnection.php(693): CodeIgniter\Database\MySQLi\Connection->execute('INSERT INTO `tb...')
#2 C:\xampp\htdocs\miTech\system\Database\BaseConnection.php(607): CodeIgniter\Database\BaseConnection->simpleQuery('INSERT INTO `tb...')
#3 C:\xampp\htdocs\miTech\system\Database\BaseBuilder.php(2307): CodeIgniter\Database\BaseConnection->query('INSERT INTO `tb...', Array, false)
#4 C:\xampp\htdocs\miTech\app\Models\Adminmodel.php(24): CodeIgniter\Database\BaseBuilder->insert(Array)
#5 C:\xampp\htdocs\miTech\app\Controllers\AdminController.php(71): App\Models\Adminmodel->insertDatatoproject(Array)
#6 C:\xampp\htdocs\miTech\system\CodeIgniter.php(941): App\Controllers\AdminController->project()
#7 C:\xampp\htdocs\miTech\system\CodeIgniter.php(502): CodeIgniter\CodeIgniter->runController(Object(App\Controllers\AdminController))
#8 C:\xampp\htdocs\miTech\system\CodeIgniter.php(361): CodeIgniter\CodeIgniter->handleRequest(NULL, Object(Config\Cache), false)
#9 C:\xampp\htdocs\miTech\index.php(79): CodeIgniter\CodeIgniter->run()
#10 {main}
CRITICAL - 2024-02-21 09:30:34 --> CodeIgniter\Database\Exceptions\DatabaseException: Unknown column 'project_name' in 'field list'
in SYSTEMPATH\Database\BaseConnection.php on line 647.
 1 SYSTEMPATH\Database\BaseBuilder.php(2307): CodeIgniter\Database\BaseConnection->query('INSERT INTO `tbl_project` (`project_name`, `client_name`, `client_email`, `client_mobile_no`, `technology`, `start_date`, `delivery_date`) VALUES (:project_name:, :client_name:, :client_email:, :client_mobile_no:, :technology:, :start_date:, :delivery_date:)', [...], false)
 2 APPPATH\Models\Adminmodel.php(24): CodeIgniter\Database\BaseBuilder->insert([...])
 3 APPPATH\Controllers\AdminController.php(71): App\Models\Adminmodel->insertDatatoproject([...])
 4 SYSTEMPATH\CodeIgniter.php(941): App\Controllers\AdminController->project()
 5 SYSTEMPATH\CodeIgniter.php(502): CodeIgniter\CodeIgniter->runController(Object(App\Controllers\AdminController))
 6 SYSTEMPATH\CodeIgniter.php(361): CodeIgniter\CodeIgniter->handleRequest(null, Object(Config\Cache), false)
 7 FCPATH\index.php(79): CodeIgniter\CodeIgniter->run()
CRITICAL - 2024-02-21 09:30:34 --> [Caused by] CodeIgniter\Database\Exceptions\DatabaseException: Unknown column 'project_name' in 'field list'
in SYSTEMPATH\Database\MySQLi\Connection.php on line 311.
 1 SYSTEMPATH\Database\BaseConnection.php(693): CodeIgniter\Database\MySQLi\Connection->execute('INSERT INTO `tbl_project` (`project_name`, `client_name`, `client_email`, `client_mobile_no`, `technology`, `start_date`, `delivery_date`) VALUES (\'Enatyam\', \'Ram\', \'siddheshkadge123@gmail.com\', \'5432112112\', \'PHP\', \'2024-02-23\', \'2024-02-24\')')
 2 SYSTEMPATH\Database\BaseConnection.php(607): CodeIgniter\Database\BaseConnection->simpleQuery('INSERT INTO `tbl_project` (`project_name`, `client_name`, `client_email`, `client_mobile_no`, `technology`, `start_date`, `delivery_date`) VALUES (\'Enatyam\', \'Ram\', \'siddheshkadge123@gmail.com\', \'5432112112\', \'PHP\', \'2024-02-23\', \'2024-02-24\')')
 3 SYSTEMPATH\Database\BaseBuilder.php(2307): CodeIgniter\Database\BaseConnection->query('INSERT INTO `tbl_project` (`project_name`, `client_name`, `client_email`, `client_mobile_no`, `technology`, `start_date`, `delivery_date`) VALUES (:project_name:, :client_name:, :client_email:, :client_mobile_no:, :technology:, :start_date:, :delivery_date:)', [...], false)
 4 APPPATH\Models\Adminmodel.php(24): CodeIgniter\Database\BaseBuilder->insert([...])
 5 APPPATH\Controllers\AdminController.php(71): App\Models\Adminmodel->insertDatatoproject([...])
 6 SYSTEMPATH\CodeIgniter.php(941): App\Controllers\AdminController->project()
 7 SYSTEMPATH\CodeIgniter.php(502): CodeIgniter\CodeIgniter->runController(Object(App\Controllers\AdminController))
 8 SYSTEMPATH\CodeIgniter.php(361): CodeIgniter\CodeIgniter->handleRequest(null, Object(Config\Cache), false)
 9 FCPATH\index.php(79): CodeIgniter\CodeIgniter->run()
CRITICAL - 2024-02-21 09:30:34 --> [Caused by] mysqli_sql_exception: Unknown column 'project_name' in 'field list'
in SYSTEMPATH\Database\MySQLi\Connection.php on line 306.
 1 SYSTEMPATH\Database\MySQLi\Connection.php(306): mysqli->query('INSERT INTO `tbl_project` (`project_name`, `client_name`, `client_email`, `client_mobile_no`, `technology`, `start_date`, `delivery_date`) VALUES (\'Enatyam\', \'Ram\', \'siddheshkadge123@gmail.com\', \'5432112112\', \'PHP\', \'2024-02-23\', \'2024-02-24\')', 0)
 2 SYSTEMPATH\Database\BaseConnection.php(693): CodeIgniter\Database\MySQLi\Connection->execute('INSERT INTO `tbl_project` (`project_name`, `client_name`, `client_email`, `client_mobile_no`, `technology`, `start_date`, `delivery_date`) VALUES (\'Enatyam\', \'Ram\', \'siddheshkadge123@gmail.com\', \'5432112112\', \'PHP\', \'2024-02-23\', \'2024-02-24\')')
 3 SYSTEMPATH\Database\BaseConnection.php(607): CodeIgniter\Database\BaseConnection->simpleQuery('INSERT INTO `tbl_project` (`project_name`, `client_name`, `client_email`, `client_mobile_no`, `technology`, `start_date`, `delivery_date`) VALUES (\'Enatyam\', \'Ram\', \'siddheshkadge123@gmail.com\', \'5432112112\', \'PHP\', \'2024-02-23\', \'2024-02-24\')')
 4 SYSTEMPATH\Database\BaseBuilder.php(2307): CodeIgniter\Database\BaseConnection->query('INSERT INTO `tbl_project` (`project_name`, `client_name`, `client_email`, `client_mobile_no`, `technology`, `start_date`, `delivery_date`) VALUES (:project_name:, :client_name:, :client_email:, :client_mobile_no:, :technology:, :start_date:, :delivery_date:)', [...], false)
 5 APPPATH\Models\Adminmodel.php(24): CodeIgniter\Database\BaseBuilder->insert([...])
 6 APPPATH\Controllers\AdminController.php(71): App\Models\Adminmodel->insertDatatoproject([...])
 7 SYSTEMPATH\CodeIgniter.php(941): App\Controllers\AdminController->project()
 8 SYSTEMPATH\CodeIgniter.php(502): CodeIgniter\CodeIgniter->runController(Object(App\Controllers\AdminController))
 9 SYSTEMPATH\CodeIgniter.php(361): CodeIgniter\CodeIgniter->handleRequest(null, Object(Config\Cache), false)
10 FCPATH\index.php(79): CodeIgniter\CodeIgniter->run()
ERROR - 2024-02-21 09:47:25 --> mysqli_sql_exception: Unknown column 'project_name' in 'field list' in C:\xampp\htdocs\miTech\system\Database\MySQLi\Connection.php:306
Stack trace:
#0 C:\xampp\htdocs\miTech\system\Database\MySQLi\Connection.php(306): mysqli->query('INSERT INTO `tb...', 0)
#1 C:\xampp\htdocs\miTech\system\Database\BaseConnection.php(693): CodeIgniter\Database\MySQLi\Connection->execute('INSERT INTO `tb...')
#2 C:\xampp\htdocs\miTech\system\Database\BaseConnection.php(607): CodeIgniter\Database\BaseConnection->simpleQuery('INSERT INTO `tb...')
#3 C:\xampp\htdocs\miTech\system\Database\BaseBuilder.php(2307): CodeIgniter\Database\BaseConnection->query('INSERT INTO `tb...', Array, false)
#4 C:\xampp\htdocs\miTech\app\Models\Adminmodel.php(26): CodeIgniter\Database\BaseBuilder->insert(Array)
#5 C:\xampp\htdocs\miTech\app\Controllers\AdminController.php(71): App\Models\Adminmodel->insertDatatoproject(Array)
#6 C:\xampp\htdocs\miTech\system\CodeIgniter.php(941): App\Controllers\AdminController->project()
#7 C:\xampp\htdocs\miTech\system\CodeIgniter.php(502): CodeIgniter\CodeIgniter->runController(Object(App\Controllers\AdminController))
#8 C:\xampp\htdocs\miTech\system\CodeIgniter.php(361): CodeIgniter\CodeIgniter->handleRequest(NULL, Object(Config\Cache), false)
#9 C:\xampp\htdocs\miTech\index.php(79): CodeIgniter\CodeIgniter->run()
#10 {main}
CRITICAL - 2024-02-21 09:47:25 --> CodeIgniter\Database\Exceptions\DatabaseException: Unknown column 'project_name' in 'field list'
in SYSTEMPATH\Database\BaseConnection.php on line 647.
 1 SYSTEMPATH\Database\BaseBuilder.php(2307): CodeIgniter\Database\BaseConnection->query('INSERT INTO `tbl_project` (`project_name`, `client_name`, `client_email`, `client_mobile_no`, `technology`, `start_date`, `delivery_date`) VALUES (:project_name:, :client_name:, :client_email:, :client_mobile_no:, :technology:, :start_date:, :delivery_date:)', [...], false)
 2 APPPATH\Models\Adminmodel.php(26): CodeIgniter\Database\BaseBuilder->insert([...])
 3 APPPATH\Controllers\AdminController.php(71): App\Models\Adminmodel->insertDatatoproject([...])
 4 SYSTEMPATH\CodeIgniter.php(941): App\Controllers\AdminController->project()
 5 SYSTEMPATH\CodeIgniter.php(502): CodeIgniter\CodeIgniter->runController(Object(App\Controllers\AdminController))
 6 SYSTEMPATH\CodeIgniter.php(361): CodeIgniter\CodeIgniter->handleRequest(null, Object(Config\Cache), false)
 7 FCPATH\index.php(79): CodeIgniter\CodeIgniter->run()
CRITICAL - 2024-02-21 09:47:25 --> [Caused by] CodeIgniter\Database\Exceptions\DatabaseException: Unknown column 'project_name' in 'field list'
in SYSTEMPATH\Database\MySQLi\Connection.php on line 311.
 1 SYSTEMPATH\Database\BaseConnection.php(693): CodeIgniter\Database\MySQLi\Connection->execute('INSERT INTO `tbl_project` (`project_name`, `client_name`, `client_email`, `client_mobile_no`, `technology`, `start_date`, `delivery_date`) VALUES (\'Enatyam\', \'Ram\', \'siddheshkadge123@gmail.com\', \'5432112112\', \'PHP\', \'2024-02-23\', \'2024-02-24\')')
 2 SYSTEMPATH\Database\BaseConnection.php(607): CodeIgniter\Database\BaseConnection->simpleQuery('INSERT INTO `tbl_project` (`project_name`, `client_name`, `client_email`, `client_mobile_no`, `technology`, `start_date`, `delivery_date`) VALUES (\'Enatyam\', \'Ram\', \'siddheshkadge123@gmail.com\', \'5432112112\', \'PHP\', \'2024-02-23\', \'2024-02-24\')')
 3 SYSTEMPATH\Database\BaseBuilder.php(2307): CodeIgniter\Database\BaseConnection->query('INSERT INTO `tbl_project` (`project_name`, `client_name`, `client_email`, `client_mobile_no`, `technology`, `start_date`, `delivery_date`) VALUES (:project_name:, :client_name:, :client_email:, :client_mobile_no:, :technology:, :start_date:, :delivery_date:)', [...], false)
 4 APPPATH\Models\Adminmodel.php(26): CodeIgniter\Database\BaseBuilder->insert([...])
 5 APPPATH\Controllers\AdminController.php(71): App\Models\Adminmodel->insertDatatoproject([...])
 6 SYSTEMPATH\CodeIgniter.php(941): App\Controllers\AdminController->project()
 7 SYSTEMPATH\CodeIgniter.php(502): CodeIgniter\CodeIgniter->runController(Object(App\Controllers\AdminController))
 8 SYSTEMPATH\CodeIgniter.php(361): CodeIgniter\CodeIgniter->handleRequest(null, Object(Config\Cache), false)
 9 FCPATH\index.php(79): CodeIgniter\CodeIgniter->run()
CRITICAL - 2024-02-21 09:47:25 --> [Caused by] mysqli_sql_exception: Unknown column 'project_name' in 'field list'
in SYSTEMPATH\Database\MySQLi\Connection.php on line 306.
 1 SYSTEMPATH\Database\MySQLi\Connection.php(306): mysqli->query('INSERT INTO `tbl_project` (`project_name`, `client_name`, `client_email`, `client_mobile_no`, `technology`, `start_date`, `delivery_date`) VALUES (\'Enatyam\', \'Ram\', \'siddheshkadge123@gmail.com\', \'5432112112\', \'PHP\', \'2024-02-23\', \'2024-02-24\')', 0)
 2 SYSTEMPATH\Database\BaseConnection.php(693): CodeIgniter\Database\MySQLi\Connection->execute('INSERT INTO `tbl_project` (`project_name`, `client_name`, `client_email`, `client_mobile_no`, `technology`, `start_date`, `delivery_date`) VALUES (\'Enatyam\', \'Ram\', \'siddheshkadge123@gmail.com\', \'5432112112\', \'PHP\', \'2024-02-23\', \'2024-02-24\')')
 3 SYSTEMPATH\Database\BaseConnection.php(607): CodeIgniter\Database\BaseConnection->simpleQuery('INSERT INTO `tbl_project` (`project_name`, `client_name`, `client_email`, `client_mobile_no`, `technology`, `start_date`, `delivery_date`) VALUES (\'Enatyam\', \'Ram\', \'siddheshkadge123@gmail.com\', \'5432112112\', \'PHP\', \'2024-02-23\', \'2024-02-24\')')
 4 SYSTEMPATH\Database\BaseBuilder.php(2307): CodeIgniter\Database\BaseConnection->query('INSERT INTO `tbl_project` (`project_name`, `client_name`, `client_email`, `client_mobile_no`, `technology`, `start_date`, `delivery_date`) VALUES (:project_name:, :client_name:, :client_email:, :client_mobile_no:, :technology:, :start_date:, :delivery_date:)', [...], false)
 5 APPPATH\Models\Adminmodel.php(26): CodeIgniter\Database\BaseBuilder->insert([...])
 6 APPPATH\Controllers\AdminController.php(71): App\Models\Adminmodel->insertDatatoproject([...])
 7 SYSTEMPATH\CodeIgniter.php(941): App\Controllers\AdminController->project()
 8 SYSTEMPATH\CodeIgniter.php(502): CodeIgniter\CodeIgniter->runController(Object(App\Controllers\AdminController))
 9 SYSTEMPATH\CodeIgniter.php(361): CodeIgniter\CodeIgniter->handleRequest(null, Object(Config\Cache), false)
10 FCPATH\index.php(79): CodeIgniter\CodeIgniter->run()
ERROR - 2024-02-21 09:52:16 --> mysqli_sql_exception: Unknown column 'project_name' in 'field list' in C:\xampp\htdocs\miTech\system\Database\MySQLi\Connection.php:306
Stack trace:
#0 C:\xampp\htdocs\miTech\system\Database\MySQLi\Connection.php(306): mysqli->query('INSERT INTO `tb...', 0)
#1 C:\xampp\htdocs\miTech\system\Database\BaseConnection.php(693): CodeIgniter\Database\MySQLi\Connection->execute('INSERT INTO `tb...')
#2 C:\xampp\htdocs\miTech\system\Database\BaseConnection.php(607): CodeIgniter\Database\BaseConnection->simpleQuery('INSERT INTO `tb...')
#3 C:\xampp\htdocs\miTech\system\Database\BaseBuilder.php(2307): CodeIgniter\Database\BaseConnection->query('INSERT INTO `tb...', Array, false)
#4 C:\xampp\htdocs\miTech\app\Models\Adminmodel.php(23): CodeIgniter\Database\BaseBuilder->insert(Array)
#5 C:\xampp\htdocs\miTech\app\Controllers\AdminController.php(71): App\Models\Adminmodel->insertDatatoproject(Array)
#6 C:\xampp\htdocs\miTech\system\CodeIgniter.php(941): App\Controllers\AdminController->project()
#7 C:\xampp\htdocs\miTech\system\CodeIgniter.php(502): CodeIgniter\CodeIgniter->runController(Object(App\Controllers\AdminController))
#8 C:\xampp\htdocs\miTech\system\CodeIgniter.php(361): CodeIgniter\CodeIgniter->handleRequest(NULL, Object(Config\Cache), false)
#9 C:\xampp\htdocs\miTech\index.php(79): CodeIgniter\CodeIgniter->run()
#10 {main}
CRITICAL - 2024-02-21 09:52:16 --> CodeIgniter\Database\Exceptions\DatabaseException: Unknown column 'project_name' in 'field list'
in SYSTEMPATH\Database\BaseConnection.php on line 647.
 1 SYSTEMPATH\Database\BaseBuilder.php(2307): CodeIgniter\Database\BaseConnection->query('INSERT INTO `tbl_project` (`project_name`, `client_name`, `client_email`, `client_mobile_no`, `technology`, `start_date`, `delivery_date`) VALUES (:project_name:, :client_name:, :client_email:, :client_mobile_no:, :technology:, :start_date:, :delivery_date:)', [...], false)
 2 APPPATH\Models\Adminmodel.php(23): CodeIgniter\Database\BaseBuilder->insert([...])
 3 APPPATH\Controllers\AdminController.php(71): App\Models\Adminmodel->insertDatatoproject([...])
 4 SYSTEMPATH\CodeIgniter.php(941): App\Controllers\AdminController->project()
 5 SYSTEMPATH\CodeIgniter.php(502): CodeIgniter\CodeIgniter->runController(Object(App\Controllers\AdminController))
 6 SYSTEMPATH\CodeIgniter.php(361): CodeIgniter\CodeIgniter->handleRequest(null, Object(Config\Cache), false)
 7 FCPATH\index.php(79): CodeIgniter\CodeIgniter->run()
CRITICAL - 2024-02-21 09:52:16 --> [Caused by] CodeIgniter\Database\Exceptions\DatabaseException: Unknown column 'project_name' in 'field list'
in SYSTEMPATH\Database\MySQLi\Connection.php on line 311.
 1 SYSTEMPATH\Database\BaseConnection.php(693): CodeIgniter\Database\MySQLi\Connection->execute('INSERT INTO `tbl_project` (`project_name`, `client_name`, `client_email`, `client_mobile_no`, `technology`, `start_date`, `delivery_date`) VALUES (\'Enatyam\', \'Ram\', \'siddheshkadge123@gmail.com\', \'5432112112\', \'PHP\', \'2024-02-01\', \'2024-02-24\')')
 2 SYSTEMPATH\Database\BaseConnection.php(607): CodeIgniter\Database\BaseConnection->simpleQuery('INSERT INTO `tbl_project` (`project_name`, `client_name`, `client_email`, `client_mobile_no`, `technology`, `start_date`, `delivery_date`) VALUES (\'Enatyam\', \'Ram\', \'siddheshkadge123@gmail.com\', \'5432112112\', \'PHP\', \'2024-02-01\', \'2024-02-24\')')
 3 SYSTEMPATH\Database\BaseBuilder.php(2307): CodeIgniter\Database\BaseConnection->query('INSERT INTO `tbl_project` (`project_name`, `client_name`, `client_email`, `client_mobile_no`, `technology`, `start_date`, `delivery_date`) VALUES (:project_name:, :client_name:, :client_email:, :client_mobile_no:, :technology:, :start_date:, :delivery_date:)', [...], false)
 4 APPPATH\Models\Adminmodel.php(23): CodeIgniter\Database\BaseBuilder->insert([...])
 5 APPPATH\Controllers\AdminController.php(71): App\Models\Adminmodel->insertDatatoproject([...])
 6 SYSTEMPATH\CodeIgniter.php(941): App\Controllers\AdminController->project()
 7 SYSTEMPATH\CodeIgniter.php(502): CodeIgniter\CodeIgniter->runController(Object(App\Controllers\AdminController))
 8 SYSTEMPATH\CodeIgniter.php(361): CodeIgniter\CodeIgniter->handleRequest(null, Object(Config\Cache), false)
 9 FCPATH\index.php(79): CodeIgniter\CodeIgniter->run()
CRITICAL - 2024-02-21 09:52:16 --> [Caused by] mysqli_sql_exception: Unknown column 'project_name' in 'field list'
in SYSTEMPATH\Database\MySQLi\Connection.php on line 306.
 1 SYSTEMPATH\Database\MySQLi\Connection.php(306): mysqli->query('INSERT INTO `tbl_project` (`project_name`, `client_name`, `client_email`, `client_mobile_no`, `technology`, `start_date`, `delivery_date`) VALUES (\'Enatyam\', \'Ram\', \'siddheshkadge123@gmail.com\', \'5432112112\', \'PHP\', \'2024-02-01\', \'2024-02-24\')', 0)
 2 SYSTEMPATH\Database\BaseConnection.php(693): CodeIgniter\Database\MySQLi\Connection->execute('INSERT INTO `tbl_project` (`project_name`, `client_name`, `client_email`, `client_mobile_no`, `technology`, `start_date`, `delivery_date`) VALUES (\'Enatyam\', \'Ram\', \'siddheshkadge123@gmail.com\', \'5432112112\', \'PHP\', \'2024-02-01\', \'2024-02-24\')')
 3 SYSTEMPATH\Database\BaseConnection.php(607): CodeIgniter\Database\BaseConnection->simpleQuery('INSERT INTO `tbl_project` (`project_name`, `client_name`, `client_email`, `client_mobile_no`, `technology`, `start_date`, `delivery_date`) VALUES (\'Enatyam\', \'Ram\', \'siddheshkadge123@gmail.com\', \'5432112112\', \'PHP\', \'2024-02-01\', \'2024-02-24\')')
 4 SYSTEMPATH\Database\BaseBuilder.php(2307): CodeIgniter\Database\BaseConnection->query('INSERT INTO `tbl_project` (`project_name`, `client_name`, `client_email`, `client_mobile_no`, `technology`, `start_date`, `delivery_date`) VALUES (:project_name:, :client_name:, :client_email:, :client_mobile_no:, :technology:, :start_date:, :delivery_date:)', [...], false)
 5 APPPATH\Models\Adminmodel.php(23): CodeIgniter\Database\BaseBuilder->insert([...])
 6 APPPATH\Controllers\AdminController.php(71): App\Models\Adminmodel->insertDatatoproject([...])
 7 SYSTEMPATH\CodeIgniter.php(941): App\Controllers\AdminController->project()
 8 SYSTEMPATH\CodeIgniter.php(502): CodeIgniter\CodeIgniter->runController(Object(App\Controllers\AdminController))
 9 SYSTEMPATH\CodeIgniter.php(361): CodeIgniter\CodeIgniter->handleRequest(null, Object(Config\Cache), false)
10 FCPATH\index.php(79): CodeIgniter\CodeIgniter->run()
ERROR - 2024-02-21 09:53:11 --> mysqli_sql_exception: Unknown column 'project_name' in 'field list' in C:\xampp\htdocs\miTech\system\Database\MySQLi\Connection.php:306
Stack trace:
#0 C:\xampp\htdocs\miTech\system\Database\MySQLi\Connection.php(306): mysqli->query('INSERT INTO `tb...', 0)
#1 C:\xampp\htdocs\miTech\system\Database\BaseConnection.php(693): CodeIgniter\Database\MySQLi\Connection->execute('INSERT INTO `tb...')
#2 C:\xampp\htdocs\miTech\system\Database\BaseConnection.php(607): CodeIgniter\Database\BaseConnection->simpleQuery('INSERT INTO `tb...')
#3 C:\xampp\htdocs\miTech\system\Database\BaseBuilder.php(2307): CodeIgniter\Database\BaseConnection->query('INSERT INTO `tb...', Array, false)
#4 C:\xampp\htdocs\miTech\app\Models\Adminmodel.php(23): CodeIgniter\Database\BaseBuilder->insert(Array)
#5 C:\xampp\htdocs\miTech\app\Controllers\AdminController.php(71): App\Models\Adminmodel->insertDatatoproject(Array)
#6 C:\xampp\htdocs\miTech\system\CodeIgniter.php(941): App\Controllers\AdminController->project()
#7 C:\xampp\htdocs\miTech\system\CodeIgniter.php(502): CodeIgniter\CodeIgniter->runController(Object(App\Controllers\AdminController))
#8 C:\xampp\htdocs\miTech\system\CodeIgniter.php(361): CodeIgniter\CodeIgniter->handleRequest(NULL, Object(Config\Cache), false)
#9 C:\xampp\htdocs\miTech\index.php(79): CodeIgniter\CodeIgniter->run()
#10 {main}
CRITICAL - 2024-02-21 09:53:11 --> CodeIgniter\Database\Exceptions\DatabaseException: Unknown column 'project_name' in 'field list'
in SYSTEMPATH\Database\BaseConnection.php on line 647.
 1 SYSTEMPATH\Database\BaseBuilder.php(2307): CodeIgniter\Database\BaseConnection->query('INSERT INTO `tbl_project` (`project_name`, `client_name`, `client_email`, `client_mobile_no`, `technology`, `start_date`, `delivery_date`) VALUES (:project_name:, :client_name:, :client_email:, :client_mobile_no:, :technology:, :start_date:, :delivery_date:)', [...], false)
 2 APPPATH\Models\Adminmodel.php(23): CodeIgniter\Database\BaseBuilder->insert([...])
 3 APPPATH\Controllers\AdminController.php(71): App\Models\Adminmodel->insertDatatoproject([...])
 4 SYSTEMPATH\CodeIgniter.php(941): App\Controllers\AdminController->project()
 5 SYSTEMPATH\CodeIgniter.php(502): CodeIgniter\CodeIgniter->runController(Object(App\Controllers\AdminController))
 6 SYSTEMPATH\CodeIgniter.php(361): CodeIgniter\CodeIgniter->handleRequest(null, Object(Config\Cache), false)
 7 FCPATH\index.php(79): CodeIgniter\CodeIgniter->run()
CRITICAL - 2024-02-21 09:53:11 --> [Caused by] CodeIgniter\Database\Exceptions\DatabaseException: Unknown column 'project_name' in 'field list'
in SYSTEMPATH\Database\MySQLi\Connection.php on line 311.
 1 SYSTEMPATH\Database\BaseConnection.php(693): CodeIgniter\Database\MySQLi\Connection->execute('INSERT INTO `tbl_project` (`project_name`, `client_name`, `client_email`, `client_mobile_no`, `technology`, `start_date`, `delivery_date`) VALUES (\'Enatyam\', \'Ram\', \'siddheshkadge123@gmail.com\', \'5432112112\', \'PHP\', \'2024-02-10\', \'2024-02-28\')')
 2 SYSTEMPATH\Database\BaseConnection.php(607): CodeIgniter\Database\BaseConnection->simpleQuery('INSERT INTO `tbl_project` (`project_name`, `client_name`, `client_email`, `client_mobile_no`, `technology`, `start_date`, `delivery_date`) VALUES (\'Enatyam\', \'Ram\', \'siddheshkadge123@gmail.com\', \'5432112112\', \'PHP\', \'2024-02-10\', \'2024-02-28\')')
 3 SYSTEMPATH\Database\BaseBuilder.php(2307): CodeIgniter\Database\BaseConnection->query('INSERT INTO `tbl_project` (`project_name`, `client_name`, `client_email`, `client_mobile_no`, `technology`, `start_date`, `delivery_date`) VALUES (:project_name:, :client_name:, :client_email:, :client_mobile_no:, :technology:, :start_date:, :delivery_date:)', [...], false)
 4 APPPATH\Models\Adminmodel.php(23): CodeIgniter\Database\BaseBuilder->insert([...])
 5 APPPATH\Controllers\AdminController.php(71): App\Models\Adminmodel->insertDatatoproject([...])
 6 SYSTEMPATH\CodeIgniter.php(941): App\Controllers\AdminController->project()
 7 SYSTEMPATH\CodeIgniter.php(502): CodeIgniter\CodeIgniter->runController(Object(App\Controllers\AdminController))
 8 SYSTEMPATH\CodeIgniter.php(361): CodeIgniter\CodeIgniter->handleRequest(null, Object(Config\Cache), false)
 9 FCPATH\index.php(79): CodeIgniter\CodeIgniter->run()
CRITICAL - 2024-02-21 09:53:11 --> [Caused by] mysqli_sql_exception: Unknown column 'project_name' in 'field list'
in SYSTEMPATH\Database\MySQLi\Connection.php on line 306.
 1 SYSTEMPATH\Database\MySQLi\Connection.php(306): mysqli->query('INSERT INTO `tbl_project` (`project_name`, `client_name`, `client_email`, `client_mobile_no`, `technology`, `start_date`, `delivery_date`) VALUES (\'Enatyam\', \'Ram\', \'siddheshkadge123@gmail.com\', \'5432112112\', \'PHP\', \'2024-02-10\', \'2024-02-28\')', 0)
 2 SYSTEMPATH\Database\BaseConnection.php(693): CodeIgniter\Database\MySQLi\Connection->execute('INSERT INTO `tbl_project` (`project_name`, `client_name`, `client_email`, `client_mobile_no`, `technology`, `start_date`, `delivery_date`) VALUES (\'Enatyam\', \'Ram\', \'siddheshkadge123@gmail.com\', \'5432112112\', \'PHP\', \'2024-02-10\', \'2024-02-28\')')
 3 SYSTEMPATH\Database\BaseConnection.php(607): CodeIgniter\Database\BaseConnection->simpleQuery('INSERT INTO `tbl_project` (`project_name`, `client_name`, `client_email`, `client_mobile_no`, `technology`, `start_date`, `delivery_date`) VALUES (\'Enatyam\', \'Ram\', \'siddheshkadge123@gmail.com\', \'5432112112\', \'PHP\', \'2024-02-10\', \'2024-02-28\')')
 4 SYSTEMPATH\Database\BaseBuilder.php(2307): CodeIgniter\Database\BaseConnection->query('INSERT INTO `tbl_project` (`project_name`, `client_name`, `client_email`, `client_mobile_no`, `technology`, `start_date`, `delivery_date`) VALUES (:project_name:, :client_name:, :client_email:, :client_mobile_no:, :technology:, :start_date:, :delivery_date:)', [...], false)
 5 APPPATH\Models\Adminmodel.php(23): CodeIgniter\Database\BaseBuilder->insert([...])
 6 APPPATH\Controllers\AdminController.php(71): App\Models\Adminmodel->insertDatatoproject([...])
 7 SYSTEMPATH\CodeIgniter.php(941): App\Controllers\AdminController->project()
 8 SYSTEMPATH\CodeIgniter.php(502): CodeIgniter\CodeIgniter->runController(Object(App\Controllers\AdminController))
 9 SYSTEMPATH\CodeIgniter.php(361): CodeIgniter\CodeIgniter->handleRequest(null, Object(Config\Cache), false)
10 FCPATH\index.php(79): CodeIgniter\CodeIgniter->run()
ERROR - 2024-02-21 09:53:38 --> mysqli_sql_exception: Unknown column 'project_name' in 'field list' in C:\xampp\htdocs\miTech\system\Database\MySQLi\Connection.php:306
Stack trace:
#0 C:\xampp\htdocs\miTech\system\Database\MySQLi\Connection.php(306): mysqli->query('INSERT INTO `tb...', 0)
#1 C:\xampp\htdocs\miTech\system\Database\BaseConnection.php(693): CodeIgniter\Database\MySQLi\Connection->execute('INSERT INTO `tb...')
#2 C:\xampp\htdocs\miTech\system\Database\BaseConnection.php(607): CodeIgniter\Database\BaseConnection->simpleQuery('INSERT INTO `tb...')
#3 C:\xampp\htdocs\miTech\system\Database\BaseBuilder.php(2307): CodeIgniter\Database\BaseConnection->query('INSERT INTO `tb...', Array, false)
#4 C:\xampp\htdocs\miTech\app\Models\Adminmodel.php(23): CodeIgniter\Database\BaseBuilder->insert(Array)
#5 C:\xampp\htdocs\miTech\app\Controllers\AdminController.php(71): App\Models\Adminmodel->insertDatatoproject(Array)
#6 C:\xampp\htdocs\miTech\system\CodeIgniter.php(941): App\Controllers\AdminController->project()
#7 C:\xampp\htdocs\miTech\system\CodeIgniter.php(502): CodeIgniter\CodeIgniter->runController(Object(App\Controllers\AdminController))
#8 C:\xampp\htdocs\miTech\system\CodeIgniter.php(361): CodeIgniter\CodeIgniter->handleRequest(NULL, Object(Config\Cache), false)
#9 C:\xampp\htdocs\miTech\index.php(79): CodeIgniter\CodeIgniter->run()
#10 {main}
CRITICAL - 2024-02-21 09:53:38 --> CodeIgniter\Database\Exceptions\DatabaseException: Unknown column 'project_name' in 'field list'
in SYSTEMPATH\Database\BaseConnection.php on line 647.
 1 SYSTEMPATH\Database\BaseBuilder.php(2307): CodeIgniter\Database\BaseConnection->query('INSERT INTO `tbl_project` (`project_name`, `client_name`, `client_email`, `client_mobile_no`, `technology`, `start_date`, `delivery_date`) VALUES (:project_name:, :client_name:, :client_email:, :client_mobile_no:, :technology:, :start_date:, :delivery_date:)', [...], false)
 2 APPPATH\Models\Adminmodel.php(23): CodeIgniter\Database\BaseBuilder->insert([...])
 3 APPPATH\Controllers\AdminController.php(71): App\Models\Adminmodel->insertDatatoproject([...])
 4 SYSTEMPATH\CodeIgniter.php(941): App\Controllers\AdminController->project()
 5 SYSTEMPATH\CodeIgniter.php(502): CodeIgniter\CodeIgniter->runController(Object(App\Controllers\AdminController))
 6 SYSTEMPATH\CodeIgniter.php(361): CodeIgniter\CodeIgniter->handleRequest(null, Object(Config\Cache), false)
 7 FCPATH\index.php(79): CodeIgniter\CodeIgniter->run()
CRITICAL - 2024-02-21 09:53:38 --> [Caused by] CodeIgniter\Database\Exceptions\DatabaseException: Unknown column 'project_name' in 'field list'
in SYSTEMPATH\Database\MySQLi\Connection.php on line 311.
 1 SYSTEMPATH\Database\BaseConnection.php(693): CodeIgniter\Database\MySQLi\Connection->execute('INSERT INTO `tbl_project` (`project_name`, `client_name`, `client_email`, `client_mobile_no`, `technology`, `start_date`, `delivery_date`) VALUES (\'Enatyam\', \'Ram\', \'siddheshkadge123@gmail.com\', \'5432112112\', \'PHP\', \'2024-01-31\', \'2024-02-28\')')
 2 SYSTEMPATH\Database\BaseConnection.php(607): CodeIgniter\Database\BaseConnection->simpleQuery('INSERT INTO `tbl_project` (`project_name`, `client_name`, `client_email`, `client_mobile_no`, `technology`, `start_date`, `delivery_date`) VALUES (\'Enatyam\', \'Ram\', \'siddheshkadge123@gmail.com\', \'5432112112\', \'PHP\', \'2024-01-31\', \'2024-02-28\')')
 3 SYSTEMPATH\Database\BaseBuilder.php(2307): CodeIgniter\Database\BaseConnection->query('INSERT INTO `tbl_project` (`project_name`, `client_name`, `client_email`, `client_mobile_no`, `technology`, `start_date`, `delivery_date`) VALUES (:project_name:, :client_name:, :client_email:, :client_mobile_no:, :technology:, :start_date:, :delivery_date:)', [...], false)
 4 APPPATH\Models\Adminmodel.php(23): CodeIgniter\Database\BaseBuilder->insert([...])
 5 APPPATH\Controllers\AdminController.php(71): App\Models\Adminmodel->insertDatatoproject([...])
 6 SYSTEMPATH\CodeIgniter.php(941): App\Controllers\AdminController->project()
 7 SYSTEMPATH\CodeIgniter.php(502): CodeIgniter\CodeIgniter->runController(Object(App\Controllers\AdminController))
 8 SYSTEMPATH\CodeIgniter.php(361): CodeIgniter\CodeIgniter->handleRequest(null, Object(Config\Cache), false)
 9 FCPATH\index.php(79): CodeIgniter\CodeIgniter->run()
CRITICAL - 2024-02-21 09:53:38 --> [Caused by] mysqli_sql_exception: Unknown column 'project_name' in 'field list'
in SYSTEMPATH\Database\MySQLi\Connection.php on line 306.
 1 SYSTEMPATH\Database\MySQLi\Connection.php(306): mysqli->query('INSERT INTO `tbl_project` (`project_name`, `client_name`, `client_email`, `client_mobile_no`, `technology`, `start_date`, `delivery_date`) VALUES (\'Enatyam\', \'Ram\', \'siddheshkadge123@gmail.com\', \'5432112112\', \'PHP\', \'2024-01-31\', \'2024-02-28\')', 0)
 2 SYSTEMPATH\Database\BaseConnection.php(693): CodeIgniter\Database\MySQLi\Connection->execute('INSERT INTO `tbl_project` (`project_name`, `client_name`, `client_email`, `client_mobile_no`, `technology`, `start_date`, `delivery_date`) VALUES (\'Enatyam\', \'Ram\', \'siddheshkadge123@gmail.com\', \'5432112112\', \'PHP\', \'2024-01-31\', \'2024-02-28\')')
 3 SYSTEMPATH\Database\BaseConnection.php(607): CodeIgniter\Database\BaseConnection->simpleQuery('INSERT INTO `tbl_project` (`project_name`, `client_name`, `client_email`, `client_mobile_no`, `technology`, `start_date`, `delivery_date`) VALUES (\'Enatyam\', \'Ram\', \'siddheshkadge123@gmail.com\', \'5432112112\', \'PHP\', \'2024-01-31\', \'2024-02-28\')')
 4 SYSTEMPATH\Database\BaseBuilder.php(2307): CodeIgniter\Database\BaseConnection->query('INSERT INTO `tbl_project` (`project_name`, `client_name`, `client_email`, `client_mobile_no`, `technology`, `start_date`, `delivery_date`) VALUES (:project_name:, :client_name:, :client_email:, :client_mobile_no:, :technology:, :start_date:, :delivery_date:)', [...], false)
 5 APPPATH\Models\Adminmodel.php(23): CodeIgniter\Database\BaseBuilder->insert([...])
 6 APPPATH\Controllers\AdminController.php(71): App\Models\Adminmodel->insertDatatoproject([...])
 7 SYSTEMPATH\CodeIgniter.php(941): App\Controllers\AdminController->project()
 8 SYSTEMPATH\CodeIgniter.php(502): CodeIgniter\CodeIgniter->runController(Object(App\Controllers\AdminController))
 9 SYSTEMPATH\CodeIgniter.php(361): CodeIgniter\CodeIgniter->handleRequest(null, Object(Config\Cache), false)
10 FCPATH\index.php(79): CodeIgniter\CodeIgniter->run()
