INFO - 2024-03-29 04:52:55 --> Session: Class initialized using 'CodeIgniter\Session\Handlers\FileHandler' driver.
CRITICAL - 2024-03-29 06:41:26 --> ErrorException: count(): Parameter must be an array or an object that implements Countable
in APPPATH\Controllers\AdminController.php on line 374.
 1 [internal function]: CodeIgniter\Debug\Exceptions->errorHandler(2, 'count(): Parameter must be an array or an object that implements Countable', 'E:\\xampp\\htdocs\\miTech\\app\\Controllers\\AdminController.php', 374, [...])
 2 APPPATH\Controllers\AdminController.php(374): count('1')
 3 SYSTEMPATH\CodeIgniter.php(941): App\Controllers\AdminController->allotTaskDetails()
 4 SYSTEMPATH\CodeIgniter.php(502): CodeIgniter\CodeIgniter->runController(Object(App\Controllers\AdminController))
 5 SYSTEMPATH\CodeIgniter.php(361): CodeIgniter\CodeIgniter->handleRequest(null, Object(Config\Cache), false)
 6 FCPATH\index.php(79): CodeIgniter\CodeIgniter->run()
CRITICAL - 2024-03-29 06:48:29 --> ErrorException: count(): Parameter must be an array or an object that implements Countable
in APPPATH\Controllers\AdminController.php on line 374.
 1 [internal function]: CodeIgniter\Debug\Exceptions->errorHandler(2, 'count(): Parameter must be an array or an object that implements Countable', 'E:\\xampp\\htdocs\\miTech\\app\\Controllers\\AdminController.php', 374, [...])
 2 APPPATH\Controllers\AdminController.php(374): count('2')
 3 SYSTEMPATH\CodeIgniter.php(941): App\Controllers\AdminController->allotTaskDetails()
 4 SYSTEMPATH\CodeIgniter.php(502): CodeIgniter\CodeIgniter->runController(Object(App\Controllers\AdminController))
 5 SYSTEMPATH\CodeIgniter.php(361): CodeIgniter\CodeIgniter->handleRequest(null, Object(Config\Cache), false)
 6 FCPATH\index.php(79): CodeIgniter\CodeIgniter->run()
CRITICAL - 2024-03-29 07:10:33 --> ParseError: syntax error, unexpected 'if' (T_IF), expecting function (T_FUNCTION) or const (T_CONST)
in APPPATH\Controllers\AdminController.php on line 364.
 1 SYSTEMPATH\Autoloader\Autoloader.php(288): CodeIgniter\Autoloader\Autoloader->includeFile('E:\\xampp\\htdocs\\miTech\\app\\Controllers\\AdminController.php')
 2 SYSTEMPATH\Autoloader\Autoloader.php(266): CodeIgniter\Autoloader\Autoloader->loadInNamespace('App\\Controllers\\AdminController')
 3 [internal function]: CodeIgniter\Autoloader\Autoloader->loadClass('App\\Controllers\\AdminController')
 4 [internal function]: spl_autoload_call('App\\Controllers\\AdminController')
 5 SYSTEMPATH\CodeIgniter.php(899): class_exists('\\App\\Controllers\\AdminController', true)
 6 SYSTEMPATH\CodeIgniter.php(489): CodeIgniter\CodeIgniter->startController()
 7 SYSTEMPATH\CodeIgniter.php(361): CodeIgniter\CodeIgniter->handleRequest(null, Object(Config\Cache), false)
 8 FCPATH\index.php(79): CodeIgniter\CodeIgniter->run()
CRITICAL - 2024-03-29 07:12:50 --> ParseError: syntax error, unexpected 'if' (T_IF), expecting function (T_FUNCTION) or const (T_CONST)
in APPPATH\Controllers\AdminController.php on line 364.
 1 SYSTEMPATH\Autoloader\Autoloader.php(288): CodeIgniter\Autoloader\Autoloader->includeFile('E:\\xampp\\htdocs\\miTech\\app\\Controllers\\AdminController.php')
 2 SYSTEMPATH\Autoloader\Autoloader.php(266): CodeIgniter\Autoloader\Autoloader->loadInNamespace('App\\Controllers\\AdminController')
 3 [internal function]: CodeIgniter\Autoloader\Autoloader->loadClass('App\\Controllers\\AdminController')
 4 [internal function]: spl_autoload_call('App\\Controllers\\AdminController')
 5 SYSTEMPATH\CodeIgniter.php(899): class_exists('\\App\\Controllers\\AdminController', true)
 6 SYSTEMPATH\CodeIgniter.php(489): CodeIgniter\CodeIgniter->startController()
 7 SYSTEMPATH\CodeIgniter.php(361): CodeIgniter\CodeIgniter->handleRequest(null, Object(Config\Cache), false)
 8 FCPATH\index.php(79): CodeIgniter\CodeIgniter->run()
INFO - 2024-03-29 12:51:27 --> Session: Class initialized using 'CodeIgniter\Session\Handlers\FileHandler' driver.
INFO - 2024-03-29 12:52:03 --> Session: Class initialized using 'CodeIgniter\Session\Handlers\FileHandler' driver.
INFO - 2024-03-29 12:53:58 --> Session: Class initialized using 'CodeIgniter\Session\Handlers\FileHandler' driver.
INFO - 2024-03-29 13:02:35 --> Session: Class initialized using 'CodeIgniter\Session\Handlers\FileHandler' driver.
INFO - 2024-03-29 13:02:35 --> Session: Class initialized using 'CodeIgniter\Session\Handlers\FileHandler' driver.
INFO - 2024-03-29 13:04:55 --> Session: Class initialized using 'CodeIgniter\Session\Handlers\FileHandler' driver.
INFO - 2024-03-29 13:06:53 --> Session: Class initialized using 'CodeIgniter\Session\Handlers\FileHandler' driver.
