INFO - 2024-03-14 03:26:25 --> Session: Class initialized using 'CodeIgniter\Session\Handlers\FileHandler' driver.
INFO - 2024-03-14 03:26:53 --> Session: Class initialized using 'CodeIgniter\Session\Handlers\FileHandler' driver.
INFO - 2024-03-14 03:27:09 --> Session: Class initialized using 'CodeIgniter\Session\Handlers\FileHandler' driver.
CRITICAL - 2024-03-14 03:27:09 --> ErrorException: Undefined variable: project_data
in APPPATH\Views\Admin\createproject.php on line 62.
 1 APPPATH\Views\Admin\createproject.php(62): CodeIgniter\Debug\Exceptions->errorHandler(8, 'Undefined variable: project_data', 'E:\\xampp\\htdocs\\miTech\\app\\Views\\Admin\\createproject.php', 62, [...])
 2 SYSTEMPATH\View\View.php(228): include('E:\\xampp\\htdocs\\miTech\\app\\Views\\Admin\\createproject.php')
 3 SYSTEMPATH\View\View.php(231): CodeIgniter\View\View->CodeIgniter\View\{closure}()
 4 SYSTEMPATH\Common.php(1178): CodeIgniter\View\View->render('Admin/createproject', [], true)
 5 APPPATH\Controllers\AdminController.php(50): view('Admin/createproject', [...])
 6 SYSTEMPATH\CodeIgniter.php(941): App\Controllers\AdminController->createproject()
 7 SYSTEMPATH\CodeIgniter.php(502): CodeIgniter\CodeIgniter->runController(Object(App\Controllers\AdminController))
 8 SYSTEMPATH\CodeIgniter.php(361): CodeIgniter\CodeIgniter->handleRequest(null, Object(Config\Cache), false)
 9 FCPATH\index.php(79): CodeIgniter\CodeIgniter->run()
INFO - 2024-03-14 03:31:19 --> Session: Class initialized using 'CodeIgniter\Session\Handlers\FileHandler' driver.
CRITICAL - 2024-03-14 03:31:19 --> ErrorException: Undefined variable: single_data
in APPPATH\Views\Admin\createproject.php on line 63.
 1 APPPATH\Views\Admin\createproject.php(63): CodeIgniter\Debug\Exceptions->errorHandler(8, 'Undefined variable: single_data', 'E:\\xampp\\htdocs\\miTech\\app\\Views\\Admin\\createproject.php', 63, [...])
 2 SYSTEMPATH\View\View.php(228): include('E:\\xampp\\htdocs\\miTech\\app\\Views\\Admin\\createproject.php')
 3 SYSTEMPATH\View\View.php(231): CodeIgniter\View\View->CodeIgniter\View\{closure}()
 4 SYSTEMPATH\Common.php(1178): CodeIgniter\View\View->render('Admin/createproject', [], true)
 5 APPPATH\Controllers\AdminController.php(50): view('Admin/createproject', [...])
 6 SYSTEMPATH\CodeIgniter.php(941): App\Controllers\AdminController->createproject()
 7 SYSTEMPATH\CodeIgniter.php(502): CodeIgniter\CodeIgniter->runController(Object(App\Controllers\AdminController))
 8 SYSTEMPATH\CodeIgniter.php(361): CodeIgniter\CodeIgniter->handleRequest(null, Object(Config\Cache), false)
 9 FCPATH\index.php(79): CodeIgniter\CodeIgniter->run()
INFO - 2024-03-14 03:34:14 --> Session: Class initialized using 'CodeIgniter\Session\Handlers\FileHandler' driver.
CRITICAL - 2024-03-14 03:34:14 --> ErrorException: Undefined variable: single_data
in APPPATH\Views\Admin\createproject.php on line 63.
 1 APPPATH\Views\Admin\createproject.php(63): CodeIgniter\Debug\Exceptions->errorHandler(8, 'Undefined variable: single_data', 'E:\\xampp\\htdocs\\miTech\\app\\Views\\Admin\\createproject.php', 63, [...])
 2 SYSTEMPATH\View\View.php(228): include('E:\\xampp\\htdocs\\miTech\\app\\Views\\Admin\\createproject.php')
 3 SYSTEMPATH\View\View.php(231): CodeIgniter\View\View->CodeIgniter\View\{closure}()
 4 SYSTEMPATH\Common.php(1178): CodeIgniter\View\View->render('Admin/createproject', [], true)
 5 APPPATH\Controllers\AdminController.php(50): view('Admin/createproject', [...])
 6 SYSTEMPATH\CodeIgniter.php(941): App\Controllers\AdminController->createproject()
 7 SYSTEMPATH\CodeIgniter.php(502): CodeIgniter\CodeIgniter->runController(Object(App\Controllers\AdminController))
 8 SYSTEMPATH\CodeIgniter.php(361): CodeIgniter\CodeIgniter->handleRequest(null, Object(Config\Cache), false)
 9 FCPATH\index.php(79): CodeIgniter\CodeIgniter->run()
INFO - 2024-03-14 03:34:37 --> Session: Class initialized using 'CodeIgniter\Session\Handlers\FileHandler' driver.
CRITICAL - 2024-03-14 03:34:37 --> ErrorException: Undefined variable: single_data
in APPPATH\Views\Admin\createproject.php on line 63.
 1 APPPATH\Views\Admin\createproject.php(63): CodeIgniter\Debug\Exceptions->errorHandler(8, 'Undefined variable: single_data', 'E:\\xampp\\htdocs\\miTech\\app\\Views\\Admin\\createproject.php', 63, [...])
 2 SYSTEMPATH\View\View.php(228): include('E:\\xampp\\htdocs\\miTech\\app\\Views\\Admin\\createproject.php')
 3 SYSTEMPATH\View\View.php(231): CodeIgniter\View\View->CodeIgniter\View\{closure}()
 4 SYSTEMPATH\Common.php(1178): CodeIgniter\View\View->render('Admin/createproject', [], true)
 5 APPPATH\Controllers\AdminController.php(50): view('Admin/createproject', [...])
 6 SYSTEMPATH\CodeIgniter.php(941): App\Controllers\AdminController->createproject()
 7 SYSTEMPATH\CodeIgniter.php(502): CodeIgniter\CodeIgniter->runController(Object(App\Controllers\AdminController))
 8 SYSTEMPATH\CodeIgniter.php(361): CodeIgniter\CodeIgniter->handleRequest(null, Object(Config\Cache), false)
 9 FCPATH\index.php(79): CodeIgniter\CodeIgniter->run()
INFO - 2024-03-14 03:35:28 --> Session: Class initialized using 'CodeIgniter\Session\Handlers\FileHandler' driver.
CRITICAL - 2024-03-14 03:35:28 --> ErrorException: Undefined variable: single_data
in APPPATH\Views\Admin\createproject.php on line 63.
 1 APPPATH\Views\Admin\createproject.php(63): CodeIgniter\Debug\Exceptions->errorHandler(8, 'Undefined variable: single_data', 'E:\\xampp\\htdocs\\miTech\\app\\Views\\Admin\\createproject.php', 63, [...])
 2 SYSTEMPATH\View\View.php(228): include('E:\\xampp\\htdocs\\miTech\\app\\Views\\Admin\\createproject.php')
 3 SYSTEMPATH\View\View.php(231): CodeIgniter\View\View->CodeIgniter\View\{closure}()
 4 SYSTEMPATH\Common.php(1178): CodeIgniter\View\View->render('Admin/createproject', [], true)
 5 APPPATH\Controllers\AdminController.php(50): view('Admin/createproject', [...])
 6 SYSTEMPATH\CodeIgniter.php(941): App\Controllers\AdminController->createproject()
 7 SYSTEMPATH\CodeIgniter.php(502): CodeIgniter\CodeIgniter->runController(Object(App\Controllers\AdminController))
 8 SYSTEMPATH\CodeIgniter.php(361): CodeIgniter\CodeIgniter->handleRequest(null, Object(Config\Cache), false)
 9 FCPATH\index.php(79): CodeIgniter\CodeIgniter->run()
INFO - 2024-03-14 03:36:14 --> Session: Class initialized using 'CodeIgniter\Session\Handlers\FileHandler' driver.
CRITICAL - 2024-03-14 03:36:14 --> ParseError: syntax error, unexpected '?>'
in APPPATH\Views\Admin\createproject.php on line 63.
 1 SYSTEMPATH\View\View.php(231): CodeIgniter\View\View->CodeIgniter\View\{closure}()
 2 SYSTEMPATH\Common.php(1178): CodeIgniter\View\View->render('Admin/createproject', [], true)
 3 APPPATH\Controllers\AdminController.php(50): view('Admin/createproject', [...])
 4 SYSTEMPATH\CodeIgniter.php(941): App\Controllers\AdminController->createproject()
 5 SYSTEMPATH\CodeIgniter.php(502): CodeIgniter\CodeIgniter->runController(Object(App\Controllers\AdminController))
 6 SYSTEMPATH\CodeIgniter.php(361): CodeIgniter\CodeIgniter->handleRequest(null, Object(Config\Cache), false)
 7 FCPATH\index.php(79): CodeIgniter\CodeIgniter->run()
INFO - 2024-03-14 03:37:14 --> Session: Class initialized using 'CodeIgniter\Session\Handlers\FileHandler' driver.
CRITICAL - 2024-03-14 03:38:11 --> ErrorException: Undefined property: stdClass::$id
in APPPATH\Views\Admin\createproject.php on line 25.
 1 APPPATH\Views\Admin\createproject.php(25): CodeIgniter\Debug\Exceptions->errorHandler(8, 'Undefined property: stdClass::$id', 'E:\\xampp\\htdocs\\miTech\\app\\Views\\Admin\\createproject.php', 25, [...])
 2 SYSTEMPATH\View\View.php(228): include('E:\\xampp\\htdocs\\miTech\\app\\Views\\Admin\\createproject.php')
 3 SYSTEMPATH\View\View.php(231): CodeIgniter\View\View->CodeIgniter\View\{closure}()
 4 SYSTEMPATH\Common.php(1178): CodeIgniter\View\View->render('Admin/createproject', [], true)
 5 APPPATH\Controllers\AdminController.php(194): view('Admin/createproject', [...])
 6 SYSTEMPATH\CodeIgniter.php(941): App\Controllers\AdminController->get_project('1')
 7 SYSTEMPATH\CodeIgniter.php(502): CodeIgniter\CodeIgniter->runController(Object(App\Controllers\AdminController))
 8 SYSTEMPATH\CodeIgniter.php(361): CodeIgniter\CodeIgniter->handleRequest(null, Object(Config\Cache), false)
 9 FCPATH\index.php(79): CodeIgniter\CodeIgniter->run()
CRITICAL - 2024-03-14 03:39:20 --> Error: Cannot use object of type stdClass as array
in APPPATH\Views\Admin\createproject.php on line 31.
 1 SYSTEMPATH\View\View.php(228): include()
 2 SYSTEMPATH\View\View.php(231): CodeIgniter\View\View->CodeIgniter\View\{closure}()
 3 SYSTEMPATH\Common.php(1178): CodeIgniter\View\View->render('Admin/createproject', [], true)
 4 APPPATH\Controllers\AdminController.php(194): view('Admin/createproject', [...])
 5 SYSTEMPATH\CodeIgniter.php(941): App\Controllers\AdminController->get_project('1')
 6 SYSTEMPATH\CodeIgniter.php(502): CodeIgniter\CodeIgniter->runController(Object(App\Controllers\AdminController))
 7 SYSTEMPATH\CodeIgniter.php(361): CodeIgniter\CodeIgniter->handleRequest(null, Object(Config\Cache), false)
 8 FCPATH\index.php(79): CodeIgniter\CodeIgniter->run()
CRITICAL - 2024-03-14 04:19:26 --> Error: Cannot use object of type stdClass as array
in APPPATH\Views\Admin\createproject.php on line 31.
 1 SYSTEMPATH\View\View.php(228): include()
 2 SYSTEMPATH\View\View.php(231): CodeIgniter\View\View->CodeIgniter\View\{closure}()
 3 SYSTEMPATH\Common.php(1178): CodeIgniter\View\View->render('Admin/createproject', [], true)
 4 APPPATH\Controllers\AdminController.php(194): view('Admin/createproject', [...])
 5 SYSTEMPATH\CodeIgniter.php(941): App\Controllers\AdminController->get_project('1')
 6 SYSTEMPATH\CodeIgniter.php(502): CodeIgniter\CodeIgniter->runController(Object(App\Controllers\AdminController))
 7 SYSTEMPATH\CodeIgniter.php(361): CodeIgniter\CodeIgniter->handleRequest(null, Object(Config\Cache), false)
 8 FCPATH\index.php(79): CodeIgniter\CodeIgniter->run()
CRITICAL - 2024-03-14 04:23:29 --> Error: Cannot use object of type stdClass as array
in APPPATH\Views\Admin\createproject.php on line 52.
 1 SYSTEMPATH\View\View.php(228): include()
 2 SYSTEMPATH\View\View.php(231): CodeIgniter\View\View->CodeIgniter\View\{closure}()
 3 SYSTEMPATH\Common.php(1178): CodeIgniter\View\View->render('Admin/createproject', [], true)
 4 APPPATH\Controllers\AdminController.php(194): view('Admin/createproject', [...])
 5 SYSTEMPATH\CodeIgniter.php(941): App\Controllers\AdminController->get_project('1')
 6 SYSTEMPATH\CodeIgniter.php(502): CodeIgniter\CodeIgniter->runController(Object(App\Controllers\AdminController))
 7 SYSTEMPATH\CodeIgniter.php(361): CodeIgniter\CodeIgniter->handleRequest(null, Object(Config\Cache), false)
 8 FCPATH\index.php(79): CodeIgniter\CodeIgniter->run()
INFO - 2024-03-14 04:23:37 --> Session: Class initialized using 'CodeIgniter\Session\Handlers\FileHandler' driver.
CRITICAL - 2024-03-14 04:23:53 --> Error: Cannot use object of type stdClass as array
in APPPATH\Views\Admin\createproject.php on line 52.
 1 SYSTEMPATH\View\View.php(228): include()
 2 SYSTEMPATH\View\View.php(231): CodeIgniter\View\View->CodeIgniter\View\{closure}()
 3 SYSTEMPATH\Common.php(1178): CodeIgniter\View\View->render('Admin/createproject', [], true)
 4 APPPATH\Controllers\AdminController.php(194): view('Admin/createproject', [...])
 5 SYSTEMPATH\CodeIgniter.php(941): App\Controllers\AdminController->get_project('1')
 6 SYSTEMPATH\CodeIgniter.php(502): CodeIgniter\CodeIgniter->runController(Object(App\Controllers\AdminController))
 7 SYSTEMPATH\CodeIgniter.php(361): CodeIgniter\CodeIgniter->handleRequest(null, Object(Config\Cache), false)
 8 FCPATH\index.php(79): CodeIgniter\CodeIgniter->run()
INFO - 2024-03-14 04:47:09 --> Session: Class initialized using 'CodeIgniter\Session\Handlers\FileHandler' driver.
INFO - 2024-03-14 05:31:15 --> Session: Class initialized using 'CodeIgniter\Session\Handlers\FileHandler' driver.
INFO - 2024-03-14 05:31:43 --> Session: Class initialized using 'CodeIgniter\Session\Handlers\FileHandler' driver.
INFO - 2024-03-14 05:42:14 --> Session: Class initialized using 'CodeIgniter\Session\Handlers\FileHandler' driver.
INFO - 2024-03-14 05:42:14 --> Session: Class initialized using 'CodeIgniter\Session\Handlers\FileHandler' driver.
INFO - 2024-03-14 05:42:56 --> Session: Class initialized using 'CodeIgniter\Session\Handlers\FileHandler' driver.
INFO - 2024-03-14 05:42:57 --> Session: Class initialized using 'CodeIgniter\Session\Handlers\FileHandler' driver.
INFO - 2024-03-14 05:43:44 --> Session: Class initialized using 'CodeIgniter\Session\Handlers\FileHandler' driver.
INFO - 2024-03-14 05:43:44 --> Session: Class initialized using 'CodeIgniter\Session\Handlers\FileHandler' driver.
INFO - 2024-03-14 05:44:11 --> Session: Class initialized using 'CodeIgniter\Session\Handlers\FileHandler' driver.
INFO - 2024-03-14 05:44:12 --> Session: Class initialized using 'CodeIgniter\Session\Handlers\FileHandler' driver.
INFO - 2024-03-14 05:45:05 --> Session: Class initialized using 'CodeIgniter\Session\Handlers\FileHandler' driver.
INFO - 2024-03-14 05:45:06 --> Session: Class initialized using 'CodeIgniter\Session\Handlers\FileHandler' driver.
INFO - 2024-03-14 05:46:34 --> Session: Class initialized using 'CodeIgniter\Session\Handlers\FileHandler' driver.
INFO - 2024-03-14 05:46:34 --> Session: Class initialized using 'CodeIgniter\Session\Handlers\FileHandler' driver.
INFO - 2024-03-14 05:47:41 --> Session: Class initialized using 'CodeIgniter\Session\Handlers\FileHandler' driver.
INFO - 2024-03-14 05:47:42 --> Session: Class initialized using 'CodeIgniter\Session\Handlers\FileHandler' driver.
INFO - 2024-03-14 05:48:37 --> Session: Class initialized using 'CodeIgniter\Session\Handlers\FileHandler' driver.
INFO - 2024-03-14 05:48:37 --> Session: Class initialized using 'CodeIgniter\Session\Handlers\FileHandler' driver.
INFO - 2024-03-14 05:50:34 --> Session: Class initialized using 'CodeIgniter\Session\Handlers\FileHandler' driver.
INFO - 2024-03-14 05:51:31 --> Session: Class initialized using 'CodeIgniter\Session\Handlers\FileHandler' driver.
INFO - 2024-03-14 05:51:31 --> Session: Class initialized using 'CodeIgniter\Session\Handlers\FileHandler' driver.
INFO - 2024-03-14 05:52:44 --> Session: Class initialized using 'CodeIgniter\Session\Handlers\FileHandler' driver.
INFO - 2024-03-14 05:53:51 --> Session: Class initialized using 'CodeIgniter\Session\Handlers\FileHandler' driver.
INFO - 2024-03-14 05:53:51 --> Session: Class initialized using 'CodeIgniter\Session\Handlers\FileHandler' driver.
INFO - 2024-03-14 09:05:29 --> Session: Class initialized using 'CodeIgniter\Session\Handlers\FileHandler' driver.
INFO - 2024-03-14 09:08:25 --> Session: Class initialized using 'CodeIgniter\Session\Handlers\FileHandler' driver.
INFO - 2024-03-14 09:08:26 --> Session: Class initialized using 'CodeIgniter\Session\Handlers\FileHandler' driver.
INFO - 2024-03-14 09:24:56 --> Session: Class initialized using 'CodeIgniter\Session\Handlers\FileHandler' driver.
INFO - 2024-03-14 09:25:04 --> Session: Class initialized using 'CodeIgniter\Session\Handlers\FileHandler' driver.
INFO - 2024-03-14 09:25:13 --> Session: Class initialized using 'CodeIgniter\Session\Handlers\FileHandler' driver.
INFO - 2024-03-14 09:35:06 --> Session: Class initialized using 'CodeIgniter\Session\Handlers\FileHandler' driver.
INFO - 2024-03-14 09:35:06 --> Session: Class initialized using 'CodeIgniter\Session\Handlers\FileHandler' driver.
INFO - 2024-03-14 09:56:17 --> Session: Class initialized using 'CodeIgniter\Session\Handlers\FileHandler' driver.
INFO - 2024-03-14 09:56:18 --> Session: Class initialized using 'CodeIgniter\Session\Handlers\FileHandler' driver.
CRITICAL - 2024-03-14 11:03:54 --> ErrorException: Undefined property: stdClass::$projectName
in APPPATH\Views\Admin\addTask.php on line 163.
 1 APPPATH\Views\Admin\addTask.php(163): CodeIgniter\Debug\Exceptions->errorHandler(8, 'Undefined property: stdClass::$projectName', 'E:\\xampp\\htdocs\\miTech\\app\\Views\\Admin\\addTask.php', 163, [...])
 2 SYSTEMPATH\View\View.php(228): include('E:\\xampp\\htdocs\\miTech\\app\\Views\\Admin\\addTask.php')
 3 SYSTEMPATH\View\View.php(231): CodeIgniter\View\View->CodeIgniter\View\{closure}()
 4 SYSTEMPATH\Common.php(1178): CodeIgniter\View\View->render('Admin/addTask', [], true)
 5 APPPATH\Controllers\AdminController.php(182): view('Admin/addTask', [...])
 6 SYSTEMPATH\CodeIgniter.php(941): App\Controllers\AdminController->addTask()
 7 SYSTEMPATH\CodeIgniter.php(502): CodeIgniter\CodeIgniter->runController(Object(App\Controllers\AdminController))
 8 SYSTEMPATH\CodeIgniter.php(361): CodeIgniter\CodeIgniter->handleRequest(null, Object(Config\Cache), false)
 9 FCPATH\index.php(79): CodeIgniter\CodeIgniter->run()
CRITICAL - 2024-03-14 11:07:49 --> ErrorException: Undefined property: stdClass::$projectName
in APPPATH\Views\Admin\addTask.php on line 164.
 1 APPPATH\Views\Admin\addTask.php(164): CodeIgniter\Debug\Exceptions->errorHandler(8, 'Undefined property: stdClass::$projectName', 'E:\\xampp\\htdocs\\miTech\\app\\Views\\Admin\\addTask.php', 164, [...])
 2 SYSTEMPATH\View\View.php(228): include('E:\\xampp\\htdocs\\miTech\\app\\Views\\Admin\\addTask.php')
 3 SYSTEMPATH\View\View.php(231): CodeIgniter\View\View->CodeIgniter\View\{closure}()
 4 SYSTEMPATH\Common.php(1178): CodeIgniter\View\View->render('Admin/addTask', [], true)
 5 APPPATH\Controllers\AdminController.php(182): view('Admin/addTask', [...])
 6 SYSTEMPATH\CodeIgniter.php(941): App\Controllers\AdminController->addTask()
 7 SYSTEMPATH\CodeIgniter.php(502): CodeIgniter\CodeIgniter->runController(Object(App\Controllers\AdminController))
 8 SYSTEMPATH\CodeIgniter.php(361): CodeIgniter\CodeIgniter->handleRequest(null, Object(Config\Cache), false)
 9 FCPATH\index.php(79): CodeIgniter\CodeIgniter->run()
CRITICAL - 2024-03-14 11:43:14 --> ErrorException: Undefined property: stdClass::$projectName
in APPPATH\Views\Admin\addTask.php on line 164.
 1 APPPATH\Views\Admin\addTask.php(164): CodeIgniter\Debug\Exceptions->errorHandler(8, 'Undefined property: stdClass::$projectName', 'E:\\xampp\\htdocs\\miTech\\app\\Views\\Admin\\addTask.php', 164, [...])
 2 SYSTEMPATH\View\View.php(228): include('E:\\xampp\\htdocs\\miTech\\app\\Views\\Admin\\addTask.php')
 3 SYSTEMPATH\View\View.php(231): CodeIgniter\View\View->CodeIgniter\View\{closure}()
 4 SYSTEMPATH\Common.php(1178): CodeIgniter\View\View->render('Admin/addTask', [], true)
 5 APPPATH\Controllers\AdminController.php(187): view('Admin/addTask', [...])
 6 SYSTEMPATH\CodeIgniter.php(941): App\Controllers\AdminController->addTask()
 7 SYSTEMPATH\CodeIgniter.php(502): CodeIgniter\CodeIgniter->runController(Object(App\Controllers\AdminController))
 8 SYSTEMPATH\CodeIgniter.php(361): CodeIgniter\CodeIgniter->handleRequest(null, Object(Config\Cache), false)
 9 FCPATH\index.php(79): CodeIgniter\CodeIgniter->run()
CRITICAL - 2024-03-14 11:44:29 --> ErrorException: Undefined property: stdClass::$Client_email
in APPPATH\Views\Admin\addTask.php on line 166.
 1 APPPATH\Views\Admin\addTask.php(166): CodeIgniter\Debug\Exceptions->errorHandler(8, 'Undefined property: stdClass::$Client_email', 'E:\\xampp\\htdocs\\miTech\\app\\Views\\Admin\\addTask.php', 166, [...])
 2 SYSTEMPATH\View\View.php(228): include('E:\\xampp\\htdocs\\miTech\\app\\Views\\Admin\\addTask.php')
 3 SYSTEMPATH\View\View.php(231): CodeIgniter\View\View->CodeIgniter\View\{closure}()
 4 SYSTEMPATH\Common.php(1178): CodeIgniter\View\View->render('Admin/addTask', [], true)
 5 APPPATH\Controllers\AdminController.php(187): view('Admin/addTask', [...])
 6 SYSTEMPATH\CodeIgniter.php(941): App\Controllers\AdminController->addTask()
 7 SYSTEMPATH\CodeIgniter.php(502): CodeIgniter\CodeIgniter->runController(Object(App\Controllers\AdminController))
 8 SYSTEMPATH\CodeIgniter.php(361): CodeIgniter\CodeIgniter->handleRequest(null, Object(Config\Cache), false)
 9 FCPATH\index.php(79): CodeIgniter\CodeIgniter->run()
INFO - 2024-03-14 11:49:47 --> Session: Class initialized using 'CodeIgniter\Session\Handlers\FileHandler' driver.
INFO - 2024-03-14 11:59:22 --> Session: Class initialized using 'CodeIgniter\Session\Handlers\FileHandler' driver.
CRITICAL - 2024-03-14 12:30:36 --> ErrorException: Undefined variable: project_id
in APPPATH\Views\Admin\addTask.php on line 158.
 1 APPPATH\Views\Admin\addTask.php(158): CodeIgniter\Debug\Exceptions->errorHandler(8, 'Undefined variable: project_id', 'E:\\xampp\\htdocs\\miTech\\app\\Views\\Admin\\addTask.php', 158, [...])
 2 SYSTEMPATH\View\View.php(228): include('E:\\xampp\\htdocs\\miTech\\app\\Views\\Admin\\addTask.php')
 3 SYSTEMPATH\View\View.php(231): CodeIgniter\View\View->CodeIgniter\View\{closure}()
 4 SYSTEMPATH\Common.php(1178): CodeIgniter\View\View->render('Admin/addTask', [], true)
 5 APPPATH\Controllers\AdminController.php(187): view('Admin/addTask', [...])
 6 SYSTEMPATH\CodeIgniter.php(941): App\Controllers\AdminController->addTask()
 7 SYSTEMPATH\CodeIgniter.php(502): CodeIgniter\CodeIgniter->runController(Object(App\Controllers\AdminController))
 8 SYSTEMPATH\CodeIgniter.php(361): CodeIgniter\CodeIgniter->handleRequest(null, Object(Config\Cache), false)
 9 FCPATH\index.php(79): CodeIgniter\CodeIgniter->run()
ERROR - 2024-03-14 12:31:57 --> mysqli_sql_exception: Unknown column 'mainTask_id' in 'where clause' in E:\xampp\htdocs\miTech\system\Database\MySQLi\Connection.php:306
Stack trace:
#0 E:\xampp\htdocs\miTech\system\Database\MySQLi\Connection.php(306): mysqli->query('SELECT *\nFROM `...', 0)
#1 E:\xampp\htdocs\miTech\system\Database\BaseConnection.php(693): CodeIgniter\Database\MySQLi\Connection->execute('SELECT *\nFROM `...')
#2 E:\xampp\htdocs\miTech\system\Database\BaseConnection.php(607): CodeIgniter\Database\BaseConnection->simpleQuery('SELECT *\nFROM `...')
#3 E:\xampp\htdocs\miTech\system\Database\BaseBuilder.php(1616): CodeIgniter\Database\BaseConnection->query('SELECT *\nFROM `...', Array, false)
#4 E:\xampp\htdocs\miTech\app\Models\Adminmodel.php(36): CodeIgniter\Database\BaseBuilder->get()
#5 E:\xampp\htdocs\miTech\app\Views\Admin\addTask.php(161): App\Models\Adminmodel->get_single_data('tbl_mainTaskMas...', Array)
#6 E:\xampp\htdocs\miTech\system\View\View.php(228): include('E:\\xampp\\htdocs...')
#7 E:\xampp\htdocs\miTech\system\View\View.php(231): CodeIgniter\View\View->CodeIgniter\View\{closure}()
#8 E:\xampp\htdocs\miTech\system\Common.php(1178): CodeIgniter\View\View->render('Admin/addTask', Array, true)
#9 E:\xampp\htdocs\miTech\app\Controllers\AdminController.php(187): view('Admin/addTask', Array)
#10 E:\xampp\htdocs\miTech\system\CodeIgniter.php(941): App\Controllers\AdminController->addTask()
#11 E:\xampp\htdocs\miTech\system\CodeIgniter.php(502): CodeIgniter\CodeIgniter->runController(Object(App\Controllers\AdminController))
#12 E:\xampp\htdocs\miTech\system\CodeIgniter.php(361): CodeIgniter\CodeIgniter->handleRequest(NULL, Object(Config\Cache), false)
#13 E:\xampp\htdocs\miTech\index.php(79): CodeIgniter\CodeIgniter->run()
#14 {main}
CRITICAL - 2024-03-14 12:31:57 --> CodeIgniter\Database\Exceptions\DatabaseException: Unknown column 'mainTask_id' in 'where clause'
in SYSTEMPATH\Database\BaseConnection.php on line 647.
 1 SYSTEMPATH\Database\BaseBuilder.php(1616): CodeIgniter\Database\BaseConnection->query('SELECT *
FROM `tbl_mainTaskMaster`
WHERE `mainTask_id` = :mainTask_id:', [...], false)
 2 APPPATH\Models\Adminmodel.php(36): CodeIgniter\Database\BaseBuilder->get()
 3 APPPATH\Views\Admin\addTask.php(161): App\Models\Adminmodel->get_single_data('tbl_mainTaskMaster', [...])
 4 SYSTEMPATH\View\View.php(228): include('E:\\xampp\\htdocs\\miTech\\app\\Views\\Admin\\addTask.php')
 5 SYSTEMPATH\View\View.php(231): CodeIgniter\View\View->CodeIgniter\View\{closure}()
 6 SYSTEMPATH\Common.php(1178): CodeIgniter\View\View->render('Admin/addTask', [], true)
 7 APPPATH\Controllers\AdminController.php(187): view('Admin/addTask', [...])
 8 SYSTEMPATH\CodeIgniter.php(941): App\Controllers\AdminController->addTask()
 9 SYSTEMPATH\CodeIgniter.php(502): CodeIgniter\CodeIgniter->runController(Object(App\Controllers\AdminController))
10 SYSTEMPATH\CodeIgniter.php(361): CodeIgniter\CodeIgniter->handleRequest(null, Object(Config\Cache), false)
11 FCPATH\index.php(79): CodeIgniter\CodeIgniter->run()
CRITICAL - 2024-03-14 12:31:57 --> [Caused by] CodeIgniter\Database\Exceptions\DatabaseException: Unknown column 'mainTask_id' in 'where clause'
in SYSTEMPATH\Database\MySQLi\Connection.php on line 311.
 1 SYSTEMPATH\Database\BaseConnection.php(693): CodeIgniter\Database\MySQLi\Connection->execute('SELECT *
FROM `tbl_mainTaskMaster`
WHERE `mainTask_id` = \'8\'')
 2 SYSTEMPATH\Database\BaseConnection.php(607): CodeIgniter\Database\BaseConnection->simpleQuery('SELECT *
FROM `tbl_mainTaskMaster`
WHERE `mainTask_id` = \'8\'')
 3 SYSTEMPATH\Database\BaseBuilder.php(1616): CodeIgniter\Database\BaseConnection->query('SELECT *
FROM `tbl_mainTaskMaster`
WHERE `mainTask_id` = :mainTask_id:', [...], false)
 4 APPPATH\Models\Adminmodel.php(36): CodeIgniter\Database\BaseBuilder->get()
 5 APPPATH\Views\Admin\addTask.php(161): App\Models\Adminmodel->get_single_data('tbl_mainTaskMaster', [...])
 6 SYSTEMPATH\View\View.php(228): include('E:\\xampp\\htdocs\\miTech\\app\\Views\\Admin\\addTask.php')
 7 SYSTEMPATH\View\View.php(231): CodeIgniter\View\View->CodeIgniter\View\{closure}()
 8 SYSTEMPATH\Common.php(1178): CodeIgniter\View\View->render('Admin/addTask', [], true)
 9 APPPATH\Controllers\AdminController.php(187): view('Admin/addTask', [...])
10 SYSTEMPATH\CodeIgniter.php(941): App\Controllers\AdminController->addTask()
11 SYSTEMPATH\CodeIgniter.php(502): CodeIgniter\CodeIgniter->runController(Object(App\Controllers\AdminController))
12 SYSTEMPATH\CodeIgniter.php(361): CodeIgniter\CodeIgniter->handleRequest(null, Object(Config\Cache), false)
13 FCPATH\index.php(79): CodeIgniter\CodeIgniter->run()
CRITICAL - 2024-03-14 12:31:57 --> [Caused by] mysqli_sql_exception: Unknown column 'mainTask_id' in 'where clause'
in SYSTEMPATH\Database\MySQLi\Connection.php on line 306.
 1 SYSTEMPATH\Database\MySQLi\Connection.php(306): mysqli->query('SELECT *
FROM `tbl_mainTaskMaster`
WHERE `mainTask_id` = \'8\'', 0)
 2 SYSTEMPATH\Database\BaseConnection.php(693): CodeIgniter\Database\MySQLi\Connection->execute('SELECT *
FROM `tbl_mainTaskMaster`
WHERE `mainTask_id` = \'8\'')
 3 SYSTEMPATH\Database\BaseConnection.php(607): CodeIgniter\Database\BaseConnection->simpleQuery('SELECT *
FROM `tbl_mainTaskMaster`
WHERE `mainTask_id` = \'8\'')
 4 SYSTEMPATH\Database\BaseBuilder.php(1616): CodeIgniter\Database\BaseConnection->query('SELECT *
FROM `tbl_mainTaskMaster`
WHERE `mainTask_id` = :mainTask_id:', [...], false)
 5 APPPATH\Models\Adminmodel.php(36): CodeIgniter\Database\BaseBuilder->get()
 6 APPPATH\Views\Admin\addTask.php(161): App\Models\Adminmodel->get_single_data('tbl_mainTaskMaster', [...])
 7 SYSTEMPATH\View\View.php(228): include('E:\\xampp\\htdocs\\miTech\\app\\Views\\Admin\\addTask.php')
 8 SYSTEMPATH\View\View.php(231): CodeIgniter\View\View->CodeIgniter\View\{closure}()
 9 SYSTEMPATH\Common.php(1178): CodeIgniter\View\View->render('Admin/addTask', [], true)
10 APPPATH\Controllers\AdminController.php(187): view('Admin/addTask', [...])
11 SYSTEMPATH\CodeIgniter.php(941): App\Controllers\AdminController->addTask()
12 SYSTEMPATH\CodeIgniter.php(502): CodeIgniter\CodeIgniter->runController(Object(App\Controllers\AdminController))
13 SYSTEMPATH\CodeIgniter.php(361): CodeIgniter\CodeIgniter->handleRequest(null, Object(Config\Cache), false)
14 FCPATH\index.php(79): CodeIgniter\CodeIgniter->run()
ERROR - 2024-03-14 12:33:20 --> mysqli_sql_exception: Unknown column 'mainTask_id' in 'where clause' in E:\xampp\htdocs\miTech\system\Database\MySQLi\Connection.php:306
Stack trace:
#0 E:\xampp\htdocs\miTech\system\Database\MySQLi\Connection.php(306): mysqli->query('SELECT *\nFROM `...', 0)
#1 E:\xampp\htdocs\miTech\system\Database\BaseConnection.php(693): CodeIgniter\Database\MySQLi\Connection->execute('SELECT *\nFROM `...')
#2 E:\xampp\htdocs\miTech\system\Database\BaseConnection.php(607): CodeIgniter\Database\BaseConnection->simpleQuery('SELECT *\nFROM `...')
#3 E:\xampp\htdocs\miTech\system\Database\BaseBuilder.php(1616): CodeIgniter\Database\BaseConnection->query('SELECT *\nFROM `...', Array, false)
#4 E:\xampp\htdocs\miTech\app\Models\Adminmodel.php(36): CodeIgniter\Database\BaseBuilder->get()
#5 E:\xampp\htdocs\miTech\app\Views\Admin\addTask.php(161): App\Models\Adminmodel->get_single_data('tbl_mainTaskMas...', Array)
#6 E:\xampp\htdocs\miTech\system\View\View.php(228): include('E:\\xampp\\htdocs...')
#7 E:\xampp\htdocs\miTech\system\View\View.php(231): CodeIgniter\View\View->CodeIgniter\View\{closure}()
#8 E:\xampp\htdocs\miTech\system\Common.php(1178): CodeIgniter\View\View->render('Admin/addTask', Array, true)
#9 E:\xampp\htdocs\miTech\app\Controllers\AdminController.php(187): view('Admin/addTask', Array)
#10 E:\xampp\htdocs\miTech\system\CodeIgniter.php(941): App\Controllers\AdminController->addTask()
#11 E:\xampp\htdocs\miTech\system\CodeIgniter.php(502): CodeIgniter\CodeIgniter->runController(Object(App\Controllers\AdminController))
#12 E:\xampp\htdocs\miTech\system\CodeIgniter.php(361): CodeIgniter\CodeIgniter->handleRequest(NULL, Object(Config\Cache), false)
#13 E:\xampp\htdocs\miTech\index.php(79): CodeIgniter\CodeIgniter->run()
#14 {main}
CRITICAL - 2024-03-14 12:33:20 --> CodeIgniter\Database\Exceptions\DatabaseException: Unknown column 'mainTask_id' in 'where clause'
in SYSTEMPATH\Database\BaseConnection.php on line 647.
 1 SYSTEMPATH\Database\BaseBuilder.php(1616): CodeIgniter\Database\BaseConnection->query('SELECT *
FROM `tbl_mainTaskMaster`
WHERE `mainTask_id` = :mainTask_id:', [...], false)
 2 APPPATH\Models\Adminmodel.php(36): CodeIgniter\Database\BaseBuilder->get()
 3 APPPATH\Views\Admin\addTask.php(161): App\Models\Adminmodel->get_single_data('tbl_mainTaskMaster', [...])
 4 SYSTEMPATH\View\View.php(228): include('E:\\xampp\\htdocs\\miTech\\app\\Views\\Admin\\addTask.php')
 5 SYSTEMPATH\View\View.php(231): CodeIgniter\View\View->CodeIgniter\View\{closure}()
 6 SYSTEMPATH\Common.php(1178): CodeIgniter\View\View->render('Admin/addTask', [], true)
 7 APPPATH\Controllers\AdminController.php(187): view('Admin/addTask', [...])
 8 SYSTEMPATH\CodeIgniter.php(941): App\Controllers\AdminController->addTask()
 9 SYSTEMPATH\CodeIgniter.php(502): CodeIgniter\CodeIgniter->runController(Object(App\Controllers\AdminController))
10 SYSTEMPATH\CodeIgniter.php(361): CodeIgniter\CodeIgniter->handleRequest(null, Object(Config\Cache), false)
11 FCPATH\index.php(79): CodeIgniter\CodeIgniter->run()
CRITICAL - 2024-03-14 12:33:20 --> [Caused by] CodeIgniter\Database\Exceptions\DatabaseException: Unknown column 'mainTask_id' in 'where clause'
in SYSTEMPATH\Database\MySQLi\Connection.php on line 311.
 1 SYSTEMPATH\Database\BaseConnection.php(693): CodeIgniter\Database\MySQLi\Connection->execute('SELECT *
FROM `tbl_mainTaskMaster`
WHERE `mainTask_id` = \'8\'')
 2 SYSTEMPATH\Database\BaseConnection.php(607): CodeIgniter\Database\BaseConnection->simpleQuery('SELECT *
FROM `tbl_mainTaskMaster`
WHERE `mainTask_id` = \'8\'')
 3 SYSTEMPATH\Database\BaseBuilder.php(1616): CodeIgniter\Database\BaseConnection->query('SELECT *
FROM `tbl_mainTaskMaster`
WHERE `mainTask_id` = :mainTask_id:', [...], false)
 4 APPPATH\Models\Adminmodel.php(36): CodeIgniter\Database\BaseBuilder->get()
 5 APPPATH\Views\Admin\addTask.php(161): App\Models\Adminmodel->get_single_data('tbl_mainTaskMaster', [...])
 6 SYSTEMPATH\View\View.php(228): include('E:\\xampp\\htdocs\\miTech\\app\\Views\\Admin\\addTask.php')
 7 SYSTEMPATH\View\View.php(231): CodeIgniter\View\View->CodeIgniter\View\{closure}()
 8 SYSTEMPATH\Common.php(1178): CodeIgniter\View\View->render('Admin/addTask', [], true)
 9 APPPATH\Controllers\AdminController.php(187): view('Admin/addTask', [...])
10 SYSTEMPATH\CodeIgniter.php(941): App\Controllers\AdminController->addTask()
11 SYSTEMPATH\CodeIgniter.php(502): CodeIgniter\CodeIgniter->runController(Object(App\Controllers\AdminController))
12 SYSTEMPATH\CodeIgniter.php(361): CodeIgniter\CodeIgniter->handleRequest(null, Object(Config\Cache), false)
13 FCPATH\index.php(79): CodeIgniter\CodeIgniter->run()
CRITICAL - 2024-03-14 12:33:20 --> [Caused by] mysqli_sql_exception: Unknown column 'mainTask_id' in 'where clause'
in SYSTEMPATH\Database\MySQLi\Connection.php on line 306.
 1 SYSTEMPATH\Database\MySQLi\Connection.php(306): mysqli->query('SELECT *
FROM `tbl_mainTaskMaster`
WHERE `mainTask_id` = \'8\'', 0)
 2 SYSTEMPATH\Database\BaseConnection.php(693): CodeIgniter\Database\MySQLi\Connection->execute('SELECT *
FROM `tbl_mainTaskMaster`
WHERE `mainTask_id` = \'8\'')
 3 SYSTEMPATH\Database\BaseConnection.php(607): CodeIgniter\Database\BaseConnection->simpleQuery('SELECT *
FROM `tbl_mainTaskMaster`
WHERE `mainTask_id` = \'8\'')
 4 SYSTEMPATH\Database\BaseBuilder.php(1616): CodeIgniter\Database\BaseConnection->query('SELECT *
FROM `tbl_mainTaskMaster`
WHERE `mainTask_id` = :mainTask_id:', [...], false)
 5 APPPATH\Models\Adminmodel.php(36): CodeIgniter\Database\BaseBuilder->get()
 6 APPPATH\Views\Admin\addTask.php(161): App\Models\Adminmodel->get_single_data('tbl_mainTaskMaster', [...])
 7 SYSTEMPATH\View\View.php(228): include('E:\\xampp\\htdocs\\miTech\\app\\Views\\Admin\\addTask.php')
 8 SYSTEMPATH\View\View.php(231): CodeIgniter\View\View->CodeIgniter\View\{closure}()
 9 SYSTEMPATH\Common.php(1178): CodeIgniter\View\View->render('Admin/addTask', [], true)
10 APPPATH\Controllers\AdminController.php(187): view('Admin/addTask', [...])
11 SYSTEMPATH\CodeIgniter.php(941): App\Controllers\AdminController->addTask()
12 SYSTEMPATH\CodeIgniter.php(502): CodeIgniter\CodeIgniter->runController(Object(App\Controllers\AdminController))
13 SYSTEMPATH\CodeIgniter.php(361): CodeIgniter\CodeIgniter->handleRequest(null, Object(Config\Cache), false)
14 FCPATH\index.php(79): CodeIgniter\CodeIgniter->run()
CRITICAL - 2024-03-14 12:34:38 --> ErrorException: Undefined property: stdClass::$project_name
in APPPATH\Views\Admin\addTask.php on line 163.
 1 APPPATH\Views\Admin\addTask.php(163): CodeIgniter\Debug\Exceptions->errorHandler(8, 'Undefined property: stdClass::$project_name', 'E:\\xampp\\htdocs\\miTech\\app\\Views\\Admin\\addTask.php', 163, [...])
 2 SYSTEMPATH\View\View.php(228): include('E:\\xampp\\htdocs\\miTech\\app\\Views\\Admin\\addTask.php')
 3 SYSTEMPATH\View\View.php(231): CodeIgniter\View\View->CodeIgniter\View\{closure}()
 4 SYSTEMPATH\Common.php(1178): CodeIgniter\View\View->render('Admin/addTask', [], true)
 5 APPPATH\Controllers\AdminController.php(187): view('Admin/addTask', [...])
 6 SYSTEMPATH\CodeIgniter.php(941): App\Controllers\AdminController->addTask()
 7 SYSTEMPATH\CodeIgniter.php(502): CodeIgniter\CodeIgniter->runController(Object(App\Controllers\AdminController))
 8 SYSTEMPATH\CodeIgniter.php(361): CodeIgniter\CodeIgniter->handleRequest(null, Object(Config\Cache), false)
 9 FCPATH\index.php(79): CodeIgniter\CodeIgniter->run()
CRITICAL - 2024-03-14 12:35:19 --> Error: Object of class stdClass could not be converted to string
in APPPATH\Views\Admin\addTask.php on line 163.
 1 SYSTEMPATH\View\View.php(228): include()
 2 SYSTEMPATH\View\View.php(231): CodeIgniter\View\View->CodeIgniter\View\{closure}()
 3 SYSTEMPATH\Common.php(1178): CodeIgniter\View\View->render('Admin/addTask', [], true)
 4 APPPATH\Controllers\AdminController.php(187): view('Admin/addTask', [...])
 5 SYSTEMPATH\CodeIgniter.php(941): App\Controllers\AdminController->addTask()
 6 SYSTEMPATH\CodeIgniter.php(502): CodeIgniter\CodeIgniter->runController(Object(App\Controllers\AdminController))
 7 SYSTEMPATH\CodeIgniter.php(361): CodeIgniter\CodeIgniter->handleRequest(null, Object(Config\Cache), false)
 8 FCPATH\index.php(79): CodeIgniter\CodeIgniter->run()
CRITICAL - 2024-03-14 12:40:19 --> ErrorException: Undefined property: stdClass::$project_name
in APPPATH\Views\Admin\addTask.php on line 164.
 1 APPPATH\Views\Admin\addTask.php(164): CodeIgniter\Debug\Exceptions->errorHandler(8, 'Undefined property: stdClass::$project_name', 'E:\\xampp\\htdocs\\miTech\\app\\Views\\Admin\\addTask.php', 164, [...])
 2 SYSTEMPATH\View\View.php(228): include('E:\\xampp\\htdocs\\miTech\\app\\Views\\Admin\\addTask.php')
 3 SYSTEMPATH\View\View.php(231): CodeIgniter\View\View->CodeIgniter\View\{closure}()
 4 SYSTEMPATH\Common.php(1178): CodeIgniter\View\View->render('Admin/addTask', [], true)
 5 APPPATH\Controllers\AdminController.php(187): view('Admin/addTask', [...])
 6 SYSTEMPATH\CodeIgniter.php(941): App\Controllers\AdminController->addTask()
 7 SYSTEMPATH\CodeIgniter.php(502): CodeIgniter\CodeIgniter->runController(Object(App\Controllers\AdminController))
 8 SYSTEMPATH\CodeIgniter.php(361): CodeIgniter\CodeIgniter->handleRequest(null, Object(Config\Cache), false)
 9 FCPATH\index.php(79): CodeIgniter\CodeIgniter->run()
CRITICAL - 2024-03-14 12:41:03 --> ErrorException: Undefined property: stdClass::$mainTask_name
in APPPATH\Views\Admin\addTask.php on line 165.
 1 APPPATH\Views\Admin\addTask.php(165): CodeIgniter\Debug\Exceptions->errorHandler(8, 'Undefined property: stdClass::$mainTask_name', 'E:\\xampp\\htdocs\\miTech\\app\\Views\\Admin\\addTask.php', 165, [...])
 2 SYSTEMPATH\View\View.php(228): include('E:\\xampp\\htdocs\\miTech\\app\\Views\\Admin\\addTask.php')
 3 SYSTEMPATH\View\View.php(231): CodeIgniter\View\View->CodeIgniter\View\{closure}()
 4 SYSTEMPATH\Common.php(1178): CodeIgniter\View\View->render('Admin/addTask', [], true)
 5 APPPATH\Controllers\AdminController.php(187): view('Admin/addTask', [...])
 6 SYSTEMPATH\CodeIgniter.php(941): App\Controllers\AdminController->addTask()
 7 SYSTEMPATH\CodeIgniter.php(502): CodeIgniter\CodeIgniter->runController(Object(App\Controllers\AdminController))
 8 SYSTEMPATH\CodeIgniter.php(361): CodeIgniter\CodeIgniter->handleRequest(null, Object(Config\Cache), false)
 9 FCPATH\index.php(79): CodeIgniter\CodeIgniter->run()
INFO - 2024-03-14 12:50:29 --> Session: Class initialized using 'CodeIgniter\Session\Handlers\FileHandler' driver.
CRITICAL - 2024-03-14 12:50:40 --> ParseError: syntax error, unexpected '}', expecting end of file
in APPPATH\Views\Admin\addTask.php on line 183.
 1 SYSTEMPATH\View\View.php(231): CodeIgniter\View\View->CodeIgniter\View\{closure}()
 2 SYSTEMPATH\Common.php(1178): CodeIgniter\View\View->render('Admin/addTask', [], true)
 3 APPPATH\Controllers\AdminController.php(187): view('Admin/addTask', [...])
 4 SYSTEMPATH\CodeIgniter.php(941): App\Controllers\AdminController->addTask()
 5 SYSTEMPATH\CodeIgniter.php(502): CodeIgniter\CodeIgniter->runController(Object(App\Controllers\AdminController))
 6 SYSTEMPATH\CodeIgniter.php(361): CodeIgniter\CodeIgniter->handleRequest(null, Object(Config\Cache), false)
 7 FCPATH\index.php(79): CodeIgniter\CodeIgniter->run()
ERROR - 2024-03-14 12:51:10 --> mysqli_sql_exception: Unknown column 'mainTask_id' in 'where clause' in E:\xampp\htdocs\miTech\system\Database\MySQLi\Connection.php:306
Stack trace:
#0 E:\xampp\htdocs\miTech\system\Database\MySQLi\Connection.php(306): mysqli->query('SELECT *\nFROM `...', 0)
#1 E:\xampp\htdocs\miTech\system\Database\BaseConnection.php(693): CodeIgniter\Database\MySQLi\Connection->execute('SELECT *\nFROM `...')
#2 E:\xampp\htdocs\miTech\system\Database\BaseConnection.php(607): CodeIgniter\Database\BaseConnection->simpleQuery('SELECT *\nFROM `...')
#3 E:\xampp\htdocs\miTech\system\Database\BaseBuilder.php(1616): CodeIgniter\Database\BaseConnection->query('SELECT *\nFROM `...', Array, false)
#4 E:\xampp\htdocs\miTech\app\Models\Adminmodel.php(36): CodeIgniter\Database\BaseBuilder->get()
#5 E:\xampp\htdocs\miTech\app\Views\Admin\addTask.php(162): App\Models\Adminmodel->get_single_data('tbl_mainTaskMas...', Array)
#6 E:\xampp\htdocs\miTech\system\View\View.php(228): include('E:\\xampp\\htdocs...')
#7 E:\xampp\htdocs\miTech\system\View\View.php(231): CodeIgniter\View\View->CodeIgniter\View\{closure}()
#8 E:\xampp\htdocs\miTech\system\Common.php(1178): CodeIgniter\View\View->render('Admin/addTask', Array, true)
#9 E:\xampp\htdocs\miTech\app\Controllers\AdminController.php(187): view('Admin/addTask', Array)
#10 E:\xampp\htdocs\miTech\system\CodeIgniter.php(941): App\Controllers\AdminController->addTask()
#11 E:\xampp\htdocs\miTech\system\CodeIgniter.php(502): CodeIgniter\CodeIgniter->runController(Object(App\Controllers\AdminController))
#12 E:\xampp\htdocs\miTech\system\CodeIgniter.php(361): CodeIgniter\CodeIgniter->handleRequest(NULL, Object(Config\Cache), false)
#13 E:\xampp\htdocs\miTech\index.php(79): CodeIgniter\CodeIgniter->run()
#14 {main}
CRITICAL - 2024-03-14 12:51:10 --> CodeIgniter\Database\Exceptions\DatabaseException: Unknown column 'mainTask_id' in 'where clause'
in SYSTEMPATH\Database\BaseConnection.php on line 647.
 1 SYSTEMPATH\Database\BaseBuilder.php(1616): CodeIgniter\Database\BaseConnection->query('SELECT *
FROM `tbl_mainTaskMaster`
WHERE `mainTask_id` = :mainTask_id:', [...], false)
 2 APPPATH\Models\Adminmodel.php(36): CodeIgniter\Database\BaseBuilder->get()
 3 APPPATH\Views\Admin\addTask.php(162): App\Models\Adminmodel->get_single_data('tbl_mainTaskMaster', [...])
 4 SYSTEMPATH\View\View.php(228): include('E:\\xampp\\htdocs\\miTech\\app\\Views\\Admin\\addTask.php')
 5 SYSTEMPATH\View\View.php(231): CodeIgniter\View\View->CodeIgniter\View\{closure}()
 6 SYSTEMPATH\Common.php(1178): CodeIgniter\View\View->render('Admin/addTask', [], true)
 7 APPPATH\Controllers\AdminController.php(187): view('Admin/addTask', [...])
 8 SYSTEMPATH\CodeIgniter.php(941): App\Controllers\AdminController->addTask()
 9 SYSTEMPATH\CodeIgniter.php(502): CodeIgniter\CodeIgniter->runController(Object(App\Controllers\AdminController))
10 SYSTEMPATH\CodeIgniter.php(361): CodeIgniter\CodeIgniter->handleRequest(null, Object(Config\Cache), false)
11 FCPATH\index.php(79): CodeIgniter\CodeIgniter->run()
CRITICAL - 2024-03-14 12:51:10 --> [Caused by] CodeIgniter\Database\Exceptions\DatabaseException: Unknown column 'mainTask_id' in 'where clause'
in SYSTEMPATH\Database\MySQLi\Connection.php on line 311.
 1 SYSTEMPATH\Database\BaseConnection.php(693): CodeIgniter\Database\MySQLi\Connection->execute('SELECT *
FROM `tbl_mainTaskMaster`
WHERE `mainTask_id` = \'8\'')
 2 SYSTEMPATH\Database\BaseConnection.php(607): CodeIgniter\Database\BaseConnection->simpleQuery('SELECT *
FROM `tbl_mainTaskMaster`
WHERE `mainTask_id` = \'8\'')
 3 SYSTEMPATH\Database\BaseBuilder.php(1616): CodeIgniter\Database\BaseConnection->query('SELECT *
FROM `tbl_mainTaskMaster`
WHERE `mainTask_id` = :mainTask_id:', [...], false)
 4 APPPATH\Models\Adminmodel.php(36): CodeIgniter\Database\BaseBuilder->get()
 5 APPPATH\Views\Admin\addTask.php(162): App\Models\Adminmodel->get_single_data('tbl_mainTaskMaster', [...])
 6 SYSTEMPATH\View\View.php(228): include('E:\\xampp\\htdocs\\miTech\\app\\Views\\Admin\\addTask.php')
 7 SYSTEMPATH\View\View.php(231): CodeIgniter\View\View->CodeIgniter\View\{closure}()
 8 SYSTEMPATH\Common.php(1178): CodeIgniter\View\View->render('Admin/addTask', [], true)
 9 APPPATH\Controllers\AdminController.php(187): view('Admin/addTask', [...])
10 SYSTEMPATH\CodeIgniter.php(941): App\Controllers\AdminController->addTask()
11 SYSTEMPATH\CodeIgniter.php(502): CodeIgniter\CodeIgniter->runController(Object(App\Controllers\AdminController))
12 SYSTEMPATH\CodeIgniter.php(361): CodeIgniter\CodeIgniter->handleRequest(null, Object(Config\Cache), false)
13 FCPATH\index.php(79): CodeIgniter\CodeIgniter->run()
CRITICAL - 2024-03-14 12:51:10 --> [Caused by] mysqli_sql_exception: Unknown column 'mainTask_id' in 'where clause'
in SYSTEMPATH\Database\MySQLi\Connection.php on line 306.
 1 SYSTEMPATH\Database\MySQLi\Connection.php(306): mysqli->query('SELECT *
FROM `tbl_mainTaskMaster`
WHERE `mainTask_id` = \'8\'', 0)
 2 SYSTEMPATH\Database\BaseConnection.php(693): CodeIgniter\Database\MySQLi\Connection->execute('SELECT *
FROM `tbl_mainTaskMaster`
WHERE `mainTask_id` = \'8\'')
 3 SYSTEMPATH\Database\BaseConnection.php(607): CodeIgniter\Database\BaseConnection->simpleQuery('SELECT *
FROM `tbl_mainTaskMaster`
WHERE `mainTask_id` = \'8\'')
 4 SYSTEMPATH\Database\BaseBuilder.php(1616): CodeIgniter\Database\BaseConnection->query('SELECT *
FROM `tbl_mainTaskMaster`
WHERE `mainTask_id` = :mainTask_id:', [...], false)
 5 APPPATH\Models\Adminmodel.php(36): CodeIgniter\Database\BaseBuilder->get()
 6 APPPATH\Views\Admin\addTask.php(162): App\Models\Adminmodel->get_single_data('tbl_mainTaskMaster', [...])
 7 SYSTEMPATH\View\View.php(228): include('E:\\xampp\\htdocs\\miTech\\app\\Views\\Admin\\addTask.php')
 8 SYSTEMPATH\View\View.php(231): CodeIgniter\View\View->CodeIgniter\View\{closure}()
 9 SYSTEMPATH\Common.php(1178): CodeIgniter\View\View->render('Admin/addTask', [], true)
10 APPPATH\Controllers\AdminController.php(187): view('Admin/addTask', [...])
11 SYSTEMPATH\CodeIgniter.php(941): App\Controllers\AdminController->addTask()
12 SYSTEMPATH\CodeIgniter.php(502): CodeIgniter\CodeIgniter->runController(Object(App\Controllers\AdminController))
13 SYSTEMPATH\CodeIgniter.php(361): CodeIgniter\CodeIgniter->handleRequest(null, Object(Config\Cache), false)
14 FCPATH\index.php(79): CodeIgniter\CodeIgniter->run()
INFO - 2024-03-14 16:16:20 --> Session: Class initialized using 'CodeIgniter\Session\Handlers\FileHandler' driver.
INFO - 2024-03-14 16:16:37 --> Session: Class initialized using 'CodeIgniter\Session\Handlers\FileHandler' driver.
INFO - 2024-03-14 16:16:47 --> Session: Class initialized using 'CodeIgniter\Session\Handlers\FileHandler' driver.
INFO - 2024-03-14 17:01:04 --> Session: Class initialized using 'CodeIgniter\Session\Handlers\FileHandler' driver.
INFO - 2024-03-14 17:01:47 --> Session: Class initialized using 'CodeIgniter\Session\Handlers\FileHandler' driver.
INFO - 2024-03-14 17:01:48 --> Session: Class initialized using 'CodeIgniter\Session\Handlers\FileHandler' driver.
INFO - 2024-03-14 17:02:12 --> Session: Class initialized using 'CodeIgniter\Session\Handlers\FileHandler' driver.
INFO - 2024-03-14 17:02:12 --> Session: Class initialized using 'CodeIgniter\Session\Handlers\FileHandler' driver.
INFO - 2024-03-14 17:03:02 --> Session: Class initialized using 'CodeIgniter\Session\Handlers\FileHandler' driver.
INFO - 2024-03-14 17:03:02 --> Session: Class initialized using 'CodeIgniter\Session\Handlers\FileHandler' driver.
INFO - 2024-03-14 17:04:09 --> Session: Class initialized using 'CodeIgniter\Session\Handlers\FileHandler' driver.
INFO - 2024-03-14 17:04:09 --> Session: Class initialized using 'CodeIgniter\Session\Handlers\FileHandler' driver.
INFO - 2024-03-14 17:04:56 --> Session: Class initialized using 'CodeIgniter\Session\Handlers\FileHandler' driver.
INFO - 2024-03-14 17:04:57 --> Session: Class initialized using 'CodeIgniter\Session\Handlers\FileHandler' driver.
